<?xml version="1.0" encoding="UTF-8"?>
<coverage generated="1747204490127" clover="3.2.0">
  <project timestamp="1747204490127" name="All files">
    <metrics statements="2496" coveredstatements="838" conditionals="957" coveredconditionals="31" methods="303" coveredmethods="80" elements="3756" coveredelements="949" complexity="0" loc="2496" ncloc="2496" packages="9" files="84" classes="84"/>
    <package name="app">
      <metrics statements="18" coveredstatements="17" conditionals="0" coveredconditionals="0" methods="1" coveredmethods="0"/>
      <file name="index.js" path="D:\Project-HKI\app\index.js">
        <metrics statements="18" coveredstatements="17" conditionals="0" coveredconditionals="0" methods="1" coveredmethods="0"/>
        <line num="1" count="1" type="stmt"/>
        <line num="2" count="1" type="stmt"/>
        <line num="3" count="1" type="stmt"/>
        <line num="4" count="1" type="stmt"/>
        <line num="6" count="1" type="stmt"/>
        <line num="7" count="1" type="stmt"/>
        <line num="8" count="1" type="stmt"/>
        <line num="10" count="1" type="stmt"/>
        <line num="12" count="1" type="stmt"/>
        <line num="13" count="1" type="stmt"/>
        <line num="14" count="1" type="stmt"/>
        <line num="15" count="1" type="stmt"/>
        <line num="17" count="1" type="stmt"/>
        <line num="18" count="1" type="stmt"/>
        <line num="20" count="1" type="stmt"/>
        <line num="21" count="0" type="stmt"/>
        <line num="24" count="1" type="stmt"/>
        <line num="26" count="1" type="stmt"/>
      </file>
    </package>
    <package name="app.controllers">
      <metrics statements="1800" coveredstatements="282" conditionals="855" coveredconditionals="16" methods="183" coveredmethods="3"/>
      <file name="activityLogController.js" path="D:\Project-HKI\app\controllers\activityLogController.js">
        <metrics statements="13" coveredstatements="3" conditionals="6" coveredconditionals="0" methods="1" coveredmethods="0"/>
        <line num="1" count="1" type="stmt"/>
        <line num="3" count="1" type="stmt"/>
        <line num="4" count="0" type="stmt"/>
        <line num="5" count="0" type="cond" truecount="0" falsecount="2"/>
        <line num="6" count="0" type="cond" truecount="0" falsecount="2"/>
        <line num="8" count="0" type="cond" truecount="0" falsecount="2"/>
        <line num="9" count="0" type="stmt"/>
        <line num="13" count="0" type="stmt"/>
        <line num="19" count="0" type="stmt"/>
        <line num="21" count="0" type="stmt"/>
        <line num="28" count="0" type="stmt"/>
        <line num="37" count="0" type="stmt"/>
        <line num="41" count="1" type="stmt"/>
      </file>
      <file name="authController.js" path="D:\Project-HKI\app\controllers\authController.js">
        <metrics statements="119" coveredstatements="45" conditionals="42" coveredconditionals="15" methods="7" coveredmethods="2"/>
        <line num="1" count="1" type="stmt"/>
        <line num="2" count="1" type="stmt"/>
        <line num="3" count="1" type="stmt"/>
        <line num="4" count="1" type="stmt"/>
        <line num="5" count="1" type="stmt"/>
        <line num="7" count="1" type="stmt"/>
        <line num="8" count="1" type="stmt"/>
        <line num="9" count="1" type="stmt"/>
        <line num="10" count="1" type="stmt"/>
        <line num="14" count="1" type="stmt"/>
        <line num="16" count="1" type="stmt"/>
        <line num="25" count="3" type="stmt"/>
        <line num="27" count="3" type="stmt"/>
        <line num="28" count="3" type="stmt"/>
        <line num="29" count="16" type="cond" truecount="3" falsecount="1"/>
        <line num="30" count="16" type="cond" truecount="2" falsecount="0"/>
        <line num="31" count="1" type="stmt"/>
        <line num="35" count="15" type="stmt"/>
        <line num="39" count="2" type="stmt"/>
        <line num="41" count="2" type="cond" truecount="2" falsecount="0"/>
        <line num="42" count="1" type="stmt"/>
        <line num="45" count="1" type="stmt"/>
        <line num="47" count="1" type="stmt"/>
        <line num="51" count="1" type="stmt"/>
        <line num="64" count="1" type="stmt"/>
        <line num="66" count="1" type="stmt"/>
        <line num="72" count="1" type="stmt"/>
        <line num="78" count="0" type="stmt"/>
        <line num="83" count="1" type="stmt"/>
        <line num="84" count="5" type="stmt"/>
        <line num="86" count="5" type="stmt"/>
        <line num="87" count="5" type="stmt"/>
        <line num="89" count="5" type="cond" truecount="2" falsecount="0"/>
        <line num="90" count="1" type="stmt"/>
        <line num="93" count="4" type="stmt"/>
        <line num="95" count="4" type="cond" truecount="2" falsecount="0"/>
        <line num="96" count="3" type="stmt"/>
        <line num="101" count="1" type="cond" truecount="1" falsecount="1"/>
        <line num="102" count="0" type="stmt"/>
        <line num="105" count="1" type="cond" truecount="3" falsecount="1"/>
        <line num="106" count="0" type="stmt"/>
        <line num="112" count="0" type="stmt"/>
        <line num="116" count="0" type="stmt"/>
        <line num="124" count="0" type="stmt"/>
        <line num="126" count="0" type="stmt"/>
        <line num="132" count="1" type="stmt"/>
        <line num="135" count="0" type="stmt"/>
        <line num="139" count="1" type="stmt"/>
        <line num="140" count="0" type="stmt"/>
        <line num="141" count="0" type="stmt"/>
        <line num="143" count="0" type="cond" truecount="0" falsecount="2"/>
        <line num="144" count="0" type="stmt"/>
        <line num="147" count="0" type="stmt"/>
        <line num="149" count="0" type="stmt"/>
        <line num="151" count="0" type="stmt"/>
        <line num="152" count="0" type="stmt"/>
        <line num="154" count="0" type="stmt"/>
        <line num="156" count="0" type="cond" truecount="0" falsecount="2"/>
        <line num="157" count="0" type="stmt"/>
        <line num="168" count="0" type="stmt"/>
        <line num="185" count="0" type="stmt"/>
        <line num="193" count="0" type="stmt"/>
        <line num="198" count="0" type="stmt"/>
        <line num="202" count="1" type="stmt"/>
        <line num="203" count="0" type="stmt"/>
        <line num="205" count="0" type="cond" truecount="0" falsecount="2"/>
        <line num="206" count="0" type="stmt"/>
        <line num="211" count="0" type="stmt"/>
        <line num="212" count="0" type="stmt"/>
        <line num="214" count="0" type="stmt"/>
        <line num="218" count="0" type="cond" truecount="0" falsecount="2"/>
        <line num="219" count="0" type="stmt"/>
        <line num="222" count="0" type="cond" truecount="0" falsecount="2"/>
        <line num="223" count="0" type="stmt"/>
        <line num="228" count="0" type="stmt"/>
        <line num="229" count="0" type="stmt"/>
        <line num="231" count="0" type="stmt"/>
        <line num="235" count="0" type="stmt"/>
        <line num="236" count="0" type="stmt"/>
        <line num="243" count="1" type="stmt"/>
        <line num="244" count="0" type="stmt"/>
        <line num="245" count="0" type="stmt"/>
        <line num="246" count="0" type="cond" truecount="0" falsecount="2"/>
        <line num="247" count="0" type="stmt"/>
        <line num="249" count="0" type="stmt"/>
        <line num="250" count="0" type="cond" truecount="0" falsecount="2"/>
        <line num="251" count="0" type="stmt"/>
        <line num="254" count="0" type="stmt"/>
        <line num="258" count="0" type="stmt"/>
        <line num="260" count="0" type="stmt"/>
        <line num="262" count="0" type="stmt"/>
        <line num="268" count="0" type="stmt"/>
        <line num="272" count="0" type="stmt"/>
        <line num="277" count="1" type="stmt"/>
        <line num="278" count="0" type="stmt"/>
        <line num="279" count="0" type="stmt"/>
        <line num="281" count="0" type="cond" truecount="0" falsecount="2"/>
        <line num="282" count="0" type="stmt"/>
        <line num="285" count="0" type="cond" truecount="0" falsecount="2"/>
        <line num="286" count="0" type="stmt"/>
        <line num="289" count="0" type="cond" truecount="0" falsecount="2"/>
        <line num="290" count="0" type="stmt"/>
        <line num="295" count="0" type="stmt"/>
        <line num="296" count="0" type="stmt"/>
        <line num="297" count="0" type="stmt"/>
        <line num="299" count="0" type="stmt"/>
        <line num="301" count="0" type="cond" truecount="0" falsecount="2"/>
        <line num="302" count="0" type="stmt"/>
        <line num="305" count="0" type="stmt"/>
        <line num="306" count="0" type="stmt"/>
        <line num="308" count="0" type="stmt"/>
        <line num="310" count="0" type="stmt"/>
        <line num="318" count="0" type="stmt"/>
        <line num="320" count="0" type="stmt"/>
        <line num="325" count="1" type="stmt"/>
        <line num="326" count="0" type="stmt"/>
        <line num="327" count="0" type="stmt"/>
        <line num="341" count="0" type="stmt"/>
        <line num="345" count="1" type="stmt"/>
      </file>
      <file name="brandController.js" path="D:\Project-HKI\app\controllers\brandController.js">
        <metrics statements="125" coveredstatements="18" conditionals="78" coveredconditionals="0" methods="14" coveredmethods="0"/>
        <line num="10" count="1" type="stmt"/>
        <line num="11" count="1" type="stmt"/>
        <line num="12" count="1" type="stmt"/>
        <line num="14" count="1" type="stmt"/>
        <line num="15" count="1" type="stmt"/>
        <line num="16" count="1" type="stmt"/>
        <line num="17" count="1" type="stmt"/>
        <line num="19" count="1" type="stmt"/>
        <line num="20" count="0" type="stmt"/>
        <line num="21" count="0" type="stmt"/>
        <line num="22" count="0" type="stmt"/>
        <line num="24" count="0" type="stmt"/>
        <line num="32" count="0" type="stmt"/>
        <line num="37" count="0" type="stmt"/>
        <line num="41" count="1" type="stmt"/>
        <line num="42" count="0" type="stmt"/>
        <line num="56" count="0" type="stmt"/>
        <line num="58" count="0" type="cond" truecount="0" falsecount="2"/>
        <line num="59" count="0" type="cond" truecount="0" falsecount="2"/>
        <line num="60" count="0" type="cond" truecount="0" falsecount="2"/>
        <line num="61" count="0" type="cond" truecount="0" falsecount="2"/>
        <line num="62" count="0" type="cond" truecount="0" falsecount="2"/>
        <line num="64" count="0" type="stmt"/>
        <line num="82" count="0" type="cond" truecount="0" falsecount="2"/>
        <line num="83" count="0" type="stmt"/>
        <line num="85" count="0" type="cond" truecount="0" falsecount="2"/>
        <line num="89" count="0" type="stmt"/>
        <line num="97" count="0" type="cond" truecount="0" falsecount="2"/>
        <line num="98" count="0" type="stmt"/>
        <line num="102" count="0" type="cond" truecount="0" falsecount="2"/>
        <line num="106" count="0" type="cond" truecount="0" falsecount="2"/>
        <line num="108" count="0" type="stmt"/>
        <line num="113" count="0" type="stmt"/>
        <line num="114" count="0" type="stmt"/>
        <line num="122" count="0" type="stmt"/>
        <line num="124" count="0" type="stmt"/>
        <line num="130" count="0" type="stmt"/>
        <line num="136" count="0" type="stmt"/>
        <line num="137" count="0" type="stmt"/>
        <line num="139" count="0" type="stmt"/>
        <line num="149" count="0" type="stmt"/>
        <line num="157" count="0" type="stmt"/>
        <line num="165" count="0" type="stmt"/>
        <line num="169" count="1" type="stmt"/>
        <line num="170" count="0" type="stmt"/>
        <line num="171" count="0" type="stmt"/>
        <line num="173" count="0" type="stmt"/>
        <line num="175" count="0" type="stmt"/>
        <line num="177" count="0" type="stmt"/>
        <line num="182" count="0" type="stmt"/>
        <line num="186" count="1" type="stmt"/>
        <line num="187" count="0" type="stmt"/>
        <line num="199" count="0" type="cond" truecount="0" falsecount="2"/>
        <line num="201" count="0" type="stmt"/>
        <line num="203" count="0" type="stmt"/>
        <line num="204" count="0" type="cond" truecount="0" falsecount="2"/>
        <line num="205" count="0" type="stmt"/>
        <line num="208" count="0" type="stmt"/>
        <line num="216" count="0" type="stmt"/>
        <line num="217" count="0" type="stmt"/>
        <line num="218" count="0" type="cond" truecount="0" falsecount="4"/>
        <line num="219" count="0" type="stmt"/>
        <line num="225" count="0" type="cond" truecount="0" falsecount="2"/>
        <line num="226" count="0" type="stmt"/>
        <line num="231" count="0" type="stmt"/>
        <line num="251" count="0" type="stmt"/>
        <line num="252" count="0" type="stmt"/>
        <line num="254" count="0" type="stmt"/>
        <line num="264" count="0" type="stmt"/>
        <line num="272" count="0" type="stmt"/>
        <line num="278" count="0" type="stmt"/>
        <line num="282" count="1" type="stmt"/>
        <line num="283" count="0" type="stmt"/>
        <line num="284" count="0" type="cond" truecount="0" falsecount="2"/>
        <line num="285" count="0" type="cond" truecount="0" falsecount="2"/>
        <line num="287" count="0" type="stmt"/>
        <line num="289" count="0" type="stmt"/>
        <line num="295" count="0" type="stmt"/>
        <line num="304" count="0" type="stmt"/>
        <line num="308" count="1" type="stmt"/>
        <line num="309" count="0" type="stmt"/>
        <line num="310" count="0" type="stmt"/>
        <line num="313" count="0" type="stmt"/>
        <line num="318" count="0" type="stmt"/>
        <line num="322" count="1" type="stmt"/>
        <line num="323" count="0" type="stmt"/>
        <line num="324" count="0" type="stmt"/>
        <line num="325" count="0" type="stmt"/>
        <line num="326" count="0" type="cond" truecount="0" falsecount="2"/>
        <line num="327" count="0" type="stmt"/>
        <line num="329" count="0" type="stmt"/>
        <line num="334" count="0" type="stmt"/>
        <line num="338" count="1" type="stmt"/>
        <line num="339" count="0" type="stmt"/>
        <line num="340" count="0" type="stmt"/>
        <line num="341" count="0" type="stmt"/>
        <line num="346" count="0" type="stmt"/>
        <line num="350" count="1" type="stmt"/>
        <line num="351" count="0" type="stmt"/>
        <line num="352" count="0" type="stmt"/>
        <line num="353" count="0" type="stmt"/>
        <line num="354" count="0" type="stmt"/>
        <line num="357" count="0" type="stmt"/>
        <line num="358" count="0" type="cond" truecount="0" falsecount="2"/>
        <line num="359" count="0" type="stmt"/>
        <line num="362" count="0" type="cond" truecount="0" falsecount="2"/>
        <line num="364" count="0" type="cond" truecount="0" falsecount="4"/>
        <line num="369" count="0" type="stmt"/>
        <line num="374" count="0" type="stmt"/>
        <line num="381" count="0" type="cond" truecount="0" falsecount="2"/>
        <line num="382" count="0" type="stmt"/>
        <line num="385" count="0" type="stmt"/>
        <line num="393" count="0" type="cond" truecount="0" falsecount="2"/>
        <line num="394" count="0" type="stmt"/>
        <line num="397" count="0" type="stmt"/>
        <line num="405" count="0" type="stmt"/>
        <line num="410" count="0" type="stmt"/>
        <line num="414" count="1" type="stmt"/>
        <line num="415" count="0" type="stmt"/>
        <line num="416" count="0" type="stmt"/>
        <line num="418" count="0" type="stmt"/>
        <line num="420" count="0" type="stmt"/>
        <line num="428" count="0" type="stmt"/>
        <line num="433" count="0" type="stmt"/>
        <line num="437" count="1" type="stmt"/>
      </file>
      <file name="copyrightController.js" path="D:\Project-HKI\app\controllers\copyrightController.js">
        <metrics statements="147" coveredstatements="22" conditionals="57" coveredconditionals="0" methods="18" coveredmethods="0"/>
        <line num="10" count="1" type="stmt"/>
        <line num="11" count="1" type="stmt"/>
        <line num="12" count="1" type="stmt"/>
        <line num="14" count="1" type="stmt"/>
        <line num="15" count="1" type="stmt"/>
        <line num="16" count="1" type="stmt"/>
        <line num="17" count="1" type="stmt"/>
        <line num="19" count="1" type="stmt"/>
        <line num="20" count="0" type="stmt"/>
        <line num="21" count="0" type="stmt"/>
        <line num="22" count="0" type="stmt"/>
        <line num="24" count="0" type="stmt"/>
        <line num="32" count="0" type="stmt"/>
        <line num="37" count="0" type="stmt"/>
        <line num="41" count="1" type="stmt"/>
        <line num="42" count="0" type="stmt"/>
        <line num="43" count="0" type="stmt"/>
        <line num="45" count="0" type="stmt"/>
        <line num="46" count="0" type="stmt"/>
        <line num="48" count="0" type="stmt"/>
        <line num="56" count="0" type="stmt"/>
        <line num="61" count="0" type="stmt"/>
        <line num="65" count="1" type="stmt"/>
        <line num="66" count="0" type="stmt"/>
        <line num="67" count="0" type="cond" truecount="0" falsecount="2"/>
        <line num="68" count="0" type="cond" truecount="0" falsecount="2"/>
        <line num="70" count="0" type="stmt"/>
        <line num="75" count="0" type="stmt"/>
        <line num="83" count="0" type="stmt"/>
        <line num="87" count="1" type="stmt"/>
        <line num="88" count="0" type="stmt"/>
        <line num="89" count="0" type="stmt"/>
        <line num="91" count="0" type="cond" truecount="0" falsecount="2"/>
        <line num="92" count="0" type="cond" truecount="0" falsecount="2"/>
        <line num="95" count="0" type="stmt"/>
        <line num="101" count="0" type="stmt"/>
        <line num="109" count="0" type="stmt"/>
        <line num="113" count="1" type="stmt"/>
        <line num="114" count="0" type="stmt"/>
        <line num="115" count="0" type="stmt"/>
        <line num="116" count="0" type="stmt"/>
        <line num="121" count="0" type="stmt"/>
        <line num="125" count="1" type="stmt"/>
        <line num="130" count="0" type="stmt"/>
        <line num="131" count="0" type="stmt"/>
        <line num="133" count="0" type="stmt"/>
        <line num="137" count="0" type="stmt"/>
        <line num="142" count="0" type="stmt"/>
        <line num="146" count="1" type="stmt"/>
        <line num="147" count="0" type="stmt"/>
        <line num="148" count="0" type="stmt"/>
        <line num="150" count="0" type="stmt"/>
        <line num="151" count="0" type="stmt"/>
        <line num="153" count="0" type="stmt"/>
        <line num="161" count="0" type="stmt"/>
        <line num="166" count="0" type="stmt"/>
        <line num="170" count="1" type="stmt"/>
        <line num="171" count="0" type="stmt"/>
        <line num="172" count="0" type="stmt"/>
        <line num="173" count="0" type="stmt"/>
        <line num="174" count="0" type="cond" truecount="0" falsecount="2"/>
        <line num="175" count="0" type="stmt"/>
        <line num="177" count="0" type="stmt"/>
        <line num="182" count="0" type="stmt"/>
        <line num="186" count="1" type="stmt"/>
        <line num="187" count="0" type="stmt"/>
        <line num="188" count="0" type="stmt"/>
        <line num="189" count="0" type="stmt"/>
        <line num="190" count="0" type="cond" truecount="0" falsecount="2"/>
        <line num="191" count="0" type="stmt"/>
        <line num="193" count="0" type="stmt"/>
        <line num="198" count="0" type="stmt"/>
        <line num="202" count="1" type="stmt"/>
        <line num="203" count="0" type="stmt"/>
        <line num="204" count="0" type="stmt"/>
        <line num="206" count="0" type="stmt"/>
        <line num="207" count="0" type="stmt"/>
        <line num="209" count="0" type="stmt"/>
        <line num="217" count="0" type="stmt"/>
        <line num="222" count="0" type="stmt"/>
        <line num="226" count="1" type="stmt"/>
        <line num="227" count="0" type="stmt"/>
        <line num="238" count="0" type="stmt"/>
        <line num="240" count="0" type="cond" truecount="0" falsecount="2"/>
        <line num="243" count="0" type="cond" truecount="0" falsecount="2"/>
        <line num="246" count="0" type="cond" truecount="0" falsecount="2"/>
        <line num="250" count="0" type="stmt"/>
        <line num="270" count="0" type="cond" truecount="0" falsecount="2"/>
        <line num="274" count="0" type="cond" truecount="0" falsecount="2"/>
        <line num="276" count="0" type="stmt"/>
        <line num="281" count="0" type="stmt"/>
        <line num="282" count="0" type="stmt"/>
        <line num="290" count="0" type="stmt"/>
        <line num="292" count="0" type="stmt"/>
        <line num="298" count="0" type="stmt"/>
        <line num="304" count="0" type="stmt"/>
        <line num="305" count="0" type="stmt"/>
        <line num="307" count="0" type="stmt"/>
        <line num="318" count="0" type="stmt"/>
        <line num="326" count="0" type="stmt"/>
        <line num="331" count="0" type="stmt"/>
        <line num="335" count="1" type="stmt"/>
        <line num="336" count="0" type="stmt"/>
        <line num="345" count="0" type="stmt"/>
        <line num="347" count="0" type="stmt"/>
        <line num="349" count="0" type="stmt"/>
        <line num="350" count="0" type="cond" truecount="0" falsecount="2"/>
        <line num="351" count="0" type="stmt"/>
        <line num="354" count="0" type="cond" truecount="0" falsecount="1"/>
        <line num="355" count="0" type="cond" truecount="0" falsecount="2"/>
        <line num="356" count="0" type="stmt"/>
        <line num="363" count="0" type="cond" truecount="0" falsecount="2"/>
        <line num="365" count="0" type="cond" truecount="0" falsecount="2"/>
        <line num="366" count="0" type="cond" truecount="0" falsecount="2"/>
        <line num="368" count="0" type="cond" truecount="0" falsecount="2"/>
        <line num="369" count="0" type="cond" truecount="0" falsecount="2"/>
        <line num="370" count="0" type="stmt"/>
        <line num="371" count="0" type="cond" truecount="0" falsecount="2"/>
        <line num="373" count="0" type="stmt"/>
        <line num="390" count="0" type="stmt"/>
        <line num="391" count="0" type="stmt"/>
        <line num="393" count="0" type="stmt"/>
        <line num="404" count="0" type="stmt"/>
        <line num="412" count="0" type="stmt"/>
        <line num="417" count="0" type="stmt"/>
        <line num="421" count="1" type="stmt"/>
        <line num="422" count="0" type="stmt"/>
        <line num="423" count="0" type="stmt"/>
        <line num="425" count="0" type="stmt"/>
        <line num="426" count="0" type="cond" truecount="0" falsecount="2"/>
        <line num="427" count="0" type="stmt"/>
        <line num="430" count="0" type="stmt"/>
        <line num="434" count="0" type="stmt"/>
        <line num="436" count="0" type="stmt"/>
        <line num="444" count="0" type="stmt"/>
        <line num="449" count="0" type="stmt"/>
        <line num="453" count="1" type="stmt"/>
        <line num="454" count="0" type="stmt"/>
        <line num="455" count="0" type="stmt"/>
        <line num="457" count="0" type="stmt"/>
        <line num="458" count="0" type="cond" truecount="0" falsecount="2"/>
        <line num="459" count="0" type="stmt"/>
        <line num="464" count="0" type="stmt"/>
        <line num="466" count="0" type="stmt"/>
        <line num="474" count="0" type="stmt"/>
        <line num="479" count="0" type="stmt"/>
        <line num="483" count="1" type="stmt"/>
      </file>
      <file name="documentController.js" path="D:\Project-HKI\app\controllers\documentController.js">
        <metrics statements="140" coveredstatements="18" conditionals="68" coveredconditionals="0" methods="13" coveredmethods="0"/>
        <line num="1" count="1" type="stmt"/>
        <line num="2" count="1" type="stmt"/>
        <line num="3" count="1" type="stmt"/>
        <line num="4" count="1" type="stmt"/>
        <line num="6" count="1" type="stmt"/>
        <line num="7" count="1" type="stmt"/>
        <line num="9" count="1" type="stmt"/>
        <line num="10" count="0" type="stmt"/>
        <line num="11" count="0" type="stmt"/>
        <line num="12" count="0" type="stmt"/>
        <line num="16" count="0" type="stmt"/>
        <line num="24" count="0" type="stmt"/>
        <line num="29" count="0" type="stmt"/>
        <line num="33" count="1" type="stmt"/>
        <line num="34" count="0" type="stmt"/>
        <line num="35" count="0" type="stmt"/>
        <line num="37" count="0" type="stmt"/>
        <line num="41" count="0" type="cond" truecount="0" falsecount="2"/>
        <line num="42" count="0" type="stmt"/>
        <line num="45" count="0" type="stmt"/>
        <line num="47" count="0" type="stmt"/>
        <line num="55" count="0" type="stmt"/>
        <line num="60" count="0" type="stmt"/>
        <line num="64" count="1" type="stmt"/>
        <line num="65" count="0" type="stmt"/>
        <line num="66" count="0" type="stmt"/>
        <line num="67" count="0" type="stmt"/>
        <line num="69" count="0" type="stmt"/>
        <line num="75" count="0" type="cond" truecount="0" falsecount="2"/>
        <line num="76" count="0" type="cond" truecount="0" falsecount="2"/>
        <line num="78" count="0" type="cond" truecount="0" falsecount="2"/>
        <line num="79" count="0" type="stmt"/>
        <line num="82" count="0" type="stmt"/>
        <line num="89" count="0" type="stmt"/>
        <line num="97" count="0" type="stmt"/>
        <line num="103" count="0" type="stmt"/>
        <line num="107" count="1" type="stmt"/>
        <line num="108" count="0" type="stmt"/>
        <line num="109" count="0" type="stmt"/>
        <line num="110" count="0" type="stmt"/>
        <line num="112" count="0" type="cond" truecount="0" falsecount="2"/>
        <line num="113" count="0" type="cond" truecount="0" falsecount="2"/>
        <line num="115" count="0" type="stmt"/>
        <line num="119" count="0" type="cond" truecount="0" falsecount="2"/>
        <line num="120" count="0" type="stmt"/>
        <line num="123" count="0" type="cond" truecount="0" falsecount="4"/>
        <line num="124" count="0" type="stmt"/>
        <line num="130" count="0" type="cond" truecount="0" falsecount="2"/>
        <line num="131" count="0" type="stmt"/>
        <line num="135" count="0" type="cond" truecount="0" falsecount="4"/>
        <line num="136" count="0" type="stmt"/>
        <line num="142" count="0" type="cond" truecount="0" falsecount="2"/>
        <line num="143" count="0" type="stmt"/>
        <line num="147" count="0" type="cond" truecount="0" falsecount="4"/>
        <line num="148" count="0" type="stmt"/>
        <line num="150" count="0" type="cond" truecount="0" falsecount="2"/>
        <line num="151" count="0" type="cond" truecount="0" falsecount="2"/>
        <line num="153" count="0" type="stmt"/>
        <line num="155" count="0" type="stmt"/>
        <line num="163" count="0" type="stmt"/>
        <line num="169" count="0" type="stmt"/>
        <line num="173" count="1" type="stmt"/>
        <line num="174" count="0" type="stmt"/>
        <line num="175" count="0" type="cond" truecount="0" falsecount="2"/>
        <line num="176" count="0" type="cond" truecount="0" falsecount="2"/>
        <line num="178" count="0" type="stmt"/>
        <line num="180" count="0" type="stmt"/>
        <line num="189" count="0" type="stmt"/>
        <line num="198" count="0" type="stmt"/>
        <line num="202" count="1" type="stmt"/>
        <line num="203" count="0" type="stmt"/>
        <line num="204" count="0" type="stmt"/>
        <line num="211" count="0" type="stmt"/>
        <line num="216" count="0" type="stmt"/>
        <line num="220" count="1" type="stmt"/>
        <line num="221" count="0" type="stmt"/>
        <line num="222" count="0" type="cond" truecount="0" falsecount="2"/>
        <line num="223" count="0" type="cond" truecount="0" falsecount="2"/>
        <line num="225" count="0" type="stmt"/>
        <line num="231" count="0" type="cond" truecount="0" falsecount="2"/>
        <line num="232" count="0" type="stmt"/>
        <line num="237" count="0" type="stmt"/>
        <line num="239" count="0" type="stmt"/>
        <line num="242" count="0" type="stmt"/>
        <line num="249" count="0" type="stmt"/>
        <line num="256" count="0" type="stmt"/>
        <line num="258" count="0" type="stmt"/>
        <line num="265" count="0" type="stmt"/>
        <line num="267" count="0" type="stmt"/>
        <line num="270" count="0" type="stmt"/>
        <line num="277" count="0" type="stmt"/>
        <line num="286" count="0" type="stmt"/>
        <line num="290" count="1" type="stmt"/>
        <line num="291" count="0" type="stmt"/>
        <line num="292" count="0" type="cond" truecount="0" falsecount="2"/>
        <line num="293" count="0" type="cond" truecount="0" falsecount="2"/>
        <line num="295" count="0" type="cond" truecount="0" falsecount="2"/>
        <line num="296" count="0" type="stmt"/>
        <line num="304" count="0" type="stmt"/>
        <line num="309" count="0" type="stmt"/>
        <line num="311" count="0" type="stmt"/>
        <line num="321" count="0" type="stmt"/>
        <line num="330" count="0" type="stmt"/>
        <line num="334" count="1" type="stmt"/>
        <line num="335" count="0" type="stmt"/>
        <line num="336" count="0" type="stmt"/>
        <line num="337" count="0" type="stmt"/>
        <line num="338" count="0" type="cond" truecount="0" falsecount="2"/>
        <line num="339" count="0" type="stmt"/>
        <line num="341" count="0" type="stmt"/>
        <line num="346" count="0" type="stmt"/>
        <line num="350" count="1" type="stmt"/>
        <line num="351" count="0" type="stmt"/>
        <line num="352" count="0" type="stmt"/>
        <line num="353" count="0" type="stmt"/>
        <line num="355" count="0" type="cond" truecount="0" falsecount="2"/>
        <line num="356" count="0" type="stmt"/>
        <line num="359" count="0" type="cond" truecount="0" falsecount="2"/>
        <line num="360" count="0" type="stmt"/>
        <line num="366" count="0" type="cond" truecount="0" falsecount="2"/>
        <line num="367" count="0" type="stmt"/>
        <line num="371" count="0" type="stmt"/>
        <line num="373" count="0" type="stmt"/>
        <line num="381" count="0" type="stmt"/>
        <line num="386" count="0" type="stmt"/>
        <line num="390" count="1" type="stmt"/>
        <line num="391" count="0" type="stmt"/>
        <line num="392" count="0" type="stmt"/>
        <line num="394" count="0" type="stmt"/>
        <line num="396" count="0" type="cond" truecount="0" falsecount="2"/>
        <line num="397" count="0" type="stmt"/>
        <line num="400" count="0" type="cond" truecount="0" falsecount="2"/>
        <line num="401" count="0" type="stmt"/>
        <line num="407" count="0" type="cond" truecount="0" falsecount="2"/>
        <line num="408" count="0" type="stmt"/>
        <line num="412" count="0" type="stmt"/>
        <line num="414" count="0" type="stmt"/>
        <line num="422" count="0" type="stmt"/>
        <line num="427" count="0" type="stmt"/>
        <line num="431" count="1" type="stmt"/>
      </file>
      <file name="errorController.js" path="D:\Project-HKI\app\controllers\errorController.js">
        <metrics statements="6" coveredstatements="6" conditionals="2" coveredconditionals="1" methods="1" coveredmethods="1"/>
        <line num="1" count="1" type="stmt"/>
        <line num="2" count="1" type="stmt"/>
        <line num="3" count="1" type="cond" truecount="1" falsecount="1"/>
        <line num="4" count="1" type="stmt"/>
        <line num="5" count="1" type="stmt"/>
        <line num="7" count="1" type="stmt"/>
      </file>
      <file name="faqController.js" path="D:\Project-HKI\app\controllers\faqController.js">
        <metrics statements="109" coveredstatements="16" conditionals="28" coveredconditionals="0" methods="13" coveredmethods="0"/>
        <line num="1" count="1" type="stmt"/>
        <line num="3" count="1" type="stmt"/>
        <line num="4" count="1" type="stmt"/>
        <line num="5" count="1" type="stmt"/>
        <line num="7" count="1" type="stmt"/>
        <line num="8" count="0" type="stmt"/>
        <line num="9" count="0" type="stmt"/>
        <line num="10" count="0" type="stmt"/>
        <line num="12" count="0" type="stmt"/>
        <line num="20" count="0" type="stmt"/>
        <line num="25" count="0" type="stmt"/>
        <line num="29" count="1" type="stmt"/>
        <line num="30" count="0" type="stmt"/>
        <line num="31" count="0" type="stmt"/>
        <line num="33" count="0" type="stmt"/>
        <line num="37" count="0" type="cond" truecount="0" falsecount="2"/>
        <line num="38" count="0" type="stmt"/>
        <line num="41" count="0" type="stmt"/>
        <line num="43" count="0" type="stmt"/>
        <line num="51" count="0" type="stmt"/>
        <line num="56" count="0" type="stmt"/>
        <line num="60" count="1" type="stmt"/>
        <line num="61" count="0" type="stmt"/>
        <line num="62" count="0" type="stmt"/>
        <line num="63" count="0" type="stmt"/>
        <line num="65" count="0" type="stmt"/>
        <line num="71" count="0" type="cond" truecount="0" falsecount="2"/>
        <line num="72" count="0" type="stmt"/>
        <line num="75" count="0" type="stmt"/>
        <line num="81" count="0" type="stmt"/>
        <line num="89" count="0" type="stmt"/>
        <line num="95" count="0" type="stmt"/>
        <line num="99" count="1" type="stmt"/>
        <line num="100" count="0" type="stmt"/>
        <line num="101" count="0" type="cond" truecount="0" falsecount="2"/>
        <line num="102" count="0" type="cond" truecount="0" falsecount="2"/>
        <line num="104" count="0" type="stmt"/>
        <line num="106" count="0" type="stmt"/>
        <line num="117" count="0" type="stmt"/>
        <line num="126" count="0" type="stmt"/>
        <line num="130" count="1" type="stmt"/>
        <line num="131" count="0" type="stmt"/>
        <line num="132" count="0" type="stmt"/>
        <line num="140" count="0" type="stmt"/>
        <line num="145" count="0" type="stmt"/>
        <line num="149" count="1" type="stmt"/>
        <line num="150" count="0" type="stmt"/>
        <line num="151" count="0" type="cond" truecount="0" falsecount="2"/>
        <line num="152" count="0" type="cond" truecount="0" falsecount="2"/>
        <line num="154" count="0" type="stmt"/>
        <line num="156" count="0" type="stmt"/>
        <line num="168" count="0" type="stmt"/>
        <line num="179" count="0" type="stmt"/>
        <line num="180" count="0" type="stmt"/>
        <line num="181" count="0" type="stmt"/>
        <line num="184" count="0" type="stmt"/>
        <line num="189" count="0" type="stmt"/>
        <line num="198" count="0" type="stmt"/>
        <line num="201" count="1" type="stmt"/>
        <line num="202" count="0" type="stmt"/>
        <line num="203" count="0" type="cond" truecount="0" falsecount="2"/>
        <line num="204" count="0" type="cond" truecount="0" falsecount="2"/>
        <line num="206" count="0" type="cond" truecount="0" falsecount="2"/>
        <line num="207" count="0" type="stmt"/>
        <line num="216" count="0" type="stmt"/>
        <line num="222" count="0" type="stmt"/>
        <line num="224" count="0" type="stmt"/>
        <line num="236" count="0" type="stmt"/>
        <line num="245" count="0" type="stmt"/>
        <line num="249" count="1" type="stmt"/>
        <line num="250" count="0" type="stmt"/>
        <line num="251" count="0" type="stmt"/>
        <line num="252" count="0" type="stmt"/>
        <line num="253" count="0" type="cond" truecount="0" falsecount="2"/>
        <line num="254" count="0" type="stmt"/>
        <line num="256" count="0" type="stmt"/>
        <line num="261" count="0" type="stmt"/>
        <line num="265" count="1" type="stmt"/>
        <line num="266" count="0" type="stmt"/>
        <line num="267" count="0" type="stmt"/>
        <line num="268" count="0" type="stmt"/>
        <line num="269" count="0" type="stmt"/>
        <line num="270" count="0" type="cond" truecount="0" falsecount="2"/>
        <line num="271" count="0" type="stmt"/>
        <line num="273" count="0" type="stmt"/>
        <line num="275" count="0" type="stmt"/>
        <line num="283" count="0" type="stmt"/>
        <line num="289" count="0" type="stmt"/>
        <line num="293" count="1" type="stmt"/>
        <line num="294" count="0" type="stmt"/>
        <line num="295" count="0" type="stmt"/>
        <line num="296" count="0" type="stmt"/>
        <line num="297" count="0" type="cond" truecount="0" falsecount="2"/>
        <line num="298" count="0" type="stmt"/>
        <line num="300" count="0" type="stmt"/>
        <line num="302" count="0" type="stmt"/>
        <line num="310" count="0" type="stmt"/>
        <line num="315" count="0" type="stmt"/>
        <line num="319" count="1" type="stmt"/>
        <line num="320" count="0" type="stmt"/>
        <line num="321" count="0" type="stmt"/>
        <line num="323" count="0" type="stmt"/>
        <line num="325" count="0" type="cond" truecount="0" falsecount="2"/>
        <line num="326" count="0" type="stmt"/>
        <line num="329" count="0" type="stmt"/>
        <line num="331" count="0" type="stmt"/>
        <line num="339" count="0" type="stmt"/>
        <line num="344" count="0" type="stmt"/>
        <line num="348" count="1" type="stmt"/>
      </file>
      <file name="helpCenterController.js" path="D:\Project-HKI\app\controllers\helpCenterController.js">
        <metrics statements="61" coveredstatements="13" conditionals="16" coveredconditionals="0" methods="6" coveredmethods="0"/>
        <line num="1" count="1" type="stmt"/>
        <line num="3" count="1" type="stmt"/>
        <line num="4" count="1" type="stmt"/>
        <line num="5" count="1" type="stmt"/>
        <line num="6" count="1" type="stmt"/>
        <line num="7" count="1" type="stmt"/>
        <line num="8" count="1" type="stmt"/>
        <line num="10" count="1" type="stmt"/>
        <line num="11" count="0" type="stmt"/>
        <line num="12" count="0" type="stmt"/>
        <line num="14" count="0" type="cond" truecount="0" falsecount="2"/>
        <line num="16" count="0" type="stmt"/>
        <line num="25" count="0" type="stmt"/>
        <line num="33" count="0" type="stmt"/>
        <line num="34" count="0" type="stmt"/>
        <line num="36" count="0" type="stmt"/>
        <line num="42" count="0" type="stmt"/>
        <line num="48" count="0" type="stmt"/>
        <line num="52" count="1" type="stmt"/>
        <line num="53" count="0" type="stmt"/>
        <line num="54" count="0" type="stmt"/>
        <line num="55" count="0" type="stmt"/>
        <line num="57" count="0" type="stmt"/>
        <line num="58" count="0" type="cond" truecount="0" falsecount="2"/>
        <line num="59" count="0" type="stmt"/>
        <line num="61" count="0" type="stmt"/>
        <line num="63" count="0" type="stmt"/>
        <line num="65" count="0" type="cond" truecount="0" falsecount="2"/>
        <line num="66" count="0" type="stmt"/>
        <line num="69" count="0" type="stmt"/>
        <line num="77" count="0" type="stmt"/>
        <line num="83" count="0" type="stmt"/>
        <line num="89" count="0" type="stmt"/>
        <line num="95" count="0" type="stmt"/>
        <line num="99" count="1" type="stmt"/>
        <line num="100" count="0" type="stmt"/>
        <line num="101" count="0" type="cond" truecount="0" falsecount="2"/>
        <line num="102" count="0" type="cond" truecount="0" falsecount="2"/>
        <line num="104" count="0" type="stmt"/>
        <line num="105" count="0" type="stmt"/>
        <line num="110" count="0" type="stmt"/>
        <line num="119" count="0" type="stmt"/>
        <line num="123" count="1" type="stmt"/>
        <line num="124" count="0" type="stmt"/>
        <line num="125" count="0" type="stmt"/>
        <line num="127" count="0" type="stmt"/>
        <line num="128" count="0" type="cond" truecount="0" falsecount="2"/>
        <line num="129" count="0" type="stmt"/>
        <line num="132" count="0" type="stmt"/>
        <line num="138" count="0" type="stmt"/>
        <line num="142" count="1" type="stmt"/>
        <line num="143" count="0" type="stmt"/>
        <line num="144" count="0" type="stmt"/>
        <line num="145" count="0" type="stmt"/>
        <line num="146" count="0" type="cond" truecount="0" falsecount="2"/>
        <line num="147" count="0" type="stmt"/>
        <line num="149" count="0" type="stmt"/>
        <line num="151" count="0" type="stmt"/>
        <line num="159" count="0" type="stmt"/>
        <line num="161" count="0" type="stmt"/>
        <line num="165" count="1" type="stmt"/>
      </file>
      <file name="industrialDesignController.js" path="D:\Project-HKI\app\controllers\industrialDesignController.js">
        <metrics statements="168" coveredstatements="22" conditionals="99" coveredconditionals="0" methods="18" coveredmethods="0"/>
        <line num="10" count="1" type="stmt"/>
        <line num="11" count="1" type="stmt"/>
        <line num="12" count="1" type="stmt"/>
        <line num="14" count="1" type="stmt"/>
        <line num="15" count="1" type="stmt"/>
        <line num="16" count="1" type="stmt"/>
        <line num="17" count="1" type="stmt"/>
        <line num="19" count="1" type="stmt"/>
        <line num="20" count="0" type="stmt"/>
        <line num="21" count="0" type="stmt"/>
        <line num="23" count="0" type="stmt"/>
        <line num="25" count="0" type="stmt"/>
        <line num="33" count="0" type="stmt"/>
        <line num="38" count="0" type="stmt"/>
        <line num="42" count="1" type="stmt"/>
        <line num="43" count="0" type="stmt"/>
        <line num="44" count="0" type="stmt"/>
        <line num="46" count="0" type="stmt"/>
        <line num="47" count="0" type="stmt"/>
        <line num="49" count="0" type="stmt"/>
        <line num="57" count="0" type="stmt"/>
        <line num="62" count="0" type="stmt"/>
        <line num="66" count="1" type="stmt"/>
        <line num="67" count="0" type="stmt"/>
        <line num="68" count="0" type="stmt"/>
        <line num="70" count="0" type="cond" truecount="0" falsecount="2"/>
        <line num="75" count="0" type="stmt"/>
        <line num="82" count="0" type="cond" truecount="0" falsecount="2"/>
        <line num="86" count="0" type="cond" truecount="0" falsecount="2"/>
        <line num="88" count="0" type="stmt"/>
        <line num="93" count="0" type="stmt"/>
        <line num="94" count="0" type="stmt"/>
        <line num="102" count="0" type="stmt"/>
        <line num="104" count="0" type="stmt"/>
        <line num="110" count="0" type="stmt"/>
        <line num="116" count="0" type="stmt"/>
        <line num="117" count="0" type="stmt"/>
        <line num="119" count="0" type="stmt"/>
        <line num="129" count="0" type="stmt"/>
        <line num="137" count="0" type="stmt"/>
        <line num="143" count="0" type="stmt"/>
        <line num="147" count="1" type="stmt"/>
        <line num="148" count="0" type="stmt"/>
        <line num="149" count="0" type="cond" truecount="0" falsecount="2"/>
        <line num="150" count="0" type="cond" truecount="0" falsecount="2"/>
        <line num="152" count="0" type="stmt"/>
        <line num="157" count="0" type="stmt"/>
        <line num="166" count="0" type="stmt"/>
        <line num="170" count="1" type="stmt"/>
        <line num="171" count="0" type="stmt"/>
        <line num="172" count="0" type="stmt"/>
        <line num="173" count="0" type="stmt"/>
        <line num="179" count="0" type="stmt"/>
        <line num="183" count="1" type="stmt"/>
        <line num="184" count="0" type="stmt"/>
        <line num="185" count="0" type="stmt"/>
        <line num="187" count="0" type="stmt"/>
        <line num="188" count="0" type="cond" truecount="0" falsecount="2"/>
        <line num="189" count="0" type="stmt"/>
        <line num="193" count="0" type="stmt"/>
        <line num="199" count="0" type="stmt"/>
        <line num="203" count="1" type="stmt"/>
        <line num="204" count="0" type="stmt"/>
        <line num="205" count="0" type="stmt"/>
        <line num="207" count="0" type="cond" truecount="0" falsecount="2"/>
        <line num="208" count="0" type="stmt"/>
        <line num="212" count="0" type="cond" truecount="0" falsecount="2"/>
        <line num="213" count="0" type="cond" truecount="0" falsecount="2"/>
        <line num="215" count="0" type="stmt"/>
        <line num="222" count="0" type="stmt"/>
        <line num="231" count="0" type="stmt"/>
        <line num="235" count="1" type="stmt"/>
        <line num="236" count="0" type="stmt"/>
        <line num="237" count="0" type="stmt"/>
        <line num="239" count="0" type="cond" truecount="0" falsecount="2"/>
        <line num="240" count="0" type="stmt"/>
        <line num="245" count="0" type="stmt"/>
        <line num="248" count="0" type="stmt"/>
        <line num="254" count="0" type="stmt"/>
        <line num="258" count="1" type="stmt"/>
        <line num="259" count="0" type="stmt"/>
        <line num="260" count="0" type="stmt"/>
        <line num="262" count="0" type="stmt"/>
        <line num="263" count="0" type="cond" truecount="0" falsecount="2"/>
        <line num="264" count="0" type="stmt"/>
        <line num="269" count="0" type="stmt"/>
        <line num="275" count="0" type="stmt"/>
        <line num="279" count="1" type="stmt"/>
        <line num="280" count="0" type="stmt"/>
        <line num="281" count="0" type="stmt"/>
        <line num="282" count="0" type="stmt"/>
        <line num="283" count="0" type="stmt"/>
        <line num="285" count="0" type="stmt"/>
        <line num="293" count="0" type="stmt"/>
        <line num="298" count="0" type="stmt"/>
        <line num="302" count="1" type="stmt"/>
        <line num="303" count="0" type="stmt"/>
        <line num="304" count="0" type="stmt"/>
        <line num="305" count="0" type="stmt"/>
        <line num="306" count="0" type="stmt"/>
        <line num="308" count="0" type="stmt"/>
        <line num="316" count="0" type="stmt"/>
        <line num="321" count="0" type="stmt"/>
        <line num="325" count="1" type="stmt"/>
        <line num="326" count="0" type="stmt"/>
        <line num="327" count="0" type="stmt"/>
        <line num="330" count="0" type="stmt"/>
        <line num="332" count="0" type="stmt"/>
        <line num="333" count="0" type="cond" truecount="0" falsecount="2"/>
        <line num="334" count="0" type="stmt"/>
        <line num="337" count="0" type="cond" truecount="0" falsecount="1"/>
        <line num="338" count="0" type="cond" truecount="0" falsecount="2"/>
        <line num="339" count="0" type="stmt"/>
        <line num="344" count="0" type="cond" truecount="0" falsecount="2"/>
        <line num="345" count="0" type="stmt"/>
        <line num="349" count="0" type="cond" truecount="0" falsecount="2"/>
        <line num="352" count="0" type="cond" truecount="0" falsecount="2"/>
        <line num="353" count="0" type="cond" truecount="0" falsecount="2"/>
        <line num="354" count="0" type="cond" truecount="0" falsecount="2"/>
        <line num="357" count="0" type="cond" truecount="0" falsecount="2"/>
        <line num="360" count="0" type="cond" truecount="0" falsecount="2"/>
        <line num="361" count="0" type="cond" truecount="0" falsecount="2"/>
        <line num="362" count="0" type="cond" truecount="0" falsecount="2"/>
        <line num="363" count="0" type="cond" truecount="0" falsecount="2"/>
        <line num="366" count="0" type="cond" truecount="0" falsecount="2"/>
        <line num="370" count="0" type="cond" truecount="0" falsecount="2"/>
        <line num="371" count="0" type="stmt"/>
        <line num="372" count="0" type="cond" truecount="0" falsecount="2"/>
        <line num="373" count="0" type="cond" truecount="0" falsecount="2"/>
        <line num="374" count="0" type="cond" truecount="0" falsecount="2"/>
        <line num="375" count="0" type="cond" truecount="0" falsecount="2"/>
        <line num="376" count="0" type="cond" truecount="0" falsecount="2"/>
        <line num="377" count="0" type="cond" truecount="0" falsecount="2"/>
        <line num="378" count="0" type="cond" truecount="0" falsecount="2"/>
        <line num="379" count="0" type="cond" truecount="0" falsecount="2"/>
        <line num="380" count="0" type="stmt"/>
        <line num="381" count="0" type="cond" truecount="0" falsecount="2"/>
        <line num="382" count="0" type="stmt"/>
        <line num="384" count="0" type="cond" truecount="0" falsecount="2"/>
        <line num="386" count="0" type="stmt"/>
        <line num="404" count="0" type="stmt"/>
        <line num="405" count="0" type="stmt"/>
        <line num="407" count="0" type="stmt"/>
        <line num="417" count="0" type="stmt"/>
        <line num="425" count="0" type="stmt"/>
        <line num="431" count="0" type="stmt"/>
        <line num="435" count="1" type="stmt"/>
        <line num="436" count="0" type="stmt"/>
        <line num="437" count="0" type="stmt"/>
        <line num="439" count="0" type="stmt"/>
        <line num="440" count="0" type="cond" truecount="0" falsecount="2"/>
        <line num="441" count="0" type="stmt"/>
        <line num="446" count="0" type="stmt"/>
        <line num="450" count="0" type="stmt"/>
        <line num="454" count="0" type="stmt"/>
        <line num="462" count="0" type="stmt"/>
        <line num="468" count="0" type="stmt"/>
        <line num="472" count="1" type="stmt"/>
        <line num="473" count="0" type="stmt"/>
        <line num="474" count="0" type="stmt"/>
        <line num="476" count="0" type="stmt"/>
        <line num="477" count="0" type="cond" truecount="0" falsecount="2"/>
        <line num="478" count="0" type="stmt"/>
        <line num="483" count="0" type="stmt"/>
        <line num="485" count="0" type="stmt"/>
        <line num="493" count="0" type="stmt"/>
        <line num="498" count="0" type="stmt"/>
        <line num="502" count="1" type="stmt"/>
      </file>
      <file name="notificationController.js" path="D:\Project-HKI\app\controllers\notificationController.js">
        <metrics statements="32" coveredstatements="7" conditionals="8" coveredconditionals="0" methods="4" coveredmethods="0"/>
        <line num="1" count="1" type="stmt"/>
        <line num="3" count="1" type="stmt"/>
        <line num="5" count="1" type="stmt"/>
        <line num="6" count="0" type="stmt"/>
        <line num="7" count="0" type="stmt"/>
        <line num="8" count="0" type="stmt"/>
        <line num="13" count="0" type="stmt"/>
        <line num="17" count="1" type="stmt"/>
        <line num="18" count="0" type="stmt"/>
        <line num="19" count="0" type="stmt"/>
        <line num="23" count="0" type="cond" truecount="0" falsecount="4"/>
        <line num="24" count="0" type="stmt"/>
        <line num="26" count="0" type="stmt"/>
        <line num="31" count="0" type="stmt"/>
        <line num="35" count="1" type="stmt"/>
        <line num="36" count="0" type="stmt"/>
        <line num="37" count="0" type="stmt"/>
        <line num="38" count="0" type="stmt"/>
        <line num="39" count="0" type="cond" truecount="0" falsecount="2"/>
        <line num="40" count="0" type="stmt"/>
        <line num="42" count="0" type="stmt"/>
        <line num="47" count="0" type="stmt"/>
        <line num="51" count="1" type="stmt"/>
        <line num="52" count="0" type="stmt"/>
        <line num="53" count="0" type="stmt"/>
        <line num="55" count="0" type="stmt"/>
        <line num="56" count="0" type="cond" truecount="0" falsecount="2"/>
        <line num="57" count="0" type="stmt"/>
        <line num="60" count="0" type="stmt"/>
        <line num="62" count="0" type="stmt"/>
        <line num="67" count="0" type="stmt"/>
        <line num="71" count="1" type="stmt"/>
      </file>
      <file name="patentController.js" path="D:\Project-HKI\app\controllers\patentController.js">
        <metrics statements="106" coveredstatements="16" conditionals="71" coveredconditionals="0" methods="12" coveredmethods="0"/>
        <line num="9" count="1" type="stmt"/>
        <line num="10" count="1" type="stmt"/>
        <line num="11" count="1" type="stmt"/>
        <line num="13" count="1" type="stmt"/>
        <line num="14" count="1" type="stmt"/>
        <line num="15" count="1" type="stmt"/>
        <line num="16" count="1" type="stmt"/>
        <line num="18" count="1" type="stmt"/>
        <line num="19" count="0" type="stmt"/>
        <line num="20" count="0" type="stmt"/>
        <line num="22" count="0" type="stmt"/>
        <line num="24" count="0" type="stmt"/>
        <line num="32" count="0" type="stmt"/>
        <line num="37" count="0" type="stmt"/>
        <line num="41" count="1" type="stmt"/>
        <line num="42" count="0" type="stmt"/>
        <line num="43" count="0" type="stmt"/>
        <line num="45" count="0" type="cond" truecount="0" falsecount="2"/>
        <line num="49" count="0" type="stmt"/>
        <line num="56" count="0" type="cond" truecount="0" falsecount="2"/>
        <line num="60" count="0" type="cond" truecount="0" falsecount="2"/>
        <line num="62" count="0" type="stmt"/>
        <line num="67" count="0" type="stmt"/>
        <line num="68" count="0" type="stmt"/>
        <line num="76" count="0" type="stmt"/>
        <line num="78" count="0" type="stmt"/>
        <line num="84" count="0" type="stmt"/>
        <line num="90" count="0" type="stmt"/>
        <line num="91" count="0" type="stmt"/>
        <line num="93" count="0" type="stmt"/>
        <line num="103" count="0" type="stmt"/>
        <line num="111" count="0" type="stmt"/>
        <line num="116" count="0" type="stmt"/>
        <line num="120" count="1" type="stmt"/>
        <line num="121" count="0" type="stmt"/>
        <line num="122" count="0" type="stmt"/>
        <line num="124" count="0" type="stmt"/>
        <line num="126" count="0" type="stmt"/>
        <line num="128" count="0" type="stmt"/>
        <line num="133" count="0" type="stmt"/>
        <line num="137" count="1" type="stmt"/>
        <line num="138" count="0" type="stmt"/>
        <line num="139" count="0" type="stmt"/>
        <line num="141" count="0" type="stmt"/>
        <line num="143" count="0" type="stmt"/>
        <line num="145" count="0" type="cond" truecount="0" falsecount="2"/>
        <line num="146" count="0" type="stmt"/>
        <line num="149" count="0" type="cond" truecount="0" falsecount="1"/>
        <line num="150" count="0" type="cond" truecount="0" falsecount="2"/>
        <line num="151" count="0" type="stmt"/>
        <line num="156" count="0" type="cond" truecount="0" falsecount="2"/>
        <line num="157" count="0" type="stmt"/>
        <line num="161" count="0" type="cond" truecount="0" falsecount="2"/>
        <line num="162" count="0" type="cond" truecount="0" falsecount="2"/>
        <line num="163" count="0" type="cond" truecount="0" falsecount="2"/>
        <line num="164" count="0" type="cond" truecount="0" falsecount="2"/>
        <line num="165" count="0" type="cond" truecount="0" falsecount="2"/>
        <line num="167" count="0" type="cond" truecount="0" falsecount="2"/>
        <line num="169" count="0" type="cond" truecount="0" falsecount="2"/>
        <line num="171" count="0" type="cond" truecount="0" falsecount="2"/>
        <line num="173" count="0" type="cond" truecount="0" falsecount="2"/>
        <line num="174" count="0" type="cond" truecount="0" falsecount="2"/>
        <line num="175" count="0" type="cond" truecount="0" falsecount="2"/>
        <line num="176" count="0" type="cond" truecount="0" falsecount="2"/>
        <line num="177" count="0" type="cond" truecount="0" falsecount="2"/>
        <line num="178" count="0" type="cond" truecount="0" falsecount="2"/>
        <line num="179" count="0" type="stmt"/>
        <line num="180" count="0" type="cond" truecount="0" falsecount="2"/>
        <line num="181" count="0" type="stmt"/>
        <line num="182" count="0" type="cond" truecount="0" falsecount="2"/>
        <line num="184" count="0" type="stmt"/>
        <line num="204" count="0" type="stmt"/>
        <line num="205" count="0" type="stmt"/>
        <line num="207" count="0" type="stmt"/>
        <line num="217" count="0" type="stmt"/>
        <line num="225" count="0" type="stmt"/>
        <line num="230" count="0" type="stmt"/>
        <line num="234" count="1" type="stmt"/>
        <line num="235" count="0" type="stmt"/>
        <line num="236" count="0" type="cond" truecount="0" falsecount="2"/>
        <line num="237" count="0" type="cond" truecount="0" falsecount="2"/>
        <line num="239" count="0" type="stmt"/>
        <line num="241" count="0" type="stmt"/>
        <line num="246" count="0" type="stmt"/>
        <line num="255" count="0" type="stmt"/>
        <line num="259" count="1" type="stmt"/>
        <line num="260" count="0" type="stmt"/>
        <line num="261" count="0" type="stmt"/>
        <line num="262" count="0" type="stmt"/>
        <line num="267" count="0" type="stmt"/>
        <line num="271" count="1" type="stmt"/>
        <line num="272" count="0" type="stmt"/>
        <line num="273" count="0" type="stmt"/>
        <line num="275" count="0" type="stmt"/>
        <line num="277" count="0" type="cond" truecount="0" falsecount="2"/>
        <line num="278" count="0" type="stmt"/>
        <line num="281" count="0" type="stmt"/>
        <line num="287" count="0" type="stmt"/>
        <line num="291" count="1" type="stmt"/>
        <line num="292" count="0" type="stmt"/>
        <line num="293" count="0" type="stmt"/>
        <line num="295" count="0" type="stmt"/>
        <line num="297" count="0" type="stmt"/>
        <line num="305" count="0" type="stmt"/>
        <line num="310" count="0" type="stmt"/>
        <line num="314" count="1" type="stmt"/>
      </file>
      <file name="paymentController.js" path="D:\Project-HKI\app\controllers\paymentController.js">
        <metrics statements="54" coveredstatements="11" conditionals="20" coveredconditionals="0" methods="5" coveredmethods="0"/>
        <line num="1" count="1" type="stmt"/>
        <line num="3" count="1" type="stmt"/>
        <line num="4" count="1" type="stmt"/>
        <line num="5" count="1" type="stmt"/>
        <line num="6" count="1" type="stmt"/>
        <line num="7" count="1" type="stmt"/>
        <line num="9" count="1" type="stmt"/>
        <line num="10" count="0" type="stmt"/>
        <line num="11" count="0" type="cond" truecount="0" falsecount="2"/>
        <line num="12" count="0" type="cond" truecount="0" falsecount="2"/>
        <line num="14" count="0" type="stmt"/>
        <line num="15" count="0" type="stmt"/>
        <line num="20" count="0" type="stmt"/>
        <line num="29" count="0" type="stmt"/>
        <line num="33" count="1" type="stmt"/>
        <line num="34" count="0" type="stmt"/>
        <line num="35" count="0" type="stmt"/>
        <line num="37" count="0" type="stmt"/>
        <line num="39" count="0" type="cond" truecount="0" falsecount="2"/>
        <line num="40" count="0" type="stmt"/>
        <line num="43" count="0" type="stmt"/>
        <line num="48" count="0" type="stmt"/>
        <line num="52" count="1" type="stmt"/>
        <line num="53" count="0" type="stmt"/>
        <line num="54" count="0" type="cond" truecount="0" falsecount="2"/>
        <line num="55" count="0" type="cond" truecount="0" falsecount="2"/>
        <line num="57" count="0" type="stmt"/>
        <line num="58" count="0" type="stmt"/>
        <line num="65" count="0" type="stmt"/>
        <line num="74" count="0" type="stmt"/>
        <line num="78" count="1" type="stmt"/>
        <line num="79" count="0" type="stmt"/>
        <line num="80" count="0" type="stmt"/>
        <line num="82" count="0" type="stmt"/>
        <line num="84" count="0" type="cond" truecount="0" falsecount="2"/>
        <line num="85" count="0" type="stmt"/>
        <line num="88" count="0" type="stmt"/>
        <line num="90" count="0" type="stmt"/>
        <line num="92" count="0" type="cond" truecount="0" falsecount="2"/>
        <line num="93" count="0" type="stmt"/>
        <line num="96" count="0" type="cond" truecount="0" falsecount="2"/>
        <line num="97" count="0" type="stmt"/>
        <line num="100" count="0" type="cond" truecount="0" falsecount="2"/>
        <line num="101" count="0" type="stmt"/>
        <line num="107" count="0" type="stmt"/>
        <line num="111" count="0" type="cond" truecount="0" falsecount="2"/>
        <line num="112" count="0" type="stmt"/>
        <line num="118" count="0" type="stmt"/>
        <line num="119" count="0" type="stmt"/>
        <line num="121" count="0" type="stmt"/>
        <line num="131" count="0" type="stmt"/>
        <line num="139" count="0" type="stmt"/>
        <line num="145" count="0" type="stmt"/>
        <line num="149" count="1" type="stmt"/>
      </file>
      <file name="periodController.js" path="D:\Project-HKI\app\controllers\periodController.js">
        <metrics statements="196" coveredstatements="22" conditionals="68" coveredconditionals="0" methods="21" coveredmethods="0"/>
        <line num="1" count="1" type="stmt"/>
        <line num="2" count="1" type="stmt"/>
        <line num="4" count="1" type="stmt"/>
        <line num="5" count="1" type="stmt"/>
        <line num="7" count="1" type="stmt"/>
        <line num="8" count="0" type="stmt"/>
        <line num="9" count="0" type="stmt"/>
        <line num="11" count="0" type="stmt"/>
        <line num="12" count="0" type="cond" truecount="0" falsecount="2"/>
        <line num="13" count="0" type="stmt"/>
        <line num="18" count="0" type="stmt"/>
        <line num="20" count="0" type="stmt"/>
        <line num="26" count="0" type="stmt"/>
        <line num="31" count="0" type="stmt"/>
        <line num="35" count="0" type="stmt"/>
        <line num="37" count="0" type="stmt"/>
        <line num="38" count="0" type="stmt"/>
        <line num="39" count="0" type="stmt"/>
        <line num="40" count="0" type="stmt"/>
        <line num="49" count="0" type="stmt"/>
        <line num="51" count="0" type="stmt"/>
        <line num="59" count="0" type="stmt"/>
        <line num="66" count="0" type="stmt"/>
        <line num="70" count="1" type="stmt"/>
        <line num="71" count="0" type="stmt"/>
        <line num="72" count="0" type="stmt"/>
        <line num="74" count="0" type="stmt"/>
        <line num="80" count="0" type="cond" truecount="0" falsecount="2"/>
        <line num="81" count="0" type="stmt"/>
        <line num="84" count="0" type="stmt"/>
        <line num="91" count="0" type="cond" truecount="0" falsecount="2"/>
        <line num="92" count="0" type="stmt"/>
        <line num="99" count="0" type="cond" truecount="0" falsecount="2"/>
        <line num="100" count="0" type="stmt"/>
        <line num="104" count="0" type="stmt"/>
        <line num="112" count="0" type="stmt"/>
        <line num="118" count="0" type="stmt"/>
        <line num="122" count="1" type="stmt"/>
        <line num="123" count="0" type="stmt"/>
        <line num="124" count="0" type="stmt"/>
        <line num="126" count="0" type="stmt"/>
        <line num="127" count="0" type="cond" truecount="0" falsecount="2"/>
        <line num="128" count="0" type="stmt"/>
        <line num="131" count="0" type="stmt"/>
        <line num="133" count="0" type="stmt"/>
        <line num="140" count="0" type="cond" truecount="0" falsecount="2"/>
        <line num="141" count="0" type="stmt"/>
        <line num="146" count="0" type="stmt"/>
        <line num="153" count="0" type="stmt"/>
        <line num="157" count="0" type="stmt"/>
        <line num="165" count="0" type="stmt"/>
        <line num="172" count="0" type="stmt"/>
        <line num="176" count="1" type="stmt"/>
        <line num="177" count="0" type="stmt"/>
        <line num="178" count="0" type="stmt"/>
        <line num="180" count="0" type="stmt"/>
        <line num="181" count="0" type="cond" truecount="0" falsecount="2"/>
        <line num="182" count="0" type="stmt"/>
        <line num="185" count="0" type="stmt"/>
        <line num="187" count="0" type="cond" truecount="0" falsecount="4"/>
        <line num="188" count="0" type="stmt"/>
        <line num="195" count="0" type="cond" truecount="0" falsecount="2"/>
        <line num="196" count="0" type="stmt"/>
        <line num="205" count="0" type="cond" truecount="0" falsecount="4"/>
        <line num="206" count="0" type="stmt"/>
        <line num="214" count="0" type="cond" truecount="0" falsecount="2"/>
        <line num="215" count="0" type="stmt"/>
        <line num="224" count="0" type="stmt"/>
        <line num="225" count="0" type="cond" truecount="0" falsecount="2"/>
        <line num="226" count="0" type="cond" truecount="0" falsecount="2"/>
        <line num="227" count="0" type="cond" truecount="0" falsecount="2"/>
        <line num="229" count="0" type="stmt"/>
        <line num="231" count="0" type="stmt"/>
        <line num="239" count="0" type="stmt"/>
        <line num="245" count="0" type="stmt"/>
        <line num="249" count="1" type="stmt"/>
        <line num="250" count="0" type="stmt"/>
        <line num="251" count="0" type="stmt"/>
        <line num="252" count="0" type="stmt"/>
        <line num="254" count="0" type="stmt"/>
        <line num="256" count="0" type="cond" truecount="0" falsecount="2"/>
        <line num="257" count="0" type="stmt"/>
        <line num="260" count="0" type="stmt"/>
        <line num="265" count="0" type="stmt"/>
        <line num="273" count="0" type="stmt"/>
        <line num="279" count="0" type="stmt"/>
        <line num="283" count="1" type="stmt"/>
        <line num="284" count="0" type="stmt"/>
        <line num="285" count="0" type="cond" truecount="0" falsecount="2"/>
        <line num="286" count="0" type="cond" truecount="0" falsecount="2"/>
        <line num="288" count="0" type="stmt"/>
        <line num="290" count="0" type="stmt"/>
        <line num="299" count="0" type="stmt"/>
        <line num="308" count="0" type="stmt"/>
        <line num="311" count="1" type="stmt"/>
        <line num="312" count="0" type="stmt"/>
        <line num="313" count="0" type="stmt"/>
        <line num="315" count="0" type="stmt"/>
        <line num="328" count="0" type="stmt"/>
        <line num="333" count="0" type="stmt"/>
        <line num="337" count="1" type="stmt"/>
        <line num="338" count="0" type="stmt"/>
        <line num="339" count="0" type="cond" truecount="0" falsecount="2"/>
        <line num="340" count="0" type="cond" truecount="0" falsecount="2"/>
        <line num="342" count="0" type="cond" truecount="0" falsecount="2"/>
        <line num="343" count="0" type="stmt"/>
        <line num="347" count="0" type="stmt"/>
        <line num="353" count="0" type="stmt"/>
        <line num="355" count="0" type="stmt"/>
        <line num="361" count="0" type="stmt"/>
        <line num="370" count="0" type="stmt"/>
        <line num="374" count="1" type="stmt"/>
        <line num="375" count="0" type="stmt"/>
        <line num="376" count="0" type="stmt"/>
        <line num="378" count="0" type="stmt"/>
        <line num="380" count="0" type="cond" truecount="0" falsecount="2"/>
        <line num="381" count="0" type="stmt"/>
        <line num="384" count="0" type="stmt"/>
        <line num="389" count="0" type="stmt"/>
        <line num="393" count="1" type="stmt"/>
        <line num="394" count="0" type="stmt"/>
        <line num="395" count="0" type="stmt"/>
        <line num="396" count="0" type="cond" truecount="0" falsecount="2"/>
        <line num="397" count="0" type="cond" truecount="0" falsecount="2"/>
        <line num="399" count="0" type="stmt"/>
        <line num="400" count="0" type="cond" truecount="0" falsecount="2"/>
        <line num="401" count="0" type="stmt"/>
        <line num="404" count="0" type="stmt"/>
        <line num="408" count="0" type="stmt"/>
        <line num="410" count="0" type="stmt"/>
        <line num="417" count="0" type="stmt"/>
        <line num="427" count="0" type="stmt"/>
        <line num="431" count="1" type="stmt"/>
        <line num="432" count="0" type="stmt"/>
        <line num="433" count="0" type="cond" truecount="0" falsecount="2"/>
        <line num="434" count="0" type="cond" truecount="0" falsecount="2"/>
        <line num="436" count="0" type="cond" truecount="0" falsecount="2"/>
        <line num="437" count="0" type="stmt"/>
        <line num="439" count="0" type="stmt"/>
        <line num="445" count="0" type="stmt"/>
        <line num="447" count="0" type="stmt"/>
        <line num="453" count="0" type="stmt"/>
        <line num="462" count="0" type="stmt"/>
        <line num="466" count="1" type="stmt"/>
        <line num="467" count="0" type="stmt"/>
        <line num="468" count="0" type="stmt"/>
        <line num="470" count="0" type="stmt"/>
        <line num="472" count="0" type="cond" truecount="0" falsecount="2"/>
        <line num="473" count="0" type="stmt"/>
        <line num="476" count="0" type="stmt"/>
        <line num="482" count="0" type="stmt"/>
        <line num="485" count="1" type="stmt"/>
        <line num="486" count="0" type="stmt"/>
        <line num="487" count="0" type="stmt"/>
        <line num="489" count="0" type="stmt"/>
        <line num="493" count="0" type="cond" truecount="0" falsecount="4"/>
        <line num="494" count="0" type="stmt"/>
        <line num="497" count="0" type="stmt"/>
        <line num="503" count="0" type="stmt"/>
        <line num="507" count="1" type="stmt"/>
        <line num="508" count="0" type="stmt"/>
        <line num="509" count="0" type="stmt"/>
        <line num="527" count="0" type="stmt"/>
        <line num="532" count="0" type="stmt"/>
        <line num="536" count="1" type="stmt"/>
        <line num="537" count="0" type="stmt"/>
        <line num="538" count="0" type="stmt"/>
        <line num="539" count="0" type="stmt"/>
        <line num="558" count="0" type="stmt"/>
        <line num="563" count="0" type="stmt"/>
        <line num="567" count="1" type="stmt"/>
        <line num="568" count="0" type="stmt"/>
        <line num="569" count="0" type="stmt"/>
        <line num="571" count="0" type="stmt"/>
        <line num="573" count="0" type="cond" truecount="0" falsecount="2"/>
        <line num="574" count="0" type="stmt"/>
        <line num="577" count="0" type="stmt"/>
        <line num="581" count="0" type="stmt"/>
        <line num="583" count="0" type="stmt"/>
        <line num="591" count="0" type="stmt"/>
        <line num="596" count="0" type="stmt"/>
        <line num="600" count="1" type="stmt"/>
        <line num="601" count="0" type="stmt"/>
        <line num="602" count="0" type="stmt"/>
        <line num="604" count="0" type="stmt"/>
        <line num="606" count="0" type="cond" truecount="0" falsecount="2"/>
        <line num="607" count="0" type="stmt"/>
        <line num="612" count="0" type="stmt"/>
        <line num="614" count="0" type="stmt"/>
        <line num="616" count="0" type="stmt"/>
        <line num="618" count="0" type="stmt"/>
        <line num="620" count="0" type="stmt"/>
        <line num="622" count="0" type="stmt"/>
        <line num="630" count="0" type="stmt"/>
        <line num="635" count="0" type="stmt"/>
        <line num="639" count="1" type="stmt"/>
      </file>
      <file name="submissionController.js" path="D:\Project-HKI\app\controllers\submissionController.js">
        <metrics statements="178" coveredstatements="16" conditionals="154" coveredconditionals="0" methods="11" coveredmethods="0"/>
        <line num="8" count="1" type="stmt"/>
        <line num="10" count="1" type="stmt"/>
        <line num="11" count="1" type="stmt"/>
        <line num="12" count="1" type="stmt"/>
        <line num="14" count="1" type="stmt"/>
        <line num="15" count="1" type="stmt"/>
        <line num="17" count="1" type="stmt"/>
        <line num="18" count="0" type="stmt"/>
        <line num="19" count="0" type="cond" truecount="0" falsecount="2"/>
        <line num="20" count="0" type="cond" truecount="0" falsecount="2"/>
        <line num="22" count="0" type="cond" truecount="0" falsecount="2"/>
        <line num="23" count="0" type="stmt"/>
        <line num="25" count="0" type="stmt"/>
        <line num="31" count="0" type="stmt"/>
        <line num="34" count="0" type="stmt"/>
        <line num="39" count="0" type="stmt"/>
        <line num="48" count="0" type="stmt"/>
        <line num="51" count="1" type="stmt"/>
        <line num="52" count="0" type="stmt"/>
        <line num="53" count="0" type="cond" truecount="0" falsecount="2"/>
        <line num="54" count="0" type="stmt"/>
        <line num="55" count="0" type="cond" truecount="0" falsecount="4"/>
        <line num="56" count="0" type="cond" truecount="0" falsecount="2"/>
        <line num="66" count="0" type="stmt"/>
        <line num="68" count="0" type="stmt"/>
        <line num="69" count="0" type="stmt"/>
        <line num="71" count="0" type="cond" truecount="0" falsecount="2"/>
        <line num="72" count="0" type="stmt"/>
        <line num="75" count="0" type="cond" truecount="0" falsecount="2"/>
        <line num="76" count="0" type="stmt"/>
        <line num="81" count="0" type="cond" truecount="0" falsecount="2"/>
        <line num="82" count="0" type="stmt"/>
        <line num="83" count="0" type="stmt"/>
        <line num="84" count="0" type="stmt"/>
        <line num="86" count="0" type="stmt"/>
        <line num="92" count="0" type="stmt"/>
        <line num="132" count="0" type="stmt"/>
        <line num="134" count="0" type="cond" truecount="0" falsecount="2"/>
        <line num="135" count="0" type="stmt"/>
        <line num="136" count="0" type="stmt"/>
        <line num="138" count="0" type="stmt"/>
        <line num="149" count="0" type="stmt"/>
        <line num="158" count="0" type="stmt"/>
        <line num="162" count="1" type="stmt"/>
        <line num="163" count="0" type="stmt"/>
        <line num="164" count="0" type="stmt"/>
        <line num="166" count="0" type="stmt"/>
        <line num="168" count="0" type="cond" truecount="0" falsecount="2"/>
        <line num="169" count="0" type="stmt"/>
        <line num="172" count="0" type="stmt"/>
        <line num="177" count="0" type="stmt"/>
        <line num="181" count="1" type="stmt"/>
        <line num="182" count="0" type="stmt"/>
        <line num="183" count="0" type="stmt"/>
        <line num="185" count="0" type="stmt"/>
        <line num="190" count="0" type="stmt"/>
        <line num="198" count="0" type="stmt"/>
        <line num="203" count="0" type="stmt"/>
        <line num="207" count="1" type="stmt"/>
        <line num="208" count="0" type="stmt"/>
        <line num="209" count="0" type="stmt"/>
        <line num="211" count="0" type="stmt"/>
        <line num="213" count="0" type="cond" truecount="0" falsecount="2"/>
        <line num="214" count="0" type="stmt"/>
        <line num="217" count="0" type="stmt"/>
        <line num="221" count="0" type="stmt"/>
        <line num="229" count="0" type="stmt"/>
        <line num="234" count="0" type="stmt"/>
        <line num="238" count="1" type="stmt"/>
        <line num="239" count="0" type="stmt"/>
        <line num="240" count="0" type="stmt"/>
        <line num="241" count="0" type="cond" truecount="0" falsecount="2"/>
        <line num="242" count="0" type="cond" truecount="0" falsecount="4"/>
        <line num="243" count="0" type="stmt"/>
        <line num="249" count="0" type="cond" truecount="0" falsecount="2"/>
        <line num="253" count="0" type="cond" truecount="0" falsecount="2"/>
        <line num="255" count="0" type="stmt"/>
        <line num="256" count="0" type="stmt"/>
        <line num="257" count="0" type="stmt"/>
        <line num="259" count="0" type="cond" truecount="0" falsecount="2"/>
        <line num="260" count="0" type="stmt"/>
        <line num="261" count="0" type="cond" truecount="0" falsecount="2"/>
        <line num="262" count="0" type="cond" truecount="0" falsecount="4"/>
        <line num="263" count="0" type="stmt"/>
        <line num="268" count="0" type="cond" truecount="0" falsecount="2"/>
        <line num="269" count="0" type="stmt"/>
        <line num="273" count="0" type="stmt"/>
        <line num="279" count="0" type="stmt"/>
        <line num="288" count="0" type="stmt"/>
        <line num="296" count="0" type="stmt"/>
        <line num="301" count="0" type="stmt"/>
        <line num="305" count="1" type="stmt"/>
        <line num="306" count="0" type="stmt"/>
        <line num="307" count="0" type="stmt"/>
        <line num="308" count="0" type="cond" truecount="0" falsecount="2"/>
        <line num="309" count="0" type="cond" truecount="0" falsecount="2"/>
        <line num="311" count="0" type="cond" truecount="0" falsecount="2"/>
        <line num="313" count="0" type="cond" truecount="0" falsecount="4"/>
        <line num="314" count="0" type="stmt"/>
        <line num="320" count="0" type="cond" truecount="0" falsecount="2"/>
        <line num="324" count="0" type="stmt"/>
        <line num="325" count="0" type="cond" truecount="0" falsecount="2"/>
        <line num="326" count="0" type="stmt"/>
        <line num="329" count="0" type="stmt"/>
        <line num="331" count="0" type="stmt"/>
        <line num="332" count="0" type="stmt"/>
        <line num="333" count="0" type="stmt"/>
        <line num="335" count="0" type="cond" truecount="0" falsecount="2"/>
        <line num="336" count="0" type="stmt"/>
        <line num="337" count="0" type="cond" truecount="0" falsecount="2"/>
        <line num="338" count="0" type="cond" truecount="0" falsecount="4"/>
        <line num="339" count="0" type="stmt"/>
        <line num="344" count="0" type="cond" truecount="0" falsecount="2"/>
        <line num="345" count="0" type="stmt"/>
        <line num="349" count="0" type="stmt"/>
        <line num="355" count="0" type="stmt"/>
        <line num="364" count="0" type="cond" truecount="0" falsecount="2"/>
        <line num="365" count="0" type="stmt"/>
        <line num="366" count="0" type="stmt"/>
        <line num="368" count="0" type="cond" truecount="0" falsecount="2"/>
        <line num="369" count="0" type="cond" truecount="0" falsecount="2"/>
        <line num="370" count="0" type="stmt"/>
        <line num="375" count="0" type="cond" truecount="0" falsecount="2"/>
        <line num="376" count="0" type="stmt"/>
        <line num="380" count="0" type="stmt"/>
        <line num="385" count="0" type="stmt"/>
        <line num="389" count="0" type="stmt"/>
        <line num="397" count="0" type="stmt"/>
        <line num="402" count="0" type="stmt"/>
        <line num="406" count="1" type="stmt"/>
        <line num="407" count="0" type="stmt"/>
        <line num="408" count="0" type="stmt"/>
        <line num="409" count="0" type="cond" truecount="0" falsecount="2"/>
        <line num="410" count="0" type="cond" truecount="0" falsecount="2"/>
[...]
        <line num="31" count="1" type="stmt"/>
        <line num="38" count="1" type="stmt"/>
        <line num="45" count="1" type="stmt"/>
        <line num="52" count="1" type="stmt"/>
        <line num="59" count="1" type="stmt"/>
      </file>
      <file name="helpCenterRouter.js" path="D:\Project-HKI\app\routes\helpCenterRouter.js">
        <metrics statements="10" coveredstatements="10" conditionals="0" coveredconditionals="0" methods="0" coveredmethods="0"/>
        <line num="1" count="1" type="stmt"/>
        <line num="3" count="1" type="stmt"/>
        <line num="4" count="1" type="stmt"/>
        <line num="5" count="1" type="stmt"/>
        <line num="7" count="1" type="stmt"/>
        <line num="14" count="1" type="stmt"/>
        <line num="15" count="1" type="stmt"/>
        <line num="16" count="1" type="stmt"/>
        <line num="17" count="1" type="stmt"/>
        <line num="19" count="1" type="stmt"/>
      </file>
      <file name="index.js" path="D:\Project-HKI\app\routes\index.js">
        <metrics statements="35" coveredstatements="35" conditionals="0" coveredconditionals="0" methods="0" coveredmethods="0"/>
        <line num="1" count="1" type="stmt"/>
        <line num="2" count="1" type="stmt"/>
        <line num="4" count="1" type="stmt"/>
        <line num="5" count="1" type="stmt"/>
        <line num="6" count="1" type="stmt"/>
        <line num="7" count="1" type="stmt"/>
        <line num="8" count="1" type="stmt"/>
        <line num="9" count="1" type="stmt"/>
        <line num="10" count="1" type="stmt"/>
        <line num="11" count="1" type="stmt"/>
        <line num="12" count="1" type="stmt"/>
        <line num="13" count="1" type="stmt"/>
        <line num="14" count="1" type="stmt"/>
        <line num="15" count="1" type="stmt"/>
        <line num="16" count="1" type="stmt"/>
        <line num="17" count="1" type="stmt"/>
        <line num="18" count="1" type="stmt"/>
        <line num="19" count="1" type="stmt"/>
        <line num="21" count="1" type="stmt"/>
        <line num="22" count="1" type="stmt"/>
        <line num="23" count="1" type="stmt"/>
        <line num="24" count="1" type="stmt"/>
        <line num="25" count="1" type="stmt"/>
        <line num="26" count="1" type="stmt"/>
        <line num="27" count="1" type="stmt"/>
        <line num="28" count="1" type="stmt"/>
        <line num="29" count="1" type="stmt"/>
        <line num="30" count="1" type="stmt"/>
        <line num="31" count="1" type="stmt"/>
        <line num="32" count="1" type="stmt"/>
        <line num="33" count="1" type="stmt"/>
        <line num="34" count="1" type="stmt"/>
        <line num="35" count="1" type="stmt"/>
        <line num="36" count="1" type="stmt"/>
        <line num="38" count="1" type="stmt"/>
      </file>
      <file name="notificationRouter.js" path="D:\Project-HKI\app\routes\notificationRouter.js">
        <metrics statements="8" coveredstatements="8" conditionals="0" coveredconditionals="0" methods="0" coveredmethods="0"/>
        <line num="1" count="1" type="stmt"/>
        <line num="3" count="1" type="stmt"/>
        <line num="4" count="1" type="stmt"/>
        <line num="6" count="1" type="stmt"/>
        <line num="8" count="1" type="stmt"/>
        <line num="10" count="1" type="stmt"/>
        <line num="12" count="1" type="stmt"/>
        <line num="14" count="1" type="stmt"/>
      </file>
      <file name="patentRouter.js" path="D:\Project-HKI\app\routes\patentRouter.js">
        <metrics statements="23" coveredstatements="13" conditionals="4" coveredconditionals="0" methods="4" coveredmethods="0"/>
        <line num="1" count="1" type="stmt"/>
        <line num="3" count="1" type="stmt"/>
        <line num="4" count="1" type="stmt"/>
        <line num="5" count="1" type="stmt"/>
        <line num="7" count="1" type="stmt"/>
        <line num="11" count="0" type="stmt"/>
        <line num="15" count="0" type="cond" truecount="0" falsecount="2"/>
        <line num="16" count="0" type="stmt"/>
        <line num="17" count="0" type="stmt"/>
        <line num="19" count="0" type="stmt"/>
        <line num="25" count="1" type="stmt"/>
        <line num="27" count="1" type="stmt"/>
        <line num="31" count="0" type="stmt"/>
        <line num="41" count="0" type="cond" truecount="0" falsecount="2"/>
        <line num="42" count="0" type="stmt"/>
        <line num="43" count="0" type="stmt"/>
        <line num="45" count="0" type="stmt"/>
        <line num="51" count="1" type="stmt"/>
        <line num="53" count="1" type="stmt"/>
        <line num="55" count="1" type="stmt"/>
        <line num="57" count="1" type="stmt"/>
        <line num="59" count="1" type="stmt"/>
        <line num="61" count="1" type="stmt"/>
      </file>
      <file name="paymentRouter.js" path="D:\Project-HKI\app\routes\paymentRouter.js">
        <metrics statements="9" coveredstatements="9" conditionals="0" coveredconditionals="0" methods="0" coveredmethods="0"/>
        <line num="1" count="1" type="stmt"/>
        <line num="3" count="1" type="stmt"/>
        <line num="4" count="1" type="stmt"/>
        <line num="5" count="1" type="stmt"/>
        <line num="7" count="1" type="stmt"/>
        <line num="9" count="1" type="stmt"/>
        <line num="11" count="1" type="stmt"/>
        <line num="13" count="1" type="stmt"/>
        <line num="20" count="1" type="stmt"/>
      </file>
      <file name="periodRouter.js" path="D:\Project-HKI\app\routes\periodRouter.js">
        <metrics statements="22" coveredstatements="22" conditionals="0" coveredconditionals="0" methods="0" coveredmethods="0"/>
        <line num="1" count="1" type="stmt"/>
        <line num="3" count="1" type="stmt"/>
        <line num="4" count="1" type="stmt"/>
        <line num="5" count="1" type="stmt"/>
        <line num="7" count="1" type="stmt"/>
        <line num="14" count="1" type="stmt"/>
        <line num="21" count="1" type="stmt"/>
        <line num="23" count="1" type="stmt"/>
        <line num="25" count="1" type="stmt"/>
        <line num="27" count="1" type="stmt"/>
        <line num="29" count="1" type="stmt"/>
        <line num="31" count="1" type="stmt"/>
        <line num="32" count="1" type="stmt"/>
        <line num="34" count="1" type="stmt"/>
        <line num="36" count="1" type="stmt"/>
        <line num="38" count="1" type="stmt"/>
        <line num="40" count="1" type="stmt"/>
        <line num="47" count="1" type="stmt"/>
        <line num="54" count="1" type="stmt"/>
        <line num="61" count="1" type="stmt"/>
        <line num="68" count="1" type="stmt"/>
        <line num="75" count="1" type="stmt"/>
      </file>
      <file name="submissionRouter.js" path="D:\Project-HKI\app\routes\submissionRouter.js">
        <metrics statements="30" coveredstatements="15" conditionals="6" coveredconditionals="0" methods="6" coveredmethods="0"/>
        <line num="1" count="1" type="stmt"/>
        <line num="3" count="1" type="stmt"/>
        <line num="4" count="1" type="stmt"/>
        <line num="5" count="1" type="stmt"/>
        <line num="6" count="1" type="stmt"/>
        <line num="8" count="1" type="stmt"/>
        <line num="9" count="1" type="stmt"/>
        <line num="10" count="1" type="stmt"/>
        <line num="11" count="1" type="stmt"/>
        <line num="15" count="0" type="stmt"/>
        <line num="16" count="0" type="cond" truecount="0" falsecount="2"/>
        <line num="17" count="0" type="stmt"/>
        <line num="18" count="0" type="stmt"/>
        <line num="20" count="0" type="stmt"/>
        <line num="25" count="1" type="stmt"/>
        <line num="29" count="0" type="stmt"/>
        <line num="33" count="0" type="cond" truecount="0" falsecount="2"/>
        <line num="34" count="0" type="stmt"/>
        <line num="35" count="0" type="stmt"/>
        <line num="37" count="0" type="stmt"/>
        <line num="42" count="1" type="stmt"/>
        <line num="46" count="0" type="stmt"/>
        <line num="50" count="0" type="cond" truecount="0" falsecount="2"/>
        <line num="51" count="0" type="stmt"/>
        <line num="52" count="0" type="stmt"/>
        <line num="54" count="0" type="stmt"/>
        <line num="59" count="1" type="stmt"/>
        <line num="60" count="1" type="stmt"/>
        <line num="61" count="1" type="stmt"/>
        <line num="63" count="1" type="stmt"/>
      </file>
      <file name="termsConditionRouter.js" path="D:\Project-HKI\app\routes\termsConditionRouter.js">
        <metrics statements="11" coveredstatements="11" conditionals="0" coveredconditionals="0" methods="0" coveredmethods="0"/>
        <line num="1" count="1" type="stmt"/>
        <line num="3" count="1" type="stmt"/>
        <line num="4" count="1" type="stmt"/>
        <line num="5" count="1" type="stmt"/>
        <line num="7" count="1" type="stmt"/>
        <line num="14" count="1" type="stmt"/>
        <line num="21" count="1" type="stmt"/>
        <line num="23" count="1" type="stmt"/>
        <line num="25" count="1" type="stmt"/>
        <line num="27" count="1" type="stmt"/>
        <line num="34" count="1" type="stmt"/>
      </file>
      <file name="userRouter.js" path="D:\Project-HKI\app\routes\userRouter.js">
        <metrics statements="13" coveredstatements="13" conditionals="0" coveredconditionals="0" methods="0" coveredmethods="0"/>
        <line num="1" count="1" type="stmt"/>
        <line num="3" count="1" type="stmt"/>
        <line num="4" count="1" type="stmt"/>
        <line num="5" count="1" type="stmt"/>
        <line num="6" count="1" type="stmt"/>
        <line num="7" count="1" type="stmt"/>
        <line num="9" count="1" type="stmt"/>
        <line num="17" count="1" type="stmt"/>
        <line num="24" count="1" type="stmt"/>
        <line num="26" count="1" type="stmt"/>
        <line num="28" count="1" type="stmt"/>
        <line num="30" count="1" type="stmt"/>
        <line num="37" count="1" type="stmt"/>
      </file>
      <file name="userSubmissionRouter.js" path="D:\Project-HKI\app\routes\userSubmissionRouter.js">
        <metrics statements="18" coveredstatements="18" conditionals="0" coveredconditionals="0" methods="0" coveredmethods="0"/>
        <line num="1" count="1" type="stmt"/>
        <line num="3" count="1" type="stmt"/>
        <line num="4" count="1" type="stmt"/>
        <line num="5" count="1" type="stmt"/>
        <line num="7" count="1" type="stmt"/>
        <line num="13" count="1" type="stmt"/>
        <line num="20" count="1" type="stmt"/>
        <line num="26" count="1" type="stmt"/>
        <line num="32" count="1" type="stmt"/>
        <line num="34" count="1" type="stmt"/>
        <line num="36" count="1" type="stmt"/>
        <line num="38" count="1" type="stmt"/>
        <line num="40" count="1" type="stmt"/>
        <line num="42" count="1" type="stmt"/>
        <line num="48" count="1" type="stmt"/>
        <line num="50" count="1" type="stmt"/>
        <line num="52" count="1" type="stmt"/>
        <line num="54" count="1" type="stmt"/>
      </file>
    </package>
    <package name="emails.services">
      <metrics statements="6" coveredstatements="6" conditionals="0" coveredconditionals="0" methods="1" coveredmethods="1"/>
      <file name="sendMail.js" path="D:\Project-HKI\emails\services\sendMail.js">
        <metrics statements="6" coveredstatements="6" conditionals="0" coveredconditionals="0" methods="1" coveredmethods="1"/>
        <line num="1" count="1" type="stmt"/>
        <line num="3" count="1" type="stmt"/>
        <line num="4" count="1" type="stmt"/>
        <line num="14" count="1" type="stmt"/>
        <line num="21" count="1" type="stmt"/>
        <line num="24" count="1" type="stmt"/>
      </file>
    </package>
    <package name="emails.templates">
      <metrics statements="45" coveredstatements="23" conditionals="20" coveredconditionals="0" methods="11" coveredmethods="1"/>
      <file name="PaymentConfirmationMail.js" path="D:\Project-HKI\emails\templates\PaymentConfirmationMail.js">
        <metrics statements="3" coveredstatements="2" conditionals="0" coveredconditionals="0" methods="1" coveredmethods="0"/>
        <line num="1" count="1" type="stmt"/>
        <line num="2" count="0" type="stmt"/>
        <line num="54" count="1" type="stmt"/>
      </file>
      <file name="brandSubmissionMail.js" path="D:\Project-HKI\emails\templates\brandSubmissionMail.js">
        <metrics statements="6" coveredstatements="2" conditionals="5" coveredconditionals="0" methods="1" coveredmethods="0"/>
        <line num="1" count="1" type="cond" truecount="0" falsecount="1"/>
        <line num="2" count="0" type="stmt"/>
        <line num="4" count="0" type="cond" truecount="0" falsecount="2"/>
        <line num="5" count="0" type="cond" truecount="0" falsecount="2"/>
        <line num="9" count="0" type="stmt"/>
        <line num="59" count="1" type="stmt"/>
      </file>
      <file name="copyrightSubmissionMail.js" path="D:\Project-HKI\emails\templates\copyrightSubmissionMail.js">
        <metrics statements="6" coveredstatements="2" conditionals="5" coveredconditionals="0" methods="1" coveredmethods="0"/>
        <line num="1" count="1" type="stmt"/>
        <line num="7" count="0" type="stmt"/>
        <line num="9" count="0" type="cond" truecount="0" falsecount="2"/>
        <line num="12" count="0" type="cond" truecount="0" falsecount="2"/>
        <line num="16" count="0" type="stmt"/>
        <line num="67" count="1" type="stmt"/>
      </file>
      <file name="helpCenterMailAdmin.js" path="D:\Project-HKI\emails\templates\helpCenterMailAdmin.js">
        <metrics statements="3" coveredstatements="2" conditionals="0" coveredconditionals="0" methods="1" coveredmethods="0"/>
        <line num="1" count="1" type="stmt"/>
        <line num="2" count="0" type="stmt"/>
        <line num="67" count="1" type="stmt"/>
      </file>
      <file name="helpCenterMailUser.js" path="D:\Project-HKI\emails\templates\helpCenterMailUser.js">
        <metrics statements="3" coveredstatements="2" conditionals="0" coveredconditionals="0" methods="1" coveredmethods="0"/>
        <line num="1" count="1" type="stmt"/>
        <line num="2" count="0" type="stmt"/>
        <line num="64" count="1" type="stmt"/>
      </file>
      <file name="industrialDesignSubmissionMail.js" path="D:\Project-HKI\emails\templates\industrialDesignSubmissionMail.js">
        <metrics statements="6" coveredstatements="2" conditionals="5" coveredconditionals="0" methods="1" coveredmethods="0"/>
        <line num="1" count="1" type="stmt"/>
        <line num="6" count="0" type="stmt"/>
        <line num="8" count="0" type="cond" truecount="0" falsecount="2"/>
        <line num="12" count="0" type="cond" truecount="0" falsecount="2"/>
        <line num="16" count="0" type="stmt"/>
        <line num="66" count="1" type="stmt"/>
      </file>
      <file name="patentSubmissionMail.js" path="D:\Project-HKI\emails\templates\patentSubmissionMail.js">
        <metrics statements="6" coveredstatements="2" conditionals="5" coveredconditionals="0" methods="1" coveredmethods="0"/>
        <line num="1" count="1" type="cond" truecount="0" falsecount="1"/>
        <line num="2" count="0" type="stmt"/>
        <line num="4" count="0" type="cond" truecount="0" falsecount="2"/>
        <line num="6" count="0" type="cond" truecount="0" falsecount="2"/>
        <line num="10" count="0" type="stmt"/>
        <line num="60" count="1" type="stmt"/>
      </file>
      <file name="progressSubmissionMail.js" path="D:\Project-HKI\emails\templates\progressSubmissionMail.js">
        <metrics statements="3" coveredstatements="2" conditionals="0" coveredconditionals="0" methods="1" coveredmethods="0"/>
        <line num="1" count="1" type="stmt"/>
        <line num="2" count="0" type="stmt"/>
        <line num="72" count="1" type="stmt"/>
      </file>
      <file name="resetPasswordMail.js" path="D:\Project-HKI\emails\templates\resetPasswordMail.js">
        <metrics statements="3" coveredstatements="2" conditionals="0" coveredconditionals="0" methods="1" coveredmethods="0"/>
        <line num="1" count="1" type="stmt"/>
        <line num="2" count="0" type="stmt"/>
        <line num="67" count="1" type="stmt"/>
      </file>
      <file name="statusSubmissionMail.js" path="D:\Project-HKI\emails\templates\statusSubmissionMail.js">
        <metrics statements="3" coveredstatements="2" conditionals="0" coveredconditionals="0" methods="1" coveredmethods="0"/>
        <line num="1" count="1" type="stmt"/>
        <line num="2" count="0" type="stmt"/>
        <line num="72" count="1" type="stmt"/>
      </file>
      <file name="verificationMail.js" path="D:\Project-HKI\emails\templates\verificationMail.js">
        <metrics statements="3" coveredstatements="3" conditionals="0" coveredconditionals="0" methods="1" coveredmethods="1"/>
        <line num="1" count="1" type="stmt"/>
        <line num="2" count="1" type="stmt"/>
        <line num="66" count="1" type="stmt"/>
      </file>
    </package>
    <package name="utils">
      <metrics statements="45" coveredstatements="43" conditionals="8" coveredconditionals="6" methods="11" coveredmethods="11"/>
      <file name="apiError.js" path="D:\Project-HKI\utils\apiError.js">
        <metrics statements="5" coveredstatements="5" conditionals="2" coveredconditionals="1" methods="1" coveredmethods="1"/>
        <line num="3" count="1" type="stmt"/>
        <line num="5" count="1" type="stmt"/>
        <line num="6" count="1" type="cond" truecount="1" falsecount="1"/>
        <line num="8" count="1" type="stmt"/>
        <line num="12" count="1" type="stmt"/>
      </file>
      <file name="profanityFilter.js" path="D:\Project-HKI\utils\profanityFilter.js">
        <metrics statements="40" coveredstatements="38" conditionals="6" coveredconditionals="5" methods="10" coveredmethods="10"/>
        <line num="1" count="1" type="stmt"/>
        <line num="2" count="1" type="stmt"/>
        <line num="3" count="1" type="stmt"/>
        <line num="5" count="1" type="stmt"/>
        <line num="7" count="1" type="stmt"/>
        <line num="8" count="1" type="stmt"/>
        <line num="9" count="1" type="stmt"/>
        <line num="10" count="132" type="stmt"/>
        <line num="12" count="0" type="stmt"/>
        <line num="13" count="0" type="stmt"/>
        <line num="17" count="1" type="stmt"/>
        <line num="19" count="1" type="stmt"/>
        <line num="25" count="1" type="stmt"/>
        <line num="26" count="132" type="stmt"/>
        <line num="30" count="1" type="stmt"/>
        <line num="31" count="22" type="stmt"/>
        <line num="40" count="22" type="stmt"/>
        <line num="42" count="196" type="cond" truecount="2" falsecount="0"/>
        <line num="46" count="1" type="stmt"/>
        <line num="47" count="22" type="stmt"/>
        <line num="48" count="22" type="stmt"/>
        <line num="51" count="1" type="stmt"/>
        <line num="52" count="16" type="stmt"/>
        <line num="53" count="16" type="stmt"/>
        <line num="54" count="22" type="stmt"/>
        <line num="57" count="22" type="cond" truecount="1" falsecount="1"/>
        <line num="59" count="22" type="stmt"/>
        <line num="60" count="22" type="stmt"/>
        <line num="62" count="22" type="cond" truecount="2" falsecount="0"/>
        <line num="63" count="1" type="stmt"/>
        <line num="66" count="1" type="stmt"/>
        <line num="69" count="15" type="stmt"/>
        <line num="72" count="1" type="stmt"/>
        <line num="73" count="15" type="stmt"/>
        <line num="74" count="15" type="stmt"/>
        <line num="75" count="1980" type="stmt"/>
        <line num="76" count="1980" type="stmt"/>
        <line num="77" count="1980" type="stmt"/>
        <line num="79" count="15" type="stmt"/>
        <line num="82" count="1" type="stmt"/>
      </file>
    </package>
  </project>
</coverage>
