{"D:\\Project-HKI\\app\\index.js": {"path":"D:\\Project-HKI\\app\\index.js","statementMap":{"0":{"start":{"line":1,"column":16},"end":{"line":1,"column":34}},"1":{"start":{"line":2,"column":15},"end":{"line":2,"column":32}},"2":{"start":{"line":3,"column":13},"end":{"line":3,"column":28}},"3":{"start":{"line":4,"column":13},"end":{"line":4,"column":28}},"4":{"start":{"line":6,"column":17},"end":{"line":6,"column":45}},"5":{"start":{"line":7,"column":21},"end":{"line":7,"column":61}},"6":{"start":{"line":8,"column":15},"end":{"line":8,"column":34}},"7":{"start":{"line":10,"column":12},"end":{"line":10,"column":21}},"8":{"start":{"line":12,"column":0},"end":{"line":12,"column":24}},"9":{"start":{"line":13,"column":0},"end":{"line":13,"column":16}},"10":{"start":{"line":14,"column":0},"end":{"line":14,"column":48}},"11":{"start":{"line":15,"column":0},"end":{"line":15,"column":72}},"12":{"start":{"line":17,"column":0},"end":{"line":17,"column":23}},"13":{"start":{"line":18,"column":0},"end":{"line":18,"column":16}},"14":{"start":{"line":20,"column":0},"end":{"line":22,"column":3}},"15":{"start":{"line":21,"column":2},"end":{"line":21,"column":51}},"16":{"start":{"line":24,"column":0},"end":{"line":24,"column":22}},"17":{"start":{"line":26,"column":0},"end":{"line":26,"column":21}}},"fnMap":{"0":{"name":"(anonymous_0)","decl":{"start":{"line":20,"column":19},"end":{"line":20,"column":20}},"loc":{"start":{"line":20,"column":39},"end":{"line":22,"column":1}},"line":20}},"branchMap":{},"s":{"0":1,"1":1,"2":1,"3":1,"4":1,"5":1,"6":1,"7":1,"8":1,"9":1,"10":1,"11":1,"12":1,"13":1,"14":1,"15":0,"16":1,"17":1},"f":{"0":0},"b":{},"_coverageSchema":"1a1c01bbd47fc00a2c39e90264f33305004495a9","hash":"e18d65c4abe41f7ed237854bc52f8b93fa8f09a1"}
,"D:\\Project-HKI\\app\\controllers\\activityLogController.js": {"path":"D:\\Project-HKI\\app\\controllers\\activityLogController.js","statementMap":{"0":{"start":{"line":1,"column":25},"end":{"line":1,"column":45}},"1":{"start":{"line":3,"column":24},"end":{"line":39,"column":1}},"2":{"start":{"line":4,"column":2},"end":{"line":38,"column":3}},"3":{"start":{"line":5,"column":15},"end":{"line":5,"column":44}},"4":{"start":{"line":6,"column":16},"end":{"line":6,"column":47}},"5":{"start":{"line":8,"column":4},"end":{"line":17,"column":5}},"6":{"start":{"line":9,"column":27},"end":{"line":12,"column":8}},"7":{"start":{"line":13,"column":6},"end":{"line":16,"column":9}},"8":{"start":{"line":19,"column":19},"end":{"line":19,"column":37}},"9":{"start":{"line":21,"column":42},"end":{"line":26,"column":6}},"10":{"start":{"line":28,"column":4},"end":{"line":35,"column":7}},"11":{"start":{"line":37,"column":4},"end":{"line":37,"column":41}},"12":{"start":{"line":41,"column":0},"end":{"line":41,"column":37}}},"fnMap":{"0":{"name":"(anonymous_0)","decl":{"start":{"line":3,"column":24},"end":{"line":3,"column":25}},"loc":{"start":{"line":3,"column":50},"end":{"line":39,"column":1}},"line":3}},"branchMap":{"0":{"loc":{"start":{"line":5,"column":15},"end":{"line":5,"column":44}},"type":"binary-expr","locations":[{"start":{"line":5,"column":15},"end":{"line":5,"column":39}},{"start":{"line":5,"column":43},"end":{"line":5,"column":44}}],"line":5},"1":{"loc":{"start":{"line":6,"column":16},"end":{"line":6,"column":47}},"type":"binary-expr","locations":[{"start":{"line":6,"column":16},"end":{"line":6,"column":41}},{"start":{"line":6,"column":45},"end":{"line":6,"column":47}}],"line":6},"2":{"loc":{"start":{"line":8,"column":4},"end":{"line":17,"column":5}},"type":"if","locations":[{"start":{"line":8,"column":4},"end":{"line":17,"column":5}},{"start":{},"end":{}}],"line":8}},"s":{"0":1,"1":1,"2":0,"3":0,"4":0,"5":0,"6":0,"7":0,"8":0,"9":0,"10":0,"11":0,"12":1},"f":{"0":0},"b":{"0":[0,0],"1":[0,0],"2":[0,0]},"_coverageSchema":"1a1c01bbd47fc00a2c39e90264f33305004495a9","hash":"15dfaab78a500c9341870b90f5e52b0da3a42f0b"}
,"D:\\Project-HKI\\app\\controllers\\authController.js": {"path":"D:\\Project-HKI\\app\\controllers\\authController.js","statementMap":{"0":{"start":{"line":1,"column":26},"end":{"line":1,"column":58}},"1":{"start":{"line":2,"column":20},"end":{"line":2,"column":54}},"2":{"start":{"line":3,"column":15},"end":{"line":3,"column":32}},"3":{"start":{"line":4,"column":12},"end":{"line":4,"column":35}},"4":{"start":{"line":5,"column":18},"end":{"line":5,"column":38}},"5":{"start":{"line":7,"column":18},"end":{"line":7,"column":59}},"6":{"start":{"line":8,"column":25},"end":{"line":8,"column":75}},"7":{"start":{"line":9,"column":26},"end":{"line":9,"column":77}},"8":{"start":{"line":10,"column":17},"end":{"line":10,"column":48}},"9":{"start":{"line":14,"column":4},"end":{"line":14,"column":42}},"10":{"start":{"line":16,"column":17},"end":{"line":80,"column":1}},"11":{"start":{"line":25,"column":6},"end":{"line":25,"column":14}},"12":{"start":{"line":27,"column":2},"end":{"line":79,"column":3}},"13":{"start":{"line":28,"column":4},"end":{"line":37,"column":5}},"14":{"start":{"line":29,"column":6},"end":{"line":36,"column":7}},"15":{"start":{"line":30,"column":8},"end":{"line":34,"column":9}},"16":{"start":{"line":31,"column":10},"end":{"line":33,"column":13}},"17":{"start":{"line":35,"column":8},"end":{"line":35,"column":50}},"18":{"start":{"line":39,"column":25},"end":{"line":39,"column":66}},"19":{"start":{"line":41,"column":4},"end":{"line":43,"column":5}},"20":{"start":{"line":42,"column":6},"end":{"line":42,"column":73}},"21":{"start":{"line":45,"column":27},"end":{"line":45,"column":58}},"22":{"start":{"line":47,"column":23},"end":{"line":49,"column":6}},"23":{"start":{"line":51,"column":20},"end":{"line":62,"column":6}},"24":{"start":{"line":64,"column":29},"end":{"line":64,"column":86}},"25":{"start":{"line":66,"column":4},"end":{"line":70,"column":7}},"26":{"start":{"line":72,"column":4},"end":{"line":76,"column":7}},"27":{"start":{"line":78,"column":4},"end":{"line":78,"column":14}},"28":{"start":{"line":83,"column":14},"end":{"line":138,"column":1}},"29":{"start":{"line":84,"column":30},"end":{"line":84,"column":38}},"30":{"start":{"line":86,"column":2},"end":{"line":137,"column":3}},"31":{"start":{"line":87,"column":17},"end":{"line":87,"column":58}},"32":{"start":{"line":89,"column":4},"end":{"line":91,"column":5}},"33":{"start":{"line":90,"column":6},"end":{"line":90,"column":75}},"34":{"start":{"line":93,"column":28},"end":{"line":93,"column":73}},"35":{"start":{"line":95,"column":4},"end":{"line":97,"column":5}},"36":{"start":{"line":96,"column":6},"end":{"line":96,"column":75}},"37":{"start":{"line":99,"column":4},"end":{"line":103,"column":5}},"38":{"start":{"line":100,"column":6},"end":{"line":102,"column":64}},"39":{"start":{"line":105,"column":4},"end":{"line":133,"column":5}},"40":{"start":{"line":106,"column":22},"end":{"line":110,"column":7}},"41":{"start":{"line":112,"column":20},"end":{"line":114,"column":8}},"42":{"start":{"line":116,"column":6},"end":{"line":122,"column":9}},"43":{"start":{"line":124,"column":6},"end":{"line":124,"column":25}},"44":{"start":{"line":126,"column":6},"end":{"line":130,"column":9}},"45":{"start":{"line":132,"column":6},"end":{"line":132,"column":55}},"46":{"start":{"line":135,"column":4},"end":{"line":135,"column":39}},"47":{"start":{"line":136,"column":4},"end":{"line":136,"column":41}},"48":{"start":{"line":140,"column":20},"end":{"line":201,"column":1}},"49":{"start":{"line":141,"column":2},"end":{"line":200,"column":3}},"50":{"start":{"line":142,"column":24},"end":{"line":142,"column":32}},"51":{"start":{"line":144,"column":4},"end":{"line":146,"column":5}},"52":{"start":{"line":145,"column":6},"end":{"line":145,"column":54}},"53":{"start":{"line":148,"column":25},"end":{"line":148,"column":66}},"54":{"start":{"line":150,"column":20},"end":{"line":150,"column":32}},"55":{"start":{"line":152,"column":23},"end":{"line":152,"column":54}},"56":{"start":{"line":153,"column":4},"end":{"line":153,"column":28}},"57":{"start":{"line":155,"column":15},"end":{"line":155,"column":68}},"58":{"start":{"line":157,"column":4},"end":{"line":167,"column":5}},"59":{"start":{"line":158,"column":6},"end":{"line":166,"column":9}},"60":{"start":{"line":169,"column":18},"end":{"line":184,"column":5}},"61":{"start":{"line":186,"column":4},"end":{"line":192,"column":7}},"62":{"start":{"line":194,"column":4},"end":{"line":197,"column":7}},"63":{"start":{"line":199,"column":4},"end":{"line":199,"column":41}},"64":{"start":{"line":203,"column":20},"end":{"line":241,"column":1}},"65":{"start":{"line":204,"column":25},"end":{"line":204,"column":35}},"66":{"start":{"line":206,"column":2},"end":{"line":210,"column":3}},"67":{"start":{"line":207,"column":4},"end":{"line":209,"column":62}},"68":{"start":{"line":212,"column":2},"end":{"line":240,"column":3}},"69":{"start":{"line":213,"column":20},"end":{"line":213,"column":66}},"70":{"start":{"line":215,"column":17},"end":{"line":217,"column":6}},"71":{"start":{"line":219,"column":4},"end":{"line":221,"column":5}},"72":{"start":{"line":220,"column":6},"end":{"line":220,"column":76}},"73":{"start":{"line":223,"column":4},"end":{"line":227,"column":5}},"74":{"start":{"line":224,"column":6},"end":{"line":226,"column":67}},"75":{"start":{"line":229,"column":4},"end":{"line":229,"column":27}},"76":{"start":{"line":230,"column":4},"end":{"line":230,"column":22}},"77":{"start":{"line":232,"column":4},"end":{"line":234,"column":7}},"78":{"start":{"line":236,"column":4},"end":{"line":236,"column":23}},"79":{"start":{"line":237,"column":4},"end":{"line":239,"column":70}},"80":{"start":{"line":244,"column":31},"end":{"line":275,"column":1}},"81":{"start":{"line":245,"column":2},"end":{"line":274,"column":3}},"82":{"start":{"line":246,"column":22},"end":{"line":246,"column":30}},"83":{"start":{"line":247,"column":4},"end":{"line":249,"column":5}},"84":{"start":{"line":248,"column":6},"end":{"line":248,"column":57}},"85":{"start":{"line":250,"column":17},"end":{"line":250,"column":58}},"86":{"start":{"line":251,"column":4},"end":{"line":253,"column":5}},"87":{"start":{"line":252,"column":6},"end":{"line":252,"column":65}},"88":{"start":{"line":255,"column":18},"end":{"line":257,"column":6}},"89":{"start":{"line":259,"column":4},"end":{"line":259,"column":22}},"90":{"start":{"line":261,"column":21},"end":{"line":261,"column":70}},"91":{"start":{"line":263,"column":4},"end":{"line":267,"column":7}},"92":{"start":{"line":269,"column":4},"end":{"line":271,"column":7}},"93":{"start":{"line":273,"column":4},"end":{"line":273,"column":41}},"94":{"start":{"line":278,"column":22},"end":{"line":323,"column":1}},"95":{"start":{"line":279,"column":20},"end":{"line":279,"column":30}},"96":{"start":{"line":280,"column":43},"end":{"line":280,"column":51}},"97":{"start":{"line":282,"column":2},"end":{"line":284,"column":3}},"98":{"start":{"line":283,"column":4},"end":{"line":283,"column":71}},"99":{"start":{"line":286,"column":2},"end":{"line":288,"column":3}},"100":{"start":{"line":287,"column":4},"end":{"line":287,"column":75}},"101":{"start":{"line":290,"column":2},"end":{"line":294,"column":3}},"102":{"start":{"line":291,"column":4},"end":{"line":293,"column":79}},"103":{"start":{"line":296,"column":2},"end":{"line":322,"column":3}},"104":{"start":{"line":297,"column":20},"end":{"line":297,"column":61}},"105":{"start":{"line":298,"column":22},"end":{"line":298,"column":29}},"106":{"start":{"line":300,"column":17},"end":{"line":300,"column":58}},"107":{"start":{"line":302,"column":4},"end":{"line":304,"column":5}},"108":{"start":{"line":303,"column":6},"end":{"line":303,"column":76}},"109":{"start":{"line":306,"column":27},"end":{"line":306,"column":61}},"110":{"start":{"line":307,"column":4},"end":{"line":307,"column":35}},"111":{"start":{"line":309,"column":4},"end":{"line":309,"column":22}},"112":{"start":{"line":311,"column":4},"end":{"line":317,"column":7}},"113":{"start":{"line":319,"column":4},"end":{"line":319,"column":67}},"114":{"start":{"line":321,"column":4},"end":{"line":321,"column":41}},"115":{"start":{"line":326,"column":14},"end":{"line":344,"column":1}},"116":{"start":{"line":327,"column":2},"end":{"line":343,"column":3}},"117":{"start":{"line":328,"column":4},"end":{"line":340,"column":7}},"118":{"start":{"line":342,"column":4},"end":{"line":342,"column":41}},"119":{"start":{"line":346,"column":0},"end":{"line":354,"column":2}}},"fnMap":{"0":{"name":"(anonymous_0)","decl":{"start":{"line":16,"column":17},"end":{"line":16,"column":18}},"loc":{"start":{"line":16,"column":43},"end":{"line":80,"column":1}},"line":16},"1":{"name":"(anonymous_1)","decl":{"start":{"line":83,"column":14},"end":{"line":83,"column":15}},"loc":{"start":{"line":83,"column":40},"end":{"line":138,"column":1}},"line":83},"2":{"name":"(anonymous_2)","decl":{"start":{"line":140,"column":20},"end":{"line":140,"column":21}},"loc":{"start":{"line":140,"column":46},"end":{"line":201,"column":1}},"line":140},"3":{"name":"(anonymous_3)","decl":{"start":{"line":203,"column":20},"end":{"line":203,"column":21}},"loc":{"start":{"line":203,"column":46},"end":{"line":241,"column":1}},"line":203},"4":{"name":"(anonymous_4)","decl":{"start":{"line":244,"column":31},"end":{"line":244,"column":32}},"loc":{"start":{"line":244,"column":57},"end":{"line":275,"column":1}},"line":244},"5":{"name":"(anonymous_5)","decl":{"start":{"line":278,"column":22},"end":{"line":278,"column":23}},"loc":{"start":{"line":278,"column":48},"end":{"line":323,"column":1}},"line":278},"6":{"name":"(anonymous_6)","decl":{"start":{"line":326,"column":14},"end":{"line":326,"column":15}},"loc":{"start":{"line":326,"column":40},"end":{"line":344,"column":1}},"line":326}},"branchMap":{"0":{"loc":{"start":{"line":29,"column":6},"end":{"line":36,"column":7}},"type":"if","locations":[{"start":{"line":29,"column":6},"end":{"line":36,"column":7}},{"start":{},"end":{}}],"line":29},"1":{"loc":{"start":{"line":29,"column":10},"end":{"line":29,"column":75}},"type":"binary-expr","locations":[{"start":{"line":29,"column":10},"end":{"line":29,"column":38}},{"start":{"line":29,"column":42},"end":{"line":29,"column":75}}],"line":29},"2":{"loc":{"start":{"line":30,"column":8},"end":{"line":34,"column":9}},"type":"if","locations":[{"start":{"line":30,"column":8},"end":{"line":34,"column":9}},{"start":{},"end":{}}],"line":30},"3":{"loc":{"start":{"line":41,"column":4},"end":{"line":43,"column":5}},"type":"if","locations":[{"start":{"line":41,"column":4},"end":{"line":43,"column":5}},{"start":{},"end":{}}],"line":41},"4":{"loc":{"start":{"line":89,"column":4},"end":{"line":91,"column":5}},"type":"if","locations":[{"start":{"line":89,"column":4},"end":{"line":91,"column":5}},{"start":{},"end":{}}],"line":89},"5":{"loc":{"start":{"line":95,"column":4},"end":{"line":97,"column":5}},"type":"if","locations":[{"start":{"line":95,"column":4},"end":{"line":97,"column":5}},{"start":{},"end":{}}],"line":95},"6":{"loc":{"start":{"line":99,"column":4},"end":{"line":103,"column":5}},"type":"if","locations":[{"start":{"line":99,"column":4},"end":{"line":103,"column":5}},{"start":{},"end":{}}],"line":99},"7":{"loc":{"start":{"line":105,"column":4},"end":{"line":133,"column":5}},"type":"if","locations":[{"start":{"line":105,"column":4},"end":{"line":133,"column":5}},{"start":{"line":131,"column":11},"end":{"line":133,"column":5}}],"line":105},"8":{"loc":{"start":{"line":105,"column":8},"end":{"line":105,"column":59}},"type":"binary-expr","locations":[{"start":{"line":105,"column":8},"end":{"line":105,"column":12}},{"start":{"line":105,"column":16},"end":{"line":105,"column":59}}],"line":105},"9":{"loc":{"start":{"line":144,"column":4},"end":{"line":146,"column":5}},"type":"if","locations":[{"start":{"line":144,"column":4},"end":{"line":146,"column":5}},{"start":{},"end":{}}],"line":144},"10":{"loc":{"start":{"line":157,"column":4},"end":{"line":167,"column":5}},"type":"if","locations":[{"start":{"line":157,"column":4},"end":{"line":167,"column":5}},{"start":{},"end":{}}],"line":157},"11":{"loc":{"start":{"line":161,"column":18},"end":{"line":161,"column":58}},"type":"binary-expr","locations":[{"start":{"line":161,"column":18},"end":{"line":161,"column":40}},{"start":{"line":161,"column":44},"end":{"line":161,"column":58}}],"line":161},"12":{"loc":{"start":{"line":206,"column":2},"end":{"line":210,"column":3}},"type":"if","locations":[{"start":{"line":206,"column":2},"end":{"line":210,"column":3}},{"start":{},"end":{}}],"line":206},"13":{"loc":{"start":{"line":219,"column":4},"end":{"line":221,"column":5}},"type":"if","locations":[{"start":{"line":219,"column":4},"end":{"line":221,"column":5}},{"start":{},"end":{}}],"line":219},"14":{"loc":{"start":{"line":223,"column":4},"end":{"line":227,"column":5}},"type":"if","locations":[{"start":{"line":223,"column":4},"end":{"line":227,"column":5}},{"start":{},"end":{}}],"line":223},"15":{"loc":{"start":{"line":247,"column":4},"end":{"line":249,"column":5}},"type":"if","locations":[{"start":{"line":247,"column":4},"end":{"line":249,"column":5}},{"start":{},"end":{}}],"line":247},"16":{"loc":{"start":{"line":251,"column":4},"end":{"line":253,"column":5}},"type":"if","locations":[{"start":{"line":251,"column":4},"end":{"line":253,"column":5}},{"start":{},"end":{}}],"line":251},"17":{"loc":{"start":{"line":282,"column":2},"end":{"line":284,"column":3}},"type":"if","locations":[{"start":{"line":282,"column":2},"end":{"line":284,"column":3}},{"start":{},"end":{}}],"line":282},"18":{"loc":{"start":{"line":286,"column":2},"end":{"line":288,"column":3}},"type":"if","locations":[{"start":{"line":286,"column":2},"end":{"line":288,"column":3}},{"start":{},"end":{}}],"line":286},"19":{"loc":{"start":{"line":290,"column":2},"end":{"line":294,"column":3}},"type":"if","locations":[{"start":{"line":290,"column":2},"end":{"line":294,"column":3}},{"start":{},"end":{}}],"line":290},"20":{"loc":{"start":{"line":302,"column":4},"end":{"line":304,"column":5}},"type":"if","locations":[{"start":{"line":302,"column":4},"end":{"line":304,"column":5}},{"start":{},"end":{}}],"line":302}},"s":{"0":1,"1":1,"2":1,"3":1,"4":1,"5":1,"6":1,"7":1,"8":1,"9":1,"10":1,"11":3,"12":3,"13":3,"14":16,"15":16,"16":1,"17":15,"18":2,"19":2,"20":1,"21":1,"22":1,"23":1,"24":1,"25":1,"26":1,"27":0,"28":1,"29":6,"30":6,"31":6,"32":6,"33":1,"34":5,"35":5,"36":1,"37":4,"38":2,"39":2,"40":2,"41":2,"42":2,"43":2,"44":2,"45":0,"46":0,"47":0,"48":1,"49":4,"50":4,"51":4,"52":1,"53":3,"54":2,"55":2,"56":2,"57":2,"58":2,"59":2,"60":2,"61":2,"62":2,"63":2,"64":1,"65":0,"66":0,"67":0,"68":0,"69":0,"70":0,"71":0,"72":0,"73":0,"74":0,"75":0,"76":0,"77":0,"78":0,"79":0,"80":1,"81":0,"82":0,"83":0,"84":0,"85":0,"86":0,"87":0,"88":0,"89":0,"90":0,"91":0,"92":0,"93":0,"94":1,"95":0,"96":0,"97":0,"98":0,"99":0,"100":0,"101":0,"102":0,"103":0,"104":0,"105":0,"106":0,"107":0,"108":0,"109":0,"110":0,"111":0,"112":0,"113":0,"114":0,"115":1,"116":0,"117":0,"118":0,"119":1},"f":{"0":3,"1":6,"2":4,"3":0,"4":0,"5":0,"6":0},"b":{"0":[16,0],"1":[16,16],"2":[1,15],"3":[1,1],"4":[1,5],"5":[1,4],"6":[2,2],"7":[2,0],"8":[2,2],"9":[1,3],"10":[2,0],"11":[2,0],"12":[0,0],"13":[0,0],"14":[0,0],"15":[0,0],"16":[0,0],"17":[0,0],"18":[0,0],"19":[0,0],"20":[0,0]},"_coverageSchema":"1a1c01bbd47fc00a2c39e90264f33305004495a9","hash":"6764a5f473fdbffc45aee575d5fec8ebca4f6010"}
,"D:\\Project-HKI\\app\\controllers\\brandController.js": {"path":"D:\\Project-HKI\\app\\controllers\\brandController.js","statementMap":{"0":{"start":{"line":10,"column":4},"end":{"line":10,"column":24}},"1":{"start":{"line":11,"column":11},"end":{"line":11,"column":24}},"2":{"start":{"line":12,"column":13},"end":{"line":12,"column":28}},"3":{"start":{"line":14,"column":20},"end":{"line":14,"column":54}},"4":{"start":{"line":15,"column":17},"end":{"line":15,"column":48}},"5":{"start":{"line":16,"column":17},"end":{"line":16,"column":58}},"6":{"start":{"line":17,"column":28},"end":{"line":17,"column":81}},"7":{"start":{"line":19,"column":24},"end":{"line":39,"column":1}},"8":{"start":{"line":20,"column":2},"end":{"line":38,"column":3}},"9":{"start":{"line":21,"column":22},"end":{"line":21,"column":30}},"10":{"start":{"line":22,"column":4},"end":{"line":22,"column":39}},"11":{"start":{"line":24,"column":4},"end":{"line":30,"column":7}},"12":{"start":{"line":32,"column":4},"end":{"line":35,"column":7}},"13":{"start":{"line":37,"column":4},"end":{"line":37,"column":41}},"14":{"start":{"line":41,"column":20},"end":{"line":167,"column":1}},"15":{"start":{"line":42,"column":2},"end":{"line":166,"column":3}},"16":{"start":{"line":56,"column":8},"end":{"line":56,"column":16}},"17":{"start":{"line":58,"column":23},"end":{"line":58,"column":57}},"18":{"start":{"line":59,"column":24},"end":{"line":59,"column":59}},"19":{"start":{"line":60,"column":22},"end":{"line":60,"column":55}},"20":{"start":{"line":61,"column":30},"end":{"line":61,"column":71}},"21":{"start":{"line":62,"column":27},"end":{"line":62,"column":65}},"22":{"start":{"line":64,"column":18},"end":{"line":80,"column":6}},"23":{"start":{"line":82,"column":28},"end":{"line":82,"column":59}},"24":{"start":{"line":83,"column":35},"end":{"line":83,"column":66}},"25":{"start":{"line":85,"column":6},"end":{"line":87,"column":38}},"26":{"start":{"line":89,"column":35},"end":{"line":95,"column":7}},"27":{"start":{"line":89,"column":73},"end":{"line":95,"column":5}},"28":{"start":{"line":97,"column":4},"end":{"line":99,"column":5}},"29":{"start":{"line":98,"column":6},"end":{"line":98,"column":63}},"30":{"start":{"line":102,"column":6},"end":{"line":104,"column":23}},"31":{"start":{"line":106,"column":21},"end":{"line":106,"column":40}},"32":{"start":{"line":108,"column":23},"end":{"line":111,"column":6}},"33":{"start":{"line":113,"column":42},"end":{"line":120,"column":5}},"34":{"start":{"line":114,"column":24},"end":{"line":119,"column":7}},"35":{"start":{"line":122,"column":4},"end":{"line":122,"column":66}},"36":{"start":{"line":124,"column":27},"end":{"line":128,"column":6}},"37":{"start":{"line":130,"column":4},"end":{"line":134,"column":7}},"38":{"start":{"line":136,"column":19},"end":{"line":136,"column":68}},"39":{"start":{"line":137,"column":24},"end":{"line":137,"column":58}},"40":{"start":{"line":137,"column":46},"end":{"line":137,"column":57}},"41":{"start":{"line":139,"column":4},"end":{"line":147,"column":7}},"42":{"start":{"line":149,"column":4},"end":{"line":155,"column":7}},"43":{"start":{"line":157,"column":4},"end":{"line":163,"column":7}},"44":{"start":{"line":165,"column":4},"end":{"line":165,"column":41}},"45":{"start":{"line":169,"column":24},"end":{"line":184,"column":1}},"46":{"start":{"line":170,"column":2},"end":{"line":183,"column":3}},"47":{"start":{"line":171,"column":19},"end":{"line":171,"column":29}},"48":{"start":{"line":173,"column":22},"end":{"line":173,"column":30}},"49":{"start":{"line":175,"column":4},"end":{"line":175,"column":58}},"50":{"start":{"line":177,"column":4},"end":{"line":180,"column":7}},"51":{"start":{"line":182,"column":4},"end":{"line":182,"column":41}},"52":{"start":{"line":186,"column":20},"end":{"line":280,"column":1}},"53":{"start":{"line":187,"column":2},"end":{"line":279,"column":3}},"54":{"start":{"line":199,"column":8},"end":{"line":199,"column":22}},"55":{"start":{"line":201,"column":19},"end":{"line":201,"column":29}},"56":{"start":{"line":203,"column":18},"end":{"line":203,"column":43}},"57":{"start":{"line":204,"column":4},"end":{"line":206,"column":5}},"58":{"start":{"line":205,"column":6},"end":{"line":205,"column":62}},"59":{"start":{"line":208,"column":25},"end":{"line":214,"column":5}},"60":{"start":{"line":216,"column":4},"end":{"line":229,"column":5}},"61":{"start":{"line":217,"column":22},"end":{"line":217,"column":45}},"62":{"start":{"line":218,"column":6},"end":{"line":228,"column":7}},"63":{"start":{"line":219,"column":28},"end":{"line":224,"column":9}},"64":{"start":{"line":225,"column":8},"end":{"line":227,"column":9}},"65":{"start":{"line":226,"column":10},"end":{"line":226,"column":37}},"66":{"start":{"line":231,"column":4},"end":{"line":249,"column":7}},"67":{"start":{"line":251,"column":19},"end":{"line":251,"column":68}},"68":{"start":{"line":252,"column":24},"end":{"line":252,"column":58}},"69":{"start":{"line":252,"column":46},"end":{"line":252,"column":57}},"70":{"start":{"line":254,"column":4},"end":{"line":262,"column":7}},"71":{"start":{"line":264,"column":4},"end":{"line":270,"column":7}},"72":{"start":{"line":272,"column":4},"end":{"line":276,"column":7}},"73":{"start":{"line":278,"column":4},"end":{"line":278,"column":41}},"74":{"start":{"line":282,"column":25},"end":{"line":306,"column":1}},"75":{"start":{"line":283,"column":2},"end":{"line":305,"column":3}},"76":{"start":{"line":284,"column":15},"end":{"line":284,"column":44}},"77":{"start":{"line":285,"column":16},"end":{"line":285,"column":47}},"78":{"start":{"line":287,"column":19},"end":{"line":287,"column":37}},"79":{"start":{"line":289,"column":40},"end":{"line":293,"column":6}},"80":{"start":{"line":295,"column":4},"end":{"line":302,"column":7}},"81":{"start":{"line":304,"column":4},"end":{"line":304,"column":41}},"82":{"start":{"line":308,"column":38},"end":{"line":320,"column":1}},"83":{"start":{"line":309,"column":2},"end":{"line":319,"column":3}},"84":{"start":{"line":310,"column":23},"end":{"line":312,"column":6}},"85":{"start":{"line":313,"column":4},"end":{"line":316,"column":7}},"86":{"start":{"line":318,"column":4},"end":{"line":318,"column":41}},"87":{"start":{"line":322,"column":25},"end":{"line":336,"column":1}},"88":{"start":{"line":323,"column":2},"end":{"line":335,"column":3}},"89":{"start":{"line":324,"column":19},"end":{"line":324,"column":29}},"90":{"start":{"line":325,"column":22},"end":{"line":325,"column":51}},"91":{"start":{"line":326,"column":4},"end":{"line":328,"column":5}},"92":{"start":{"line":327,"column":6},"end":{"line":327,"column":66}},"93":{"start":{"line":329,"column":4},"end":{"line":332,"column":7}},"94":{"start":{"line":334,"column":4},"end":{"line":334,"column":41}},"95":{"start":{"line":338,"column":30},"end":{"line":348,"column":1}},"96":{"start":{"line":339,"column":2},"end":{"line":347,"column":3}},"97":{"start":{"line":340,"column":28},"end":{"line":340,"column":59}},"98":{"start":{"line":341,"column":4},"end":{"line":344,"column":7}},"99":{"start":{"line":346,"column":4},"end":{"line":346,"column":41}},"100":{"start":{"line":350,"column":30},"end":{"line":412,"column":1}},"101":{"start":{"line":351,"column":2},"end":{"line":411,"column":3}},"102":{"start":{"line":352,"column":19},"end":{"line":352,"column":29}},"103":{"start":{"line":353,"column":28},"end":{"line":353,"column":36}},"104":{"start":{"line":354,"column":20},"end":{"line":354,"column":40}},"105":{"start":{"line":357,"column":27},"end":{"line":357,"column":61}},"106":{"start":{"line":358,"column":4},"end":{"line":360,"column":5}},"107":{"start":{"line":359,"column":6},"end":{"line":359,"column":71}},"108":{"start":{"line":362,"column":4},"end":{"line":391,"column":5}},"109":{"start":{"line":364,"column":8},"end":{"line":367,"column":19}},"110":{"start":{"line":369,"column":27},"end":{"line":372,"column":7}},"111":{"start":{"line":374,"column":26},"end":{"line":379,"column":7}},"112":{"start":{"line":381,"column":6},"end":{"line":383,"column":7}},"113":{"start":{"line":382,"column":8},"end":{"line":382,"column":35}},"114":{"start":{"line":385,"column":6},"end":{"line":390,"column":9}},"115":{"start":{"line":393,"column":4},"end":{"line":395,"column":5}},"116":{"start":{"line":394,"column":6},"end":{"line":394,"column":51}},"117":{"start":{"line":397,"column":4},"end":{"line":403,"column":7}},"118":{"start":{"line":405,"column":4},"end":{"line":408,"column":7}},"119":{"start":{"line":410,"column":4},"end":{"line":410,"column":41}},"120":{"start":{"line":414,"column":24},"end":{"line":435,"column":1}},"121":{"start":{"line":415,"column":2},"end":{"line":434,"column":3}},"122":{"start":{"line":416,"column":19},"end":{"line":416,"column":29}},"123":{"start":{"line":418,"column":4},"end":{"line":418,"column":48}},"124":{"start":{"line":420,"column":4},"end":{"line":426,"column":7}},"125":{"start":{"line":428,"column":4},"end":{"line":431,"column":7}},"126":{"start":{"line":433,"column":4},"end":{"line":433,"column":41}},"127":{"start":{"line":437,"column":0},"end":{"line":448,"column":2}}},"fnMap":{"0":{"name":"(anonymous_0)","decl":{"start":{"line":19,"column":24},"end":{"line":19,"column":25}},"loc":{"start":{"line":19,"column":50},"end":{"line":39,"column":1}},"line":19},"1":{"name":"(anonymous_1)","decl":{"start":{"line":41,"column":20},"end":{"line":41,"column":21}},"loc":{"start":{"line":41,"column":46},"end":{"line":167,"column":1}},"line":41},"2":{"name":"(anonymous_2)","decl":{"start":{"line":89,"column":55},"end":{"line":89,"column":56}},"loc":{"start":{"line":89,"column":73},"end":{"line":95,"column":5}},"line":89},"3":{"name":"(anonymous_3)","decl":{"start":{"line":114,"column":6},"end":{"line":114,"column":7}},"loc":{"start":{"line":114,"column":24},"end":{"line":119,"column":7}},"line":114},"4":{"name":"(anonymous_4)","decl":{"start":{"line":137,"column":35},"end":{"line":137,"column":36}},"loc":{"start":{"line":137,"column":46},"end":{"line":137,"column":57}},"line":137},"5":{"name":"(anonymous_5)","decl":{"start":{"line":169,"column":24},"end":{"line":169,"column":25}},"loc":{"start":{"line":169,"column":50},"end":{"line":184,"column":1}},"line":169},"6":{"name":"(anonymous_6)","decl":{"start":{"line":186,"column":20},"end":{"line":186,"column":21}},"loc":{"start":{"line":186,"column":46},"end":{"line":280,"column":1}},"line":186},"7":{"name":"(anonymous_7)","decl":{"start":{"line":252,"column":35},"end":{"line":252,"column":36}},"loc":{"start":{"line":252,"column":46},"end":{"line":252,"column":57}},"line":252},"8":{"name":"(anonymous_8)","decl":{"start":{"line":282,"column":25},"end":{"line":282,"column":26}},"loc":{"start":{"line":282,"column":51},"end":{"line":306,"column":1}},"line":282},"9":{"name":"(anonymous_9)","decl":{"start":{"line":308,"column":38},"end":{"line":308,"column":39}},"loc":{"start":{"line":308,"column":64},"end":{"line":320,"column":1}},"line":308},"10":{"name":"(anonymous_10)","decl":{"start":{"line":322,"column":25},"end":{"line":322,"column":26}},"loc":{"start":{"line":322,"column":51},"end":{"line":336,"column":1}},"line":322},"11":{"name":"(anonymous_11)","decl":{"start":{"line":338,"column":30},"end":{"line":338,"column":31}},"loc":{"start":{"line":338,"column":56},"end":{"line":348,"column":1}},"line":338},"12":{"name":"(anonymous_12)","decl":{"start":{"line":350,"column":30},"end":{"line":350,"column":31}},"loc":{"start":{"line":350,"column":56},"end":{"line":412,"column":1}},"line":350},"13":{"name":"(anonymous_13)","decl":{"start":{"line":414,"column":24},"end":{"line":414,"column":25}},"loc":{"start":{"line":414,"column":50},"end":{"line":435,"column":1}},"line":414}},"branchMap":{"0":{"loc":{"start":{"line":58,"column":23},"end":{"line":58,"column":57}},"type":"binary-expr","locations":[{"start":{"line":58,"column":23},"end":{"line":58,"column":49}},{"start":{"line":58,"column":53},"end":{"line":58,"column":57}}],"line":58},"1":{"loc":{"start":{"line":59,"column":24},"end":{"line":59,"column":59}},"type":"binary-expr","locations":[{"start":{"line":59,"column":24},"end":{"line":59,"column":51}},{"start":{"line":59,"column":55},"end":{"line":59,"column":59}}],"line":59},"2":{"loc":{"start":{"line":60,"column":22},"end":{"line":60,"column":55}},"type":"binary-expr","locations":[{"start":{"line":60,"column":22},"end":{"line":60,"column":47}},{"start":{"line":60,"column":51},"end":{"line":60,"column":55}}],"line":60},"3":{"loc":{"start":{"line":61,"column":30},"end":{"line":61,"column":71}},"type":"binary-expr","locations":[{"start":{"line":61,"column":30},"end":{"line":61,"column":63}},{"start":{"line":61,"column":67},"end":{"line":61,"column":71}}],"line":61},"4":{"loc":{"start":{"line":62,"column":27},"end":{"line":62,"column":65}},"type":"binary-expr","locations":[{"start":{"line":62,"column":27},"end":{"line":62,"column":57}},{"start":{"line":62,"column":61},"end":{"line":62,"column":65}}],"line":62},"5":{"loc":{"start":{"line":75,"column":18},"end":{"line":75,"column":57}},"type":"cond-expr","locations":[{"start":{"line":75,"column":31},"end":{"line":75,"column":50}},{"start":{"line":75,"column":53},"end":{"line":75,"column":57}}],"line":75},"6":{"loc":{"start":{"line":76,"column":19},"end":{"line":76,"column":60}},"type":"cond-expr","locations":[{"start":{"line":76,"column":33},"end":{"line":76,"column":53}},{"start":{"line":76,"column":56},"end":{"line":76,"column":60}}],"line":76},"7":{"loc":{"start":{"line":77,"column":17},"end":{"line":77,"column":54}},"type":"cond-expr","locations":[{"start":{"line":77,"column":29},"end":{"line":77,"column":47}},{"start":{"line":77,"column":50},"end":{"line":77,"column":54}}],"line":77},"8":{"loc":{"start":{"line":78,"column":25},"end":{"line":78,"column":78}},"type":"cond-expr","locations":[{"start":{"line":78,"column":45},"end":{"line":78,"column":71}},{"start":{"line":78,"column":74},"end":{"line":78,"column":78}}],"line":78},"9":{"loc":{"start":{"line":79,"column":22},"end":{"line":79,"column":69}},"type":"cond-expr","locations":[{"start":{"line":79,"column":39},"end":{"line":79,"column":62}},{"start":{"line":79,"column":65},"end":{"line":79,"column":69}}],"line":79},"10":{"loc":{"start":{"line":82,"column":28},"end":{"line":82,"column":59}},"type":"binary-expr","locations":[{"start":{"line":82,"column":28},"end":{"line":82,"column":53}},{"start":{"line":82,"column":57},"end":{"line":82,"column":59}}],"line":82},"11":{"loc":{"start":{"line":85,"column":6},"end":{"line":87,"column":38}},"type":"cond-expr","locations":[{"start":{"line":86,"column":10},"end":{"line":86,"column":44}},{"start":{"line":87,"column":10},"end":{"line":87,"column":38}}],"line":85},"12":{"loc":{"start":{"line":87,"column":10},"end":{"line":87,"column":38}},"type":"binary-expr","locations":[{"start":{"line":87,"column":10},"end":{"line":87,"column":32}},{"start":{"line":87,"column":36},"end":{"line":87,"column":38}}],"line":87},"13":{"loc":{"start":{"line":93,"column":12},"end":{"line":93,"column":75}},"type":"cond-expr","locations":[{"start":{"line":93,"column":37},"end":{"line":93,"column":68}},{"start":{"line":93,"column":71},"end":{"line":93,"column":75}}],"line":93},"14":{"loc":{"start":{"line":94,"column":19},"end":{"line":94,"column":65}},"type":"binary-expr","locations":[{"start":{"line":94,"column":19},"end":{"line":94,"column":57}},{"start":{"line":94,"column":61},"end":{"line":94,"column":65}}],"line":94},"15":{"loc":{"start":{"line":97,"column":4},"end":{"line":99,"column":5}},"type":"if","locations":[{"start":{"line":97,"column":4},"end":{"line":99,"column":5}},{"start":{},"end":{}}],"line":97},"16":{"loc":{"start":{"line":102,"column":6},"end":{"line":104,"column":23}},"type":"cond-expr","locations":[{"start":{"line":103,"column":10},"end":{"line":103,"column":35}},{"start":{"line":104,"column":10},"end":{"line":104,"column":23}}],"line":102},"17":{"loc":{"start":{"line":106,"column":21},"end":{"line":106,"column":40}},"type":"binary-expr","locations":[{"start":{"line":106,"column":21},"end":{"line":106,"column":34}},{"start":{"line":106,"column":38},"end":{"line":106,"column":40}}],"line":106},"18":{"loc":{"start":{"line":117,"column":13},"end":{"line":117,"column":62}},"type":"cond-expr","locations":[{"start":{"line":117,"column":31},"end":{"line":117,"column":55}},{"start":{"line":117,"column":58},"end":{"line":117,"column":62}}],"line":117},"19":{"loc":{"start":{"line":199,"column":8},"end":{"line":199,"column":22}},"type":"binary-expr","locations":[{"start":{"line":199,"column":8},"end":{"line":199,"column":16}},{"start":{"line":199,"column":20},"end":{"line":199,"column":22}}],"line":199},"20":{"loc":{"start":{"line":204,"column":4},"end":{"line":206,"column":5}},"type":"if","locations":[{"start":{"line":204,"column":4},"end":{"line":206,"column":5}},{"start":{},"end":{}}],"line":204},"21":{"loc":{"start":{"line":218,"column":6},"end":{"line":228,"column":7}},"type":"if","locations":[{"start":{"line":218,"column":6},"end":{"line":228,"column":7}},{"start":{},"end":{}}],"line":218},"22":{"loc":{"start":{"line":218,"column":10},"end":{"line":218,"column":33}},"type":"binary-expr","locations":[{"start":{"line":218,"column":10},"end":{"line":218,"column":17}},{"start":{"line":218,"column":21},"end":{"line":218,"column":33}}],"line":218},"23":{"loc":{"start":{"line":225,"column":8},"end":{"line":227,"column":9}},"type":"if","locations":[{"start":{"line":225,"column":8},"end":{"line":227,"column":9}},{"start":{},"end":{}}],"line":225},"24":{"loc":{"start":{"line":242,"column":18},"end":{"line":242,"column":74}},"type":"binary-expr","locations":[{"start":{"line":242,"column":18},"end":{"line":242,"column":54}},{"start":{"line":242,"column":58},"end":{"line":242,"column":74}}],"line":242},"25":{"loc":{"start":{"line":243,"column":19},"end":{"line":243,"column":77}},"type":"binary-expr","locations":[{"start":{"line":243,"column":19},"end":{"line":243,"column":56}},{"start":{"line":243,"column":60},"end":{"line":243,"column":77}}],"line":243},"26":{"loc":{"start":{"line":244,"column":17},"end":{"line":244,"column":71}},"type":"binary-expr","locations":[{"start":{"line":244,"column":17},"end":{"line":244,"column":52}},{"start":{"line":244,"column":56},"end":{"line":244,"column":71}}],"line":244},"27":{"loc":{"start":{"line":246,"column":8},"end":{"line":246,"column":78}},"type":"binary-expr","locations":[{"start":{"line":246,"column":8},"end":{"line":246,"column":51}},{"start":{"line":246,"column":55},"end":{"line":246,"column":78}}],"line":246},"28":{"loc":{"start":{"line":248,"column":8},"end":{"line":248,"column":72}},"type":"binary-expr","locations":[{"start":{"line":248,"column":8},"end":{"line":248,"column":48}},{"start":{"line":248,"column":52},"end":{"line":248,"column":72}}],"line":248},"29":{"loc":{"start":{"line":284,"column":15},"end":{"line":284,"column":44}},"type":"binary-expr","locations":[{"start":{"line":284,"column":15},"end":{"line":284,"column":39}},{"start":{"line":284,"column":43},"end":{"line":284,"column":44}}],"line":284},"30":{"loc":{"start":{"line":285,"column":16},"end":{"line":285,"column":47}},"type":"binary-expr","locations":[{"start":{"line":285,"column":16},"end":{"line":285,"column":41}},{"start":{"line":285,"column":45},"end":{"line":285,"column":47}}],"line":285},"31":{"loc":{"start":{"line":326,"column":4},"end":{"line":328,"column":5}},"type":"if","locations":[{"start":{"line":326,"column":4},"end":{"line":328,"column":5}},{"start":{},"end":{}}],"line":326},"32":{"loc":{"start":{"line":358,"column":4},"end":{"line":360,"column":5}},"type":"if","locations":[{"start":{"line":358,"column":4},"end":{"line":360,"column":5}},{"start":{},"end":{}}],"line":358},"33":{"loc":{"start":{"line":362,"column":4},"end":{"line":391,"column":5}},"type":"if","locations":[{"start":{"line":362,"column":4},"end":{"line":391,"column":5}},{"start":{},"end":{}}],"line":362},"34":{"loc":{"start":{"line":364,"column":8},"end":{"line":367,"column":19}},"type":"cond-expr","locations":[{"start":{"line":366,"column":12},"end":{"line":366,"column":23}},{"start":{"line":367,"column":12},"end":{"line":367,"column":19}}],"line":364},"35":{"loc":{"start":{"line":364,"column":8},"end":{"line":365,"column":45}},"type":"binary-expr","locations":[{"start":{"line":364,"column":8},"end":{"line":364,"column":44}},{"start":{"line":365,"column":8},"end":{"line":365,"column":45}}],"line":364},"36":{"loc":{"start":{"line":381,"column":6},"end":{"line":383,"column":7}},"type":"if","locations":[{"start":{"line":381,"column":6},"end":{"line":383,"column":7}},{"start":{},"end":{}}],"line":381},"37":{"loc":{"start":{"line":389,"column":18},"end":{"line":389,"column":79}},"type":"cond-expr","locations":[{"start":{"line":389,"column":58},"end":{"line":389,"column":65}},{"start":{"line":389,"column":68},"end":{"line":389,"column":79}}],"line":389},"38":{"loc":{"start":{"line":393,"column":4},"end":{"line":395,"column":5}},"type":"if","locations":[{"start":{"line":393,"column":4},"end":{"line":395,"column":5}},{"start":{},"end":{}}],"line":393}},"s":{"0":1,"1":1,"2":1,"3":1,"4":1,"5":1,"6":1,"7":1,"8":0,"9":0,"10":0,"11":0,"12":0,"13":0,"14":1,"15":0,"16":0,"17":0,"18":0,"19":0,"20":0,"21":0,"22":0,"23":0,"24":0,"25":0,"26":0,"27":0,"28":0,"29":0,"30":0,"31":0,"32":0,"33":0,"34":0,"35":0,"36":0,"37":0,"38":0,"39":0,"40":0,"41":0,"42":0,"43":0,"44":0,"45":1,"46":0,"47":0,"48":0,"49":0,"50":0,"51":0,"52":1,"53":0,"54":0,"55":0,"56":0,"57":0,"58":0,"59":0,"60":0,"61":0,"62":0,"63":0,"64":0,"65":0,"66":0,"67":0,"68":0,"69":0,"70":0,"71":0,"72":0,"73":0,"74":1,"75":0,"76":0,"77":0,"78":0,"79":0,"80":0,"81":0,"82":1,"83":0,"84":0,"85":0,"86":0,"87":1,"88":0,"89":0,"90":0,"91":0,"92":0,"93":0,"94":0,"95":1,"96":0,"97":0,"98":0,"99":0,"100":1,"101":0,"102":0,"103":0,"104":0,"105":0,"106":0,"107":0,"108":0,"109":0,"110":0,"111":0,"112":0,"113":0,"114":0,"115":0,"116":0,"117":0,"118":0,"119":0,"120":1,"121":0,"122":0,"123":0,"124":0,"125":0,"126":0,"127":1},"f":{"0":0,"1":0,"2":0,"3":0,"4":0,"5":0,"6":0,"7":0,"8":0,"9":0,"10":0,"11":0,"12":0,"13":0},"b":{"0":[0,0],"1":[0,0],"2":[0,0],"3":[0,0],"4":[0,0],"5":[0,0],"6":[0,0],"7":[0,0],"8":[0,0],"9":[0,0],"10":[0,0],"11":[0,0],"12":[0,0],"13":[0,0],"14":[0,0],"15":[0,0],"16":[0,0],"17":[0,0],"18":[0,0],"19":[0,0],"20":[0,0],"21":[0,0],"22":[0,0],"23":[0,0],"24":[0,0],"25":[0,0],"26":[0,0],"27":[0,0],"28":[0,0],"29":[0,0],"30":[0,0],"31":[0,0],"32":[0,0],"33":[0,0],"34":[0,0],"35":[0,0],"36":[0,0],"37":[0,0],"38":[0,0]},"_coverageSchema":"1a1c01bbd47fc00a2c39e90264f33305004495a9","hash":"7ef29f78c6cc54a05b006c42b9c366942e366bef"}
,"D:\\Project-HKI\\app\\controllers\\copyrightController.js": {"path":"D:\\Project-HKI\\app\\controllers\\copyrightController.js","statementMap":{"0":{"start":{"line":10,"column":4},"end":{"line":10,"column":24}},"1":{"start":{"line":11,"column":11},"end":{"line":11,"column":24}},"2":{"start":{"line":12,"column":13},"end":{"line":12,"column":28}},"3":{"start":{"line":14,"column":20},"end":{"line":14,"column":54}},"4":{"start":{"line":15,"column":17},"end":{"line":15,"column":48}},"5":{"start":{"line":16,"column":18},"end":{"line":16,"column":59}},"6":{"start":{"line":17,"column":32},"end":{"line":17,"column":89}},"7":{"start":{"line":19,"column":27},"end":{"line":39,"column":1}},"8":{"start":{"line":20,"column":2},"end":{"line":38,"column":3}},"9":{"start":{"line":21,"column":22},"end":{"line":21,"column":30}},"10":{"start":{"line":22,"column":4},"end":{"line":22,"column":49}},"11":{"start":{"line":24,"column":4},"end":{"line":30,"column":7}},"12":{"start":{"line":32,"column":4},"end":{"line":35,"column":7}},"13":{"start":{"line":37,"column":4},"end":{"line":37,"column":41}},"14":{"start":{"line":41,"column":30},"end":{"line":63,"column":1}},"15":{"start":{"line":42,"column":2},"end":{"line":62,"column":3}},"16":{"start":{"line":43,"column":19},"end":{"line":43,"column":29}},"17":{"start":{"line":45,"column":22},"end":{"line":45,"column":30}},"18":{"start":{"line":46,"column":4},"end":{"line":46,"column":72}},"19":{"start":{"line":48,"column":4},"end":{"line":54,"column":7}},"20":{"start":{"line":56,"column":4},"end":{"line":59,"column":7}},"21":{"start":{"line":61,"column":4},"end":{"line":61,"column":41}},"22":{"start":{"line":65,"column":27},"end":{"line":85,"column":1}},"23":{"start":{"line":66,"column":2},"end":{"line":84,"column":3}},"24":{"start":{"line":67,"column":15},"end":{"line":67,"column":44}},"25":{"start":{"line":68,"column":16},"end":{"line":68,"column":47}},"26":{"start":{"line":70,"column":42},"end":{"line":73,"column":6}},"27":{"start":{"line":75,"column":4},"end":{"line":81,"column":7}},"28":{"start":{"line":83,"column":4},"end":{"line":83,"column":41}},"29":{"start":{"line":87,"column":44},"end":{"line":111,"column":1}},"30":{"start":{"line":88,"column":2},"end":{"line":110,"column":3}},"31":{"start":{"line":89,"column":19},"end":{"line":89,"column":29}},"32":{"start":{"line":91,"column":15},"end":{"line":91,"column":44}},"33":{"start":{"line":92,"column":16},"end":{"line":92,"column":47}},"34":{"start":{"line":95,"column":6},"end":{"line":99,"column":8}},"35":{"start":{"line":101,"column":4},"end":{"line":107,"column":7}},"36":{"start":{"line":109,"column":4},"end":{"line":109,"column":41}},"37":{"start":{"line":113,"column":40},"end":{"line":123,"column":1}},"38":{"start":{"line":114,"column":2},"end":{"line":122,"column":3}},"39":{"start":{"line":115,"column":25},"end":{"line":115,"column":54}},"40":{"start":{"line":116,"column":4},"end":{"line":119,"column":7}},"41":{"start":{"line":121,"column":4},"end":{"line":121,"column":41}},"42":{"start":{"line":125,"column":57},"end":{"line":144,"column":1}},"43":{"start":{"line":130,"column":2},"end":{"line":143,"column":3}},"44":{"start":{"line":131,"column":19},"end":{"line":131,"column":29}},"45":{"start":{"line":133,"column":28},"end":{"line":135,"column":6}},"46":{"start":{"line":137,"column":4},"end":{"line":140,"column":7}},"47":{"start":{"line":142,"column":4},"end":{"line":142,"column":41}},"48":{"start":{"line":146,"column":27},"end":{"line":168,"column":1}},"49":{"start":{"line":147,"column":2},"end":{"line":167,"column":3}},"50":{"start":{"line":148,"column":19},"end":{"line":148,"column":29}},"51":{"start":{"line":150,"column":22},"end":{"line":150,"column":30}},"52":{"start":{"line":151,"column":4},"end":{"line":151,"column":72}},"53":{"start":{"line":153,"column":4},"end":{"line":159,"column":7}},"54":{"start":{"line":161,"column":4},"end":{"line":164,"column":7}},"55":{"start":{"line":166,"column":4},"end":{"line":166,"column":41}},"56":{"start":{"line":170,"column":28},"end":{"line":184,"column":1}},"57":{"start":{"line":171,"column":2},"end":{"line":183,"column":3}},"58":{"start":{"line":172,"column":19},"end":{"line":172,"column":29}},"59":{"start":{"line":173,"column":25},"end":{"line":173,"column":57}},"60":{"start":{"line":174,"column":4},"end":{"line":176,"column":5}},"61":{"start":{"line":175,"column":6},"end":{"line":175,"column":69}},"62":{"start":{"line":177,"column":4},"end":{"line":180,"column":7}},"63":{"start":{"line":182,"column":4},"end":{"line":182,"column":41}},"64":{"start":{"line":186,"column":23},"end":{"line":200,"column":1}},"65":{"start":{"line":187,"column":2},"end":{"line":199,"column":3}},"66":{"start":{"line":188,"column":19},"end":{"line":188,"column":29}},"67":{"start":{"line":189,"column":28},"end":{"line":189,"column":63}},"68":{"start":{"line":190,"column":4},"end":{"line":192,"column":5}},"69":{"start":{"line":191,"column":6},"end":{"line":191,"column":72}},"70":{"start":{"line":193,"column":4},"end":{"line":196,"column":7}},"71":{"start":{"line":198,"column":4},"end":{"line":198,"column":41}},"72":{"start":{"line":202,"column":30},"end":{"line":224,"column":1}},"73":{"start":{"line":203,"column":2},"end":{"line":223,"column":3}},"74":{"start":{"line":204,"column":19},"end":{"line":204,"column":29}},"75":{"start":{"line":206,"column":22},"end":{"line":206,"column":30}},"76":{"start":{"line":207,"column":4},"end":{"line":207,"column":75}},"77":{"start":{"line":209,"column":4},"end":{"line":215,"column":7}},"78":{"start":{"line":217,"column":4},"end":{"line":220,"column":7}},"79":{"start":{"line":222,"column":4},"end":{"line":222,"column":41}},"80":{"start":{"line":226,"column":24},"end":{"line":333,"column":1}},"81":{"start":{"line":227,"column":2},"end":{"line":332,"column":3}},"82":{"start":{"line":238,"column":8},"end":{"line":238,"column":16}},"83":{"start":{"line":240,"column":32},"end":{"line":242,"column":12}},"84":{"start":{"line":243,"column":40},"end":{"line":245,"column":12}},"85":{"start":{"line":246,"column":32},"end":{"line":248,"column":12}},"86":{"start":{"line":250,"column":22},"end":{"line":267,"column":6}},"87":{"start":{"line":270,"column":6},"end":{"line":272,"column":23}},"88":{"start":{"line":274,"column":21},"end":{"line":274,"column":40}},"89":{"start":{"line":276,"column":23},"end":{"line":279,"column":6}},"90":{"start":{"line":281,"column":42},"end":{"line":288,"column":5}},"91":{"start":{"line":282,"column":24},"end":{"line":287,"column":7}},"92":{"start":{"line":290,"column":4},"end":{"line":290,"column":66}},"93":{"start":{"line":292,"column":27},"end":{"line":296,"column":6}},"94":{"start":{"line":298,"column":4},"end":{"line":302,"column":7}},"95":{"start":{"line":304,"column":19},"end":{"line":304,"column":68}},"96":{"start":{"line":305,"column":24},"end":{"line":305,"column":58}},"97":{"start":{"line":305,"column":46},"end":{"line":305,"column":57}},"98":{"start":{"line":307,"column":4},"end":{"line":316,"column":7}},"99":{"start":{"line":318,"column":4},"end":{"line":324,"column":7}},"100":{"start":{"line":326,"column":4},"end":{"line":329,"column":7}},"101":{"start":{"line":331,"column":4},"end":{"line":331,"column":41}},"102":{"start":{"line":335,"column":24},"end":{"line":419,"column":1}},"103":{"start":{"line":336,"column":2},"end":{"line":418,"column":3}},"104":{"start":{"line":345,"column":8},"end":{"line":345,"column":16}},"105":{"start":{"line":347,"column":19},"end":{"line":347,"column":29}},"106":{"start":{"line":349,"column":22},"end":{"line":349,"column":51}},"107":{"start":{"line":350,"column":4},"end":{"line":352,"column":5}},"108":{"start":{"line":351,"column":6},"end":{"line":351,"column":76}},"109":{"start":{"line":354,"column":26},"end":{"line":361,"column":5}},"110":{"start":{"line":355,"column":6},"end":{"line":355,"column":31}},"111":{"start":{"line":355,"column":24},"end":{"line":355,"column":31}},"112":{"start":{"line":356,"column":23},"end":{"line":360,"column":7}},"113":{"start":{"line":363,"column":32},"end":{"line":363,"column":71}},"114":{"start":{"line":365,"column":6},"end":{"line":365,"column":53}},"115":{"start":{"line":366,"column":32},"end":{"line":366,"column":71}},"116":{"start":{"line":368,"column":4},"end":{"line":368,"column":70}},"117":{"start":{"line":368,"column":29},"end":{"line":368,"column":70}},"118":{"start":{"line":369,"column":4},"end":{"line":370,"column":55}},"119":{"start":{"line":370,"column":6},"end":{"line":370,"column":55}},"120":{"start":{"line":371,"column":4},"end":{"line":371,"column":70}},"121":{"start":{"line":371,"column":29},"end":{"line":371,"column":70}},"122":{"start":{"line":373,"column":4},"end":{"line":388,"column":7}},"123":{"start":{"line":390,"column":19},"end":{"line":390,"column":68}},"124":{"start":{"line":391,"column":24},"end":{"line":391,"column":58}},"125":{"start":{"line":391,"column":46},"end":{"line":391,"column":57}},"126":{"start":{"line":393,"column":4},"end":{"line":402,"column":7}},"127":{"start":{"line":404,"column":4},"end":{"line":410,"column":7}},"128":{"start":{"line":412,"column":4},"end":{"line":415,"column":7}},"129":{"start":{"line":417,"column":4},"end":{"line":417,"column":41}},"130":{"start":{"line":421,"column":27},"end":{"line":451,"column":1}},"131":{"start":{"line":422,"column":2},"end":{"line":450,"column":3}},"132":{"start":{"line":423,"column":19},"end":{"line":423,"column":29}},"133":{"start":{"line":425,"column":25},"end":{"line":425,"column":57}},"134":{"start":{"line":426,"column":4},"end":{"line":428,"column":5}},"135":{"start":{"line":427,"column":6},"end":{"line":427,"column":80}},"136":{"start":{"line":430,"column":4},"end":{"line":432,"column":7}},"137":{"start":{"line":434,"column":4},"end":{"line":434,"column":33}},"138":{"start":{"line":436,"column":4},"end":{"line":442,"column":7}},"139":{"start":{"line":444,"column":4},"end":{"line":447,"column":7}},"140":{"start":{"line":449,"column":4},"end":{"line":449,"column":41}},"141":{"start":{"line":453,"column":30},"end":{"line":481,"column":1}},"142":{"start":{"line":454,"column":2},"end":{"line":480,"column":3}},"143":{"start":{"line":455,"column":19},"end":{"line":455,"column":29}},"144":{"start":{"line":457,"column":28},"end":{"line":457,"column":63}},"145":{"start":{"line":458,"column":4},"end":{"line":462,"column":5}},"146":{"start":{"line":459,"column":6},"end":{"line":461,"column":64}},"147":{"start":{"line":464,"column":4},"end":{"line":464,"column":36}},"148":{"start":{"line":466,"column":4},"end":{"line":472,"column":7}},"149":{"start":{"line":474,"column":4},"end":{"line":477,"column":7}},"150":{"start":{"line":479,"column":4},"end":{"line":479,"column":41}},"151":{"start":{"line":483,"column":0},"end":{"line":498,"column":2}}},"fnMap":{"0":{"name":"(anonymous_0)","decl":{"start":{"line":19,"column":27},"end":{"line":19,"column":28}},"loc":{"start":{"line":19,"column":53},"end":{"line":39,"column":1}},"line":19},"1":{"name":"(anonymous_1)","decl":{"start":{"line":41,"column":30},"end":{"line":41,"column":31}},"loc":{"start":{"line":41,"column":56},"end":{"line":63,"column":1}},"line":41},"2":{"name":"(anonymous_2)","decl":{"start":{"line":65,"column":27},"end":{"line":65,"column":28}},"loc":{"start":{"line":65,"column":53},"end":{"line":85,"column":1}},"line":65},"3":{"name":"(anonymous_3)","decl":{"start":{"line":87,"column":44},"end":{"line":87,"column":45}},"loc":{"start":{"line":87,"column":70},"end":{"line":111,"column":1}},"line":87},"4":{"name":"(anonymous_4)","decl":{"start":{"line":113,"column":40},"end":{"line":113,"column":41}},"loc":{"start":{"line":113,"column":66},"end":{"line":123,"column":1}},"line":113},"5":{"name":"(anonymous_5)","decl":{"start":{"line":125,"column":57},"end":{"line":125,"column":58}},"loc":{"start":{"line":129,"column":5},"end":{"line":144,"column":1}},"line":129},"6":{"name":"(anonymous_6)","decl":{"start":{"line":146,"column":27},"end":{"line":146,"column":28}},"loc":{"start":{"line":146,"column":53},"end":{"line":168,"column":1}},"line":146},"7":{"name":"(anonymous_7)","decl":{"start":{"line":170,"column":28},"end":{"line":170,"column":29}},"loc":{"start":{"line":170,"column":54},"end":{"line":184,"column":1}},"line":170},"8":{"name":"(anonymous_8)","decl":{"start":{"line":186,"column":23},"end":{"line":186,"column":24}},"loc":{"start":{"line":186,"column":49},"end":{"line":200,"column":1}},"line":186},"9":{"name":"(anonymous_9)","decl":{"start":{"line":202,"column":30},"end":{"line":202,"column":31}},"loc":{"start":{"line":202,"column":56},"end":{"line":224,"column":1}},"line":202},"10":{"name":"(anonymous_10)","decl":{"start":{"line":226,"column":24},"end":{"line":226,"column":25}},"loc":{"start":{"line":226,"column":50},"end":{"line":333,"column":1}},"line":226},"11":{"name":"(anonymous_11)","decl":{"start":{"line":282,"column":6},"end":{"line":282,"column":7}},"loc":{"start":{"line":282,"column":24},"end":{"line":287,"column":7}},"line":282},"12":{"name":"(anonymous_12)","decl":{"start":{"line":305,"column":35},"end":{"line":305,"column":36}},"loc":{"start":{"line":305,"column":46},"end":{"line":305,"column":57}},"line":305},"13":{"name":"(anonymous_13)","decl":{"start":{"line":335,"column":24},"end":{"line":335,"column":25}},"loc":{"start":{"line":335,"column":50},"end":{"line":419,"column":1}},"line":335},"14":{"name":"(anonymous_14)","decl":{"start":{"line":354,"column":26},"end":{"line":354,"column":27}},"loc":{"start":{"line":354,"column":65},"end":{"line":361,"column":5}},"line":354},"15":{"name":"(anonymous_15)","decl":{"start":{"line":391,"column":35},"end":{"line":391,"column":36}},"loc":{"start":{"line":391,"column":46},"end":{"line":391,"column":57}},"line":391},"16":{"name":"(anonymous_16)","decl":{"start":{"line":421,"column":27},"end":{"line":421,"column":28}},"loc":{"start":{"line":421,"column":53},"end":{"line":451,"column":1}},"line":421},"17":{"name":"(anonymous_17)","decl":{"start":{"line":453,"column":30},"end":{"line":453,"column":31}},"loc":{"start":{"line":453,"column":56},"end":{"line":481,"column":1}},"line":453}},"branchMap":{"0":{"loc":{"start":{"line":67,"column":15},"end":{"line":67,"column":44}},"type":"binary-expr","locations":[{"start":{"line":67,"column":15},"end":{"line":67,"column":39}},{"start":{"line":67,"column":43},"end":{"line":67,"column":44}}],"line":67},"1":{"loc":{"start":{"line":68,"column":16},"end":{"line":68,"column":47}},"type":"binary-expr","locations":[{"start":{"line":68,"column":16},"end":{"line":68,"column":41}},{"start":{"line":68,"column":45},"end":{"line":68,"column":47}}],"line":68},"2":{"loc":{"start":{"line":91,"column":15},"end":{"line":91,"column":44}},"type":"binary-expr","locations":[{"start":{"line":91,"column":15},"end":{"line":91,"column":39}},{"start":{"line":91,"column":43},"end":{"line":91,"column":44}}],"line":91},"3":{"loc":{"start":{"line":92,"column":16},"end":{"line":92,"column":47}},"type":"binary-expr","locations":[{"start":{"line":92,"column":16},"end":{"line":92,"column":41}},{"start":{"line":92,"column":45},"end":{"line":92,"column":47}}],"line":92},"4":{"loc":{"start":{"line":174,"column":4},"end":{"line":176,"column":5}},"type":"if","locations":[{"start":{"line":174,"column":4},"end":{"line":176,"column":5}},{"start":{},"end":{}}],"line":174},"5":{"loc":{"start":{"line":190,"column":4},"end":{"line":192,"column":5}},"type":"if","locations":[{"start":{"line":190,"column":4},"end":{"line":192,"column":5}},{"start":{},"end":{}}],"line":190},"6":{"loc":{"start":{"line":240,"column":32},"end":{"line":242,"column":12}},"type":"cond-expr","locations":[{"start":{"line":241,"column":8},"end":{"line":241,"column":36}},{"start":{"line":242,"column":8},"end":{"line":242,"column":12}}],"line":240},"7":{"loc":{"start":{"line":243,"column":40},"end":{"line":245,"column":12}},"type":"cond-expr","locations":[{"start":{"line":244,"column":8},"end":{"line":244,"column":44}},{"start":{"line":245,"column":8},"end":{"line":245,"column":12}}],"line":243},"8":{"loc":{"start":{"line":246,"column":32},"end":{"line":248,"column":12}},"type":"cond-expr","locations":[{"start":{"line":247,"column":8},"end":{"line":247,"column":36}},{"start":{"line":248,"column":8},"end":{"line":248,"column":12}}],"line":246},"9":{"loc":{"start":{"line":258,"column":23},"end":{"line":260,"column":14}},"type":"cond-expr","locations":[{"start":{"line":259,"column":10},"end":{"line":259,"column":38}},{"start":{"line":260,"column":10},"end":{"line":260,"column":14}}],"line":258},"10":{"loc":{"start":{"line":261,"column":31},"end":{"line":263,"column":14}},"type":"cond-expr","locations":[{"start":{"line":262,"column":10},"end":{"line":262,"column":46}},{"start":{"line":263,"column":10},"end":{"line":263,"column":14}}],"line":261},"11":{"loc":{"start":{"line":264,"column":23},"end":{"line":266,"column":14}},"type":"cond-expr","locations":[{"start":{"line":265,"column":10},"end":{"line":265,"column":38}},{"start":{"line":266,"column":10},"end":{"line":266,"column":14}}],"line":264},"12":{"loc":{"start":{"line":270,"column":6},"end":{"line":272,"column":23}},"type":"cond-expr","locations":[{"start":{"line":271,"column":10},"end":{"line":271,"column":35}},{"start":{"line":272,"column":10},"end":{"line":272,"column":23}}],"line":270},"13":{"loc":{"start":{"line":274,"column":21},"end":{"line":274,"column":40}},"type":"binary-expr","locations":[{"start":{"line":274,"column":21},"end":{"line":274,"column":34}},{"start":{"line":274,"column":38},"end":{"line":274,"column":40}}],"line":274},"14":{"loc":{"start":{"line":285,"column":13},"end":{"line":285,"column":62}},"type":"cond-expr","locations":[{"start":{"line":285,"column":31},"end":{"line":285,"column":55}},{"start":{"line":285,"column":58},"end":{"line":285,"column":62}}],"line":285},"15":{"loc":{"start":{"line":350,"column":4},"end":{"line":352,"column":5}},"type":"if","locations":[{"start":{"line":350,"column":4},"end":{"line":352,"column":5}},{"start":{},"end":{}}],"line":350},"16":{"loc":{"start":{"line":354,"column":40},"end":{"line":354,"column":60}},"type":"default-arg","locations":[{"start":{"line":354,"column":49},"end":{"line":354,"column":60}}],"line":354},"17":{"loc":{"start":{"line":355,"column":6},"end":{"line":355,"column":31}},"type":"if","locations":[{"start":{"line":355,"column":6},"end":{"line":355,"column":31}},{"start":{},"end":{}}],"line":355},"18":{"loc":{"start":{"line":363,"column":32},"end":{"line":363,"column":71}},"type":"binary-expr","locations":[{"start":{"line":363,"column":32},"end":{"line":363,"column":63}},{"start":{"line":363,"column":67},"end":{"line":363,"column":71}}],"line":363},"19":{"loc":{"start":{"line":365,"column":6},"end":{"line":365,"column":53}},"type":"binary-expr","locations":[{"start":{"line":365,"column":6},"end":{"line":365,"column":45}},{"start":{"line":365,"column":49},"end":{"line":365,"column":53}}],"line":365},"20":{"loc":{"start":{"line":366,"column":32},"end":{"line":366,"column":71}},"type":"binary-expr","locations":[{"start":{"line":366,"column":32},"end":{"line":366,"column":63}},{"start":{"line":366,"column":67},"end":{"line":366,"column":71}}],"line":366},"21":{"loc":{"start":{"line":368,"column":4},"end":{"line":368,"column":70}},"type":"if","locations":[{"start":{"line":368,"column":4},"end":{"line":368,"column":70}},{"start":{},"end":{}}],"line":368},"22":{"loc":{"start":{"line":369,"column":4},"end":{"line":370,"column":55}},"type":"if","locations":[{"start":{"line":369,"column":4},"end":{"line":370,"column":55}},{"start":{},"end":{}}],"line":369},"23":{"loc":{"start":{"line":371,"column":4},"end":{"line":371,"column":70}},"type":"if","locations":[{"start":{"line":371,"column":4},"end":{"line":371,"column":70}},{"start":{},"end":{}}],"line":371},"24":{"loc":{"start":{"line":382,"column":8},"end":{"line":382,"column":66}},"type":"binary-expr","locations":[{"start":{"line":382,"column":8},"end":{"line":382,"column":37}},{"start":{"line":382,"column":41},"end":{"line":382,"column":66}}],"line":382},"25":{"loc":{"start":{"line":384,"column":8},"end":{"line":385,"column":41}},"type":"binary-expr","locations":[{"start":{"line":384,"column":8},"end":{"line":384,"column":45}},{"start":{"line":385,"column":8},"end":{"line":385,"column":41}}],"line":384},"26":{"loc":{"start":{"line":387,"column":8},"end":{"line":387,"column":66}},"type":"binary-expr","locations":[{"start":{"line":387,"column":8},"end":{"line":387,"column":37}},{"start":{"line":387,"column":41},"end":{"line":387,"column":66}}],"line":387},"27":{"loc":{"start":{"line":426,"column":4},"end":{"line":428,"column":5}},"type":"if","locations":[{"start":{"line":426,"column":4},"end":{"line":428,"column":5}},{"start":{},"end":{}}],"line":426},"28":{"loc":{"start":{"line":458,"column":4},"end":{"line":462,"column":5}},"type":"if","locations":[{"start":{"line":458,"column":4},"end":{"line":462,"column":5}},{"start":{},"end":{}}],"line":458}},"s":{"0":1,"1":1,"2":1,"3":1,"4":1,"5":1,"6":1,"7":1,"8":0,"9":0,"10":0,"11":0,"12":0,"13":0,"14":1,"15":0,"16":0,"17":0,"18":0,"19":0,"20":0,"21":0,"22":1,"23":0,"24":0,"25":0,"26":0,"27":0,"28":0,"29":1,"30":0,"31":0,"32":0,"33":0,"34":0,"35":0,"36":0,"37":1,"38":0,"39":0,"40":0,"41":0,"42":1,"43":0,"44":0,"45":0,"46":0,"47":0,"48":1,"49":0,"50":0,"51":0,"52":0,"53":0,"54":0,"55":0,"56":1,"57":0,"58":0,"59":0,"60":0,"61":0,"62":0,"63":0,"64":1,"65":0,"66":0,"67":0,"68":0,"69":0,"70":0,"71":0,"72":1,"73":0,"74":0,"75":0,"76":0,"77":0,"78":0,"79":0,"80":1,"81":0,"82":0,"83":0,"84":0,"85":0,"86":0,"87":0,"88":0,"89":0,"90":0,"91":0,"92":0,"93":0,"94":0,"95":0,"96":0,"97":0,"98":0,"99":0,"100":0,"101":0,"102":1,"103":0,"104":0,"105":0,"106":0,"107":0,"108":0,"109":0,"110":0,"111":0,"112":0,"113":0,"114":0,"115":0,"116":0,"117":0,"118":0,"119":0,"120":0,"121":0,"122":0,"123":0,"124":0,"125":0,"126":0,"127":0,"128":0,"129":0,"130":1,"131":0,"132":0,"133":0,"134":0,"135":0,"136":0,"137":0,"138":0,"139":0,"140":0,"141":1,"142":0,"143":0,"144":0,"145":0,"146":0,"147":0,"148":0,"149":0,"150":0,"151":1},"f":{"0":0,"1":0,"2":0,"3":0,"4":0,"5":0,"6":0,"7":0,"8":0,"9":0,"10":0,"11":0,"12":0,"13":0,"14":0,"15":0,"16":0,"17":0},"b":{"0":[0,0],"1":[0,0],"2":[0,0],"3":[0,0],"4":[0,0],"5":[0,0],"6":[0,0],"7":[0,0],"8":[0,0],"9":[0,0],"10":[0,0],"11":[0,0],"12":[0,0],"13":[0,0],"14":[0,0],"15":[0,0],"16":[0],"17":[0,0],"18":[0,0],"19":[0,0],"20":[0,0],"21":[0,0],"22":[0,0],"23":[0,0],"24":[0,0],"25":[0,0],"26":[0,0],"27":[0,0],"28":[0,0]},"_coverageSchema":"1a1c01bbd47fc00a2c39e90264f33305004495a9","hash":"9a489d20a344a2ba50c0ac8dc5805a5d635ad0db"}
,"D:\\Project-HKI\\app\\controllers\\documentController.js": {"path":"D:\\Project-HKI\\app\\controllers\\documentController.js","statementMap":{"0":{"start":{"line":1,"column":22},"end":{"line":1,"column":42}},"1":{"start":{"line":2,"column":15},"end":{"line":2,"column":35}},"2":{"start":{"line":3,"column":11},"end":{"line":3,"column":24}},"3":{"start":{"line":4,"column":13},"end":{"line":4,"column":28}},"4":{"start":{"line":6,"column":20},"end":{"line":6,"column":54}},"5":{"start":{"line":7,"column":17},"end":{"line":7,"column":48}},"6":{"start":{"line":9,"column":27},"end":{"line":31,"column":1}},"7":{"start":{"line":10,"column":2},"end":{"line":30,"column":3}},"8":{"start":{"line":11,"column":21},"end":{"line":11,"column":29}},"9":{"start":{"line":12,"column":4},"end":{"line":14,"column":7}},"10":{"start":{"line":16,"column":4},"end":{"line":22,"column":7}},"11":{"start":{"line":24,"column":4},"end":{"line":27,"column":7}},"12":{"start":{"line":29,"column":4},"end":{"line":29,"column":16}},"13":{"start":{"line":33,"column":27},"end":{"line":62,"column":1}},"14":{"start":{"line":34,"column":2},"end":{"line":61,"column":3}},"15":{"start":{"line":35,"column":33},"end":{"line":35,"column":41}},"16":{"start":{"line":37,"column":25},"end":{"line":39,"column":6}},"17":{"start":{"line":41,"column":4},"end":{"line":43,"column":5}},"18":{"start":{"line":42,"column":6},"end":{"line":42,"column":79}},"19":{"start":{"line":45,"column":4},"end":{"line":45,"column":76}},"20":{"start":{"line":47,"column":4},"end":{"line":53,"column":7}},"21":{"start":{"line":55,"column":4},"end":{"line":58,"column":7}},"22":{"start":{"line":60,"column":4},"end":{"line":60,"column":43}},"23":{"start":{"line":64,"column":24},"end":{"line":105,"column":1}},"24":{"start":{"line":65,"column":2},"end":{"line":104,"column":3}},"25":{"start":{"line":66,"column":21},"end":{"line":66,"column":31}},"26":{"start":{"line":67,"column":22},"end":{"line":67,"column":30}},"27":{"start":{"line":69,"column":16},"end":{"line":73,"column":6}},"28":{"start":{"line":75,"column":25},"end":{"line":75,"column":57}},"29":{"start":{"line":76,"column":22},"end":{"line":76,"column":51}},"30":{"start":{"line":78,"column":4},"end":{"line":80,"column":5}},"31":{"start":{"line":79,"column":6},"end":{"line":79,"column":69}},"32":{"start":{"line":82,"column":19},"end":{"line":87,"column":6}},"33":{"start":{"line":89,"column":4},"end":{"line":95,"column":7}},"34":{"start":{"line":97,"column":4},"end":{"line":101,"column":7}},"35":{"start":{"line":103,"column":4},"end":{"line":103,"column":41}},"36":{"start":{"line":107,"column":18},"end":{"line":171,"column":1}},"37":{"start":{"line":108,"column":2},"end":{"line":170,"column":3}},"38":{"start":{"line":109,"column":19},"end":{"line":109,"column":29}},"39":{"start":{"line":110,"column":22},"end":{"line":110,"column":30}},"40":{"start":{"line":112,"column":25},"end":{"line":112,"column":57}},"41":{"start":{"line":113,"column":22},"end":{"line":113,"column":51}},"42":{"start":{"line":115,"column":16},"end":{"line":117,"column":6}},"43":{"start":{"line":119,"column":4},"end":{"line":121,"column":5}},"44":{"start":{"line":120,"column":6},"end":{"line":120,"column":69}},"45":{"start":{"line":123,"column":4},"end":{"line":133,"column":5}},"46":{"start":{"line":124,"column":25},"end":{"line":129,"column":7}},"47":{"start":{"line":130,"column":6},"end":{"line":132,"column":7}},"48":{"start":{"line":131,"column":8},"end":{"line":131,"column":34}},"49":{"start":{"line":135,"column":4},"end":{"line":145,"column":5}},"50":{"start":{"line":136,"column":27},"end":{"line":141,"column":7}},"51":{"start":{"line":142,"column":6},"end":{"line":144,"column":7}},"52":{"start":{"line":143,"column":8},"end":{"line":143,"column":36}},"53":{"start":{"line":147,"column":4},"end":{"line":149,"column":5}},"54":{"start":{"line":148,"column":6},"end":{"line":148,"column":24}},"55":{"start":{"line":150,"column":4},"end":{"line":150,"column":59}},"56":{"start":{"line":150,"column":22},"end":{"line":150,"column":59}},"57":{"start":{"line":151,"column":4},"end":{"line":151,"column":50}},"58":{"start":{"line":151,"column":19},"end":{"line":151,"column":50}},"59":{"start":{"line":153,"column":4},"end":{"line":153,"column":21}},"60":{"start":{"line":155,"column":4},"end":{"line":161,"column":7}},"61":{"start":{"line":163,"column":4},"end":{"line":167,"column":7}},"62":{"start":{"line":169,"column":4},"end":{"line":169,"column":41}},"63":{"start":{"line":173,"column":18},"end":{"line":200,"column":1}},"64":{"start":{"line":174,"column":2},"end":{"line":199,"column":3}},"65":{"start":{"line":175,"column":15},"end":{"line":175,"column":44}},"66":{"start":{"line":176,"column":16},"end":{"line":176,"column":47}},"67":{"start":{"line":178,"column":19},"end":{"line":178,"column":37}},"68":{"start":{"line":180,"column":34},"end":{"line":188,"column":6}},"69":{"start":{"line":189,"column":4},"end":{"line":196,"column":7}},"70":{"start":{"line":198,"column":4},"end":{"line":198,"column":41}},"71":{"start":{"line":202,"column":32},"end":{"line":218,"column":1}},"72":{"start":{"line":203,"column":2},"end":{"line":217,"column":3}},"73":{"start":{"line":204,"column":17},"end":{"line":210,"column":6}},"74":{"start":{"line":211,"column":4},"end":{"line":214,"column":7}},"75":{"start":{"line":216,"column":4},"end":{"line":216,"column":41}},"76":{"start":{"line":220,"column":22},"end":{"line":288,"column":1}},"77":{"start":{"line":221,"column":2},"end":{"line":287,"column":3}},"78":{"start":{"line":222,"column":15},"end":{"line":222,"column":44}},"79":{"start":{"line":223,"column":16},"end":{"line":223,"column":47}},"80":{"start":{"line":225,"column":27},"end":{"line":229,"column":5}},"81":{"start":{"line":231,"column":4},"end":{"line":254,"column":5}},"82":{"start":{"line":232,"column":19},"end":{"line":235,"column":8}},"83":{"start":{"line":237,"column":27},"end":{"line":247,"column":7}},"84":{"start":{"line":239,"column":24},"end":{"line":241,"column":12}},"85":{"start":{"line":242,"column":10},"end":{"line":245,"column":12}},"86":{"start":{"line":249,"column":6},"end":{"line":253,"column":9}},"87":{"start":{"line":256,"column":19},"end":{"line":256,"column":37}},"88":{"start":{"line":258,"column":34},"end":{"line":263,"column":6}},"89":{"start":{"line":265,"column":25},"end":{"line":275,"column":5}},"90":{"start":{"line":267,"column":22},"end":{"line":269,"column":10}},"91":{"start":{"line":270,"column":8},"end":{"line":273,"column":10}},"92":{"start":{"line":277,"column":4},"end":{"line":284,"column":7}},"93":{"start":{"line":286,"column":4},"end":{"line":286,"column":41}},"94":{"start":{"line":290,"column":21},"end":{"line":332,"column":1}},"95":{"start":{"line":291,"column":2},"end":{"line":331,"column":3}},"96":{"start":{"line":292,"column":15},"end":{"line":292,"column":44}},"97":{"start":{"line":293,"column":16},"end":{"line":293,"column":47}},"98":{"start":{"line":295,"column":4},"end":{"line":308,"column":5}},"99":{"start":{"line":296,"column":19},"end":{"line":303,"column":8}},"100":{"start":{"line":304,"column":6},"end":{"line":307,"column":9}},"101":{"start":{"line":309,"column":19},"end":{"line":309,"column":37}},"102":{"start":{"line":311,"column":34},"end":{"line":320,"column":6}},"103":{"start":{"line":321,"column":4},"end":{"line":328,"column":7}},"104":{"start":{"line":330,"column":4},"end":{"line":330,"column":41}},"105":{"start":{"line":334,"column":16},"end":{"line":348,"column":1}},"106":{"start":{"line":335,"column":2},"end":{"line":347,"column":3}},"107":{"start":{"line":336,"column":19},"end":{"line":336,"column":29}},"108":{"start":{"line":337,"column":16},"end":{"line":337,"column":44}},"109":{"start":{"line":338,"column":4},"end":{"line":340,"column":5}},"110":{"start":{"line":339,"column":6},"end":{"line":339,"column":65}},"111":{"start":{"line":341,"column":4},"end":{"line":344,"column":7}},"112":{"start":{"line":346,"column":4},"end":{"line":346,"column":41}},"113":{"start":{"line":350,"column":18},"end":{"line":388,"column":1}},"114":{"start":{"line":351,"column":2},"end":{"line":387,"column":3}},"115":{"start":{"line":352,"column":19},"end":{"line":352,"column":29}},"116":{"start":{"line":353,"column":16},"end":{"line":353,"column":44}},"117":{"start":{"line":355,"column":4},"end":{"line":357,"column":5}},"118":{"start":{"line":356,"column":6},"end":{"line":356,"column":65}},"119":{"start":{"line":359,"column":4},"end":{"line":369,"column":5}},"120":{"start":{"line":360,"column":23},"end":{"line":364,"column":7}},"121":{"start":{"line":366,"column":6},"end":{"line":368,"column":7}},"122":{"start":{"line":367,"column":8},"end":{"line":367,"column":32}},"123":{"start":{"line":371,"column":4},"end":{"line":371,"column":24}},"124":{"start":{"line":373,"column":4},"end":{"line":379,"column":7}},"125":{"start":{"line":381,"column":4},"end":{"line":384,"column":7}},"126":{"start":{"line":386,"column":4},"end":{"line":386,"column":41}},"127":{"start":{"line":390,"column":22},"end":{"line":429,"column":1}},"128":{"start":{"line":391,"column":2},"end":{"line":428,"column":3}},"129":{"start":{"line":392,"column":21},"end":{"line":392,"column":31}},"130":{"start":{"line":394,"column":17},"end":{"line":394,"column":61}},"131":{"start":{"line":396,"column":4},"end":{"line":398,"column":5}},"132":{"start":{"line":397,"column":6},"end":{"line":397,"column":80}},"133":{"start":{"line":400,"column":4},"end":{"line":410,"column":5}},"134":{"start":{"line":401,"column":23},"end":{"line":405,"column":7}},"135":{"start":{"line":407,"column":6},"end":{"line":409,"column":7}},"136":{"start":{"line":408,"column":8},"end":{"line":408,"column":32}},"137":{"start":{"line":412,"column":4},"end":{"line":412,"column":49}},"138":{"start":{"line":414,"column":4},"end":{"line":420,"column":7}},"139":{"start":{"line":422,"column":4},"end":{"line":425,"column":7}},"140":{"start":{"line":427,"column":4},"end":{"line":427,"column":41}},"141":{"start":{"line":431,"column":0},"end":{"line":443,"column":2}}},"fnMap":{"0":{"name":"(anonymous_0)","decl":{"start":{"line":9,"column":27},"end":{"line":9,"column":28}},"loc":{"start":{"line":9,"column":53},"end":{"line":31,"column":1}},"line":9},"1":{"name":"(anonymous_1)","decl":{"start":{"line":33,"column":27},"end":{"line":33,"column":28}},"loc":{"start":{"line":33,"column":53},"end":{"line":62,"column":1}},"line":33},"2":{"name":"(anonymous_2)","decl":{"start":{"line":64,"column":24},"end":{"line":64,"column":25}},"loc":{"start":{"line":64,"column":50},"end":{"line":105,"column":1}},"line":64},"3":{"name":"(anonymous_3)","decl":{"start":{"line":107,"column":18},"end":{"line":107,"column":19}},"loc":{"start":{"line":107,"column":44},"end":{"line":171,"column":1}},"line":107},"4":{"name":"(anonymous_4)","decl":{"start":{"line":173,"column":18},"end":{"line":173,"column":19}},"loc":{"start":{"line":173,"column":44},"end":{"line":200,"column":1}},"line":173},"5":{"name":"(anonymous_5)","decl":{"start":{"line":202,"column":32},"end":{"line":202,"column":33}},"loc":{"start":{"line":202,"column":58},"end":{"line":218,"column":1}},"line":202},"6":{"name":"(anonymous_6)","decl":{"start":{"line":220,"column":22},"end":{"line":220,"column":23}},"loc":{"start":{"line":220,"column":48},"end":{"line":288,"column":1}},"line":220},"7":{"name":"(anonymous_7)","decl":{"start":{"line":238,"column":17},"end":{"line":238,"column":18}},"loc":{"start":{"line":238,"column":32},"end":{"line":246,"column":9}},"line":238},"8":{"name":"(anonymous_8)","decl":{"start":{"line":266,"column":15},"end":{"line":266,"column":16}},"loc":{"start":{"line":266,"column":30},"end":{"line":274,"column":7}},"line":266},"9":{"name":"(anonymous_9)","decl":{"start":{"line":290,"column":21},"end":{"line":290,"column":22}},"loc":{"start":{"line":290,"column":47},"end":{"line":332,"column":1}},"line":290},"10":{"name":"(anonymous_10)","decl":{"start":{"line":334,"column":16},"end":{"line":334,"column":17}},"loc":{"start":{"line":334,"column":42},"end":{"line":348,"column":1}},"line":334},"11":{"name":"(anonymous_11)","decl":{"start":{"line":350,"column":18},"end":{"line":350,"column":19}},"loc":{"start":{"line":350,"column":44},"end":{"line":388,"column":1}},"line":350},"12":{"name":"(anonymous_12)","decl":{"start":{"line":390,"column":22},"end":{"line":390,"column":23}},"loc":{"start":{"line":390,"column":48},"end":{"line":429,"column":1}},"line":390}},"branchMap":{"0":{"loc":{"start":{"line":41,"column":4},"end":{"line":43,"column":5}},"type":"if","locations":[{"start":{"line":41,"column":4},"end":{"line":43,"column":5}},{"start":{},"end":{}}],"line":41},"1":{"loc":{"start":{"line":75,"column":25},"end":{"line":75,"column":57}},"type":"binary-expr","locations":[{"start":{"line":75,"column":25},"end":{"line":75,"column":49}},{"start":{"line":75,"column":53},"end":{"line":75,"column":57}}],"line":75},"2":{"loc":{"start":{"line":76,"column":22},"end":{"line":76,"column":51}},"type":"binary-expr","locations":[{"start":{"line":76,"column":22},"end":{"line":76,"column":43}},{"start":{"line":76,"column":47},"end":{"line":76,"column":51}}],"line":76},"3":{"loc":{"start":{"line":78,"column":4},"end":{"line":80,"column":5}},"type":"if","locations":[{"start":{"line":78,"column":4},"end":{"line":80,"column":5}},{"start":{},"end":{}}],"line":78},"4":{"loc":{"start":{"line":85,"column":16},"end":{"line":85,"column":59}},"type":"cond-expr","locations":[{"start":{"line":85,"column":31},"end":{"line":85,"column":52}},{"start":{"line":85,"column":55},"end":{"line":85,"column":59}}],"line":85},"5":{"loc":{"start":{"line":86,"column":13},"end":{"line":86,"column":50}},"type":"cond-expr","locations":[{"start":{"line":86,"column":25},"end":{"line":86,"column":43}},{"start":{"line":86,"column":46},"end":{"line":86,"column":50}}],"line":86},"6":{"loc":{"start":{"line":112,"column":25},"end":{"line":112,"column":57}},"type":"binary-expr","locations":[{"start":{"line":112,"column":25},"end":{"line":112,"column":49}},{"start":{"line":112,"column":53},"end":{"line":112,"column":57}}],"line":112},"7":{"loc":{"start":{"line":113,"column":22},"end":{"line":113,"column":51}},"type":"binary-expr","locations":[{"start":{"line":113,"column":22},"end":{"line":113,"column":43}},{"start":{"line":113,"column":47},"end":{"line":113,"column":51}}],"line":113},"8":{"loc":{"start":{"line":119,"column":4},"end":{"line":121,"column":5}},"type":"if","locations":[{"start":{"line":119,"column":4},"end":{"line":121,"column":5}},{"start":{},"end":{}}],"line":119},"9":{"loc":{"start":{"line":123,"column":4},"end":{"line":133,"column":5}},"type":"if","locations":[{"start":{"line":123,"column":4},"end":{"line":133,"column":5}},{"start":{},"end":{}}],"line":123},"10":{"loc":{"start":{"line":123,"column":8},"end":{"line":123,"column":36}},"type":"binary-expr","locations":[{"start":{"line":123,"column":8},"end":{"line":123,"column":20}},{"start":{"line":123,"column":24},"end":{"line":123,"column":36}}],"line":123},"11":{"loc":{"start":{"line":130,"column":6},"end":{"line":132,"column":7}},"type":"if","locations":[{"start":{"line":130,"column":6},"end":{"line":132,"column":7}},{"start":{},"end":{}}],"line":130},"12":{"loc":{"start":{"line":135,"column":4},"end":{"line":145,"column":5}},"type":"if","locations":[{"start":{"line":135,"column":4},"end":{"line":145,"column":5}},{"start":{},"end":{}}],"line":135},"13":{"loc":{"start":{"line":135,"column":8},"end":{"line":135,"column":30}},"type":"binary-expr","locations":[{"start":{"line":135,"column":8},"end":{"line":135,"column":17}},{"start":{"line":135,"column":21},"end":{"line":135,"column":30}}],"li
[...]
,"D:\\Project-HKI\\emails\\services\\sendMail.js": {"path":"D:\\Project-HKI\\emails\\services\\sendMail.js","statementMap":{"0":{"start":{"line":1,"column":19},"end":{"line":1,"column":40}},"1":{"start":{"line":3,"column":18},"end":{"line":22,"column":1}},"2":{"start":{"line":4,"column":22},"end":{"line":12,"column":4}},"3":{"start":{"line":14,"column":22},"end":{"line":19,"column":3}},"4":{"start":{"line":21,"column":2},"end":{"line":21,"column":42}},"5":{"start":{"line":24,"column":0},"end":{"line":24,"column":27}}},"fnMap":{"0":{"name":"(anonymous_0)","decl":{"start":{"line":3,"column":18},"end":{"line":3,"column":19}},"loc":{"start":{"line":3,"column":51},"end":{"line":22,"column":1}},"line":3}},"branchMap":{},"s":{"0":1,"1":1,"2":1,"3":1,"4":1,"5":1},"f":{"0":1},"b":{},"_coverageSchema":"1a1c01bbd47fc00a2c39e90264f33305004495a9","hash":"6f25660b1f2d2e2972dcc6ad89c82437ce9bdbd0"}
,"D:\\Project-HKI\\emails\\templates\\PaymentConfirmationMail.js": {"path":"D:\\Project-HKI\\emails\\templates\\PaymentConfirmationMail.js","statementMap":{"0":{"start":{"line":1,"column":32},"end":{"line":52,"column":1}},"1":{"start":{"line":2,"column":2},"end":{"line":51,"column":6}},"2":{"start":{"line":54,"column":0},"end":{"line":54,"column":41}}},"fnMap":{"0":{"name":"(anonymous_0)","decl":{"start":{"line":1,"column":32},"end":{"line":1,"column":33}},"loc":{"start":{"line":1,"column":67},"end":{"line":52,"column":1}},"line":1}},"branchMap":{},"s":{"0":1,"1":0,"2":1},"f":{"0":0},"b":{},"_coverageSchema":"1a1c01bbd47fc00a2c39e90264f33305004495a9","hash":"553efd792a1f59533cc4bf431142a931076d16e9"}
,"D:\\Project-HKI\\emails\\templates\\brandSubmissionMail.js": {"path":"D:\\Project-HKI\\emails\\templates\\brandSubmissionMail.js","statementMap":{"0":{"start":{"line":1,"column":28},"end":{"line":57,"column":1}},"1":{"start":{"line":2,"column":19},"end":{"line":2,"column":36}},"2":{"start":{"line":4,"column":16},"end":{"line":4,"column":76}},"3":{"start":{"line":5,"column":18},"end":{"line":7,"column":82}},"4":{"start":{"line":9,"column":2},"end":{"line":56,"column":4}},"5":{"start":{"line":59,"column":0},"end":{"line":59,"column":37}}},"fnMap":{"0":{"name":"(anonymous_0)","decl":{"start":{"line":1,"column":28},"end":{"line":1,"column":29}},"loc":{"start":{"line":1,"column":70},"end":{"line":57,"column":1}},"line":1}},"branchMap":{"0":{"loc":{"start":{"line":1,"column":48},"end":{"line":1,"column":63}},"type":"default-arg","locations":[{"start":{"line":1,"column":55},"end":{"line":1,"column":63}}],"line":1},"1":{"loc":{"start":{"line":4,"column":16},"end":{"line":4,"column":76}},"type":"cond-expr","locations":[{"start":{"line":4,"column":27},"end":{"line":4,"column":51}},{"start":{"line":4,"column":54},"end":{"line":4,"column":76}}],"line":4},"2":{"loc":{"start":{"line":5,"column":18},"end":{"line":7,"column":82}},"type":"cond-expr","locations":[{"start":{"line":6,"column":6},"end":{"line":6,"column":70}},{"start":{"line":7,"column":6},"end":{"line":7,"column":82}}],"line":5}},"s":{"0":1,"1":0,"2":0,"3":0,"4":0,"5":1},"f":{"0":0},"b":{"0":[0],"1":[0,0],"2":[0,0]},"_coverageSchema":"1a1c01bbd47fc00a2c39e90264f33305004495a9","hash":"69ad028d64e3e2585e3d6480dbf4133bec803e7f"}
,"D:\\Project-HKI\\emails\\templates\\copyrightSubmissionMail.js": {"path":"D:\\Project-HKI\\emails\\templates\\copyrightSubmissionMail.js","statementMap":{"0":{"start":{"line":1,"column":32},"end":{"line":65,"column":1}},"1":{"start":{"line":7,"column":19},"end":{"line":7,"column":36}},"2":{"start":{"line":9,"column":16},"end":{"line":11,"column":32}},"3":{"start":{"line":12,"column":18},"end":{"line":14,"column":86}},"4":{"start":{"line":16,"column":2},"end":{"line":64,"column":4}},"5":{"start":{"line":67,"column":0},"end":{"line":67,"column":41}}},"fnMap":{"0":{"name":"(anonymous_0)","decl":{"start":{"line":1,"column":32},"end":{"line":1,"column":33}},"loc":{"start":{"line":6,"column":6},"end":{"line":65,"column":1}},"line":6}},"branchMap":{"0":{"loc":{"start":{"line":5,"column":2},"end":{"line":5,"column":17}},"type":"default-arg","locations":[{"start":{"line":5,"column":9},"end":{"line":5,"column":17}}],"line":5},"1":{"loc":{"start":{"line":9,"column":16},"end":{"line":11,"column":32}},"type":"cond-expr","locations":[{"start":{"line":10,"column":6},"end":{"line":10,"column":34}},{"start":{"line":11,"column":6},"end":{"line":11,"column":32}}],"line":9},"2":{"loc":{"start":{"line":12,"column":18},"end":{"line":14,"column":86}},"type":"cond-expr","locations":[{"start":{"line":13,"column":6},"end":{"line":13,"column":80}},{"start":{"line":14,"column":6},"end":{"line":14,"column":86}}],"line":12}},"s":{"0":1,"1":0,"2":0,"3":0,"4":0,"5":1},"f":{"0":0},"b":{"0":[0],"1":[0,0],"2":[0,0]},"_coverageSchema":"1a1c01bbd47fc00a2c39e90264f33305004495a9","hash":"303e770da4d4dea628efc1fbee8316d9f0f19f8a"}
,"D:\\Project-HKI\\emails\\templates\\helpCenterMailAdmin.js": {"path":"D:\\Project-HKI\\emails\\templates\\helpCenterMailAdmin.js","statementMap":{"0":{"start":{"line":1,"column":28},"end":{"line":65,"column":1}},"1":{"start":{"line":2,"column":2},"end":{"line":64,"column":6}},"2":{"start":{"line":67,"column":0},"end":{"line":67,"column":37}}},"fnMap":{"0":{"name":"(anonymous_0)","decl":{"start":{"line":1,"column":28},"end":{"line":1,"column":29}},"loc":{"start":{"line":1,"column":55},"end":{"line":65,"column":1}},"line":1}},"branchMap":{},"s":{"0":1,"1":0,"2":1},"f":{"0":0},"b":{},"_coverageSchema":"1a1c01bbd47fc00a2c39e90264f33305004495a9","hash":"062e8a87ed7cda71f9aa0d36b1a021ec6d30dc7a"}
,"D:\\Project-HKI\\emails\\templates\\helpCenterMailUser.js": {"path":"D:\\Project-HKI\\emails\\templates\\helpCenterMailUser.js","statementMap":{"0":{"start":{"line":1,"column":23},"end":{"line":62,"column":1}},"1":{"start":{"line":2,"column":2},"end":{"line":61,"column":6}},"2":{"start":{"line":64,"column":0},"end":{"line":64,"column":32}}},"fnMap":{"0":{"name":"(anonymous_0)","decl":{"start":{"line":1,"column":23},"end":{"line":1,"column":24}},"loc":{"start":{"line":1,"column":48},"end":{"line":62,"column":1}},"line":1}},"branchMap":{},"s":{"0":1,"1":0,"2":1},"f":{"0":0},"b":{},"_coverageSchema":"1a1c01bbd47fc00a2c39e90264f33305004495a9","hash":"d8e3d4130aeb4841f7622d40de353d7daecb1cea"}
,"D:\\Project-HKI\\emails\\templates\\industrialDesignSubmissionMail.js": {"path":"D:\\Project-HKI\\emails\\templates\\industrialDesignSubmissionMail.js","statementMap":{"0":{"start":{"line":1,"column":39},"end":{"line":64,"column":1}},"1":{"start":{"line":6,"column":19},"end":{"line":6,"column":36}},"2":{"start":{"line":8,"column":16},"end":{"line":10,"column":38}},"3":{"start":{"line":12,"column":18},"end":{"line":14,"column":92}},"4":{"start":{"line":16,"column":2},"end":{"line":63,"column":4}},"5":{"start":{"line":66,"column":0},"end":{"line":66,"column":48}}},"fnMap":{"0":{"name":"(anonymous_0)","decl":{"start":{"line":1,"column":39},"end":{"line":1,"column":40}},"loc":{"start":{"line":5,"column":6},"end":{"line":64,"column":1}},"line":5}},"branchMap":{"0":{"loc":{"start":{"line":4,"column":2},"end":{"line":4,"column":17}},"type":"default-arg","locations":[{"start":{"line":4,"column":9},"end":{"line":4,"column":17}}],"line":4},"1":{"loc":{"start":{"line":8,"column":16},"end":{"line":10,"column":38}},"type":"cond-expr","locations":[{"start":{"line":9,"column":6},"end":{"line":9,"column":40}},{"start":{"line":10,"column":6},"end":{"line":10,"column":38}}],"line":8},"2":{"loc":{"start":{"line":12,"column":18},"end":{"line":14,"column":92}},"type":"cond-expr","locations":[{"start":{"line":13,"column":6},"end":{"line":13,"column":86}},{"start":{"line":14,"column":6},"end":{"line":14,"column":92}}],"line":12}},"s":{"0":1,"1":0,"2":0,"3":0,"4":0,"5":1},"f":{"0":0},"b":{"0":[0],"1":[0,0],"2":[0,0]},"_coverageSchema":"1a1c01bbd47fc00a2c39e90264f33305004495a9","hash":"07d155b538038229b475ca7a7576d206fdf240ac"}
,"D:\\Project-HKI\\emails\\templates\\patentSubmissionMail.js": {"path":"D:\\Project-HKI\\emails\\templates\\patentSubmissionMail.js","statementMap":{"0":{"start":{"line":1,"column":29},"end":{"line":58,"column":1}},"1":{"start":{"line":2,"column":19},"end":{"line":2,"column":36}},"2":{"start":{"line":4,"column":16},"end":{"line":4,"column":76}},"3":{"start":{"line":6,"column":18},"end":{"line":8,"column":82}},"4":{"start":{"line":10,"column":2},"end":{"line":57,"column":4}},"5":{"start":{"line":60,"column":0},"end":{"line":60,"column":38}}},"fnMap":{"0":{"name":"(anonymous_0)","decl":{"start":{"line":1,"column":29},"end":{"line":1,"column":30}},"loc":{"start":{"line":1,"column":71},"end":{"line":58,"column":1}},"line":1}},"branchMap":{"0":{"loc":{"start":{"line":1,"column":49},"end":{"line":1,"column":64}},"type":"default-arg","locations":[{"start":{"line":1,"column":56},"end":{"line":1,"column":64}}],"line":1},"1":{"loc":{"start":{"line":4,"column":16},"end":{"line":4,"column":76}},"type":"cond-expr","locations":[{"start":{"line":4,"column":27},"end":{"line":4,"column":51}},{"start":{"line":4,"column":54},"end":{"line":4,"column":76}}],"line":4},"2":{"loc":{"start":{"line":6,"column":18},"end":{"line":8,"column":82}},"type":"cond-expr","locations":[{"start":{"line":7,"column":6},"end":{"line":7,"column":76}},{"start":{"line":8,"column":6},"end":{"line":8,"column":82}}],"line":6}},"s":{"0":1,"1":0,"2":0,"3":0,"4":0,"5":1},"f":{"0":0},"b":{"0":[0],"1":[0,0],"2":[0,0]},"_coverageSchema":"1a1c01bbd47fc00a2c39e90264f33305004495a9","hash":"205793e9a9a9a61db3ac50cf24e3988aa2b3ebd2"}
,"D:\\Project-HKI\\emails\\templates\\progressSubmissionMail.js": {"path":"D:\\Project-HKI\\emails\\templates\\progressSubmissionMail.js","statementMap":{"0":{"start":{"line":1,"column":31},"end":{"line":70,"column":1}},"1":{"start":{"line":2,"column":2},"end":{"line":69,"column":6}},"2":{"start":{"line":72,"column":0},"end":{"line":72,"column":40}}},"fnMap":{"0":{"name":"(anonymous_0)","decl":{"start":{"line":1,"column":31},"end":{"line":1,"column":32}},"loc":{"start":{"line":1,"column":70},"end":{"line":70,"column":1}},"line":1}},"branchMap":{},"s":{"0":1,"1":0,"2":1},"f":{"0":0},"b":{},"_coverageSchema":"1a1c01bbd47fc00a2c39e90264f33305004495a9","hash":"73ab9cd46130fd7b1cc9178099a6f84556e4fe4b"}
,"D:\\Project-HKI\\emails\\templates\\resetPasswordMail.js": {"path":"D:\\Project-HKI\\emails\\templates\\resetPasswordMail.js","statementMap":{"0":{"start":{"line":1,"column":26},"end":{"line":65,"column":1}},"1":{"start":{"line":2,"column":2},"end":{"line":64,"column":6}},"2":{"start":{"line":67,"column":0},"end":{"line":67,"column":35}}},"fnMap":{"0":{"name":"(anonymous_0)","decl":{"start":{"line":1,"column":26},"end":{"line":1,"column":27}},"loc":{"start":{"line":1,"column":54},"end":{"line":65,"column":1}},"line":1}},"branchMap":{},"s":{"0":1,"1":0,"2":1},"f":{"0":0},"b":{},"_coverageSchema":"1a1c01bbd47fc00a2c39e90264f33305004495a9","hash":"c2d96ccd3afb2c5d9d80117b4874dc99c24330ff"}
,"D:\\Project-HKI\\emails\\templates\\statusSubmissionMail.js": {"path":"D:\\Project-HKI\\emails\\templates\\statusSubmissionMail.js","statementMap":{"0":{"start":{"line":1,"column":29},"end":{"line":70,"column":1}},"1":{"start":{"line":2,"column":2},"end":{"line":69,"column":6}},"2":{"start":{"line":72,"column":0},"end":{"line":72,"column":38}}},"fnMap":{"0":{"name":"(anonymous_0)","decl":{"start":{"line":1,"column":29},"end":{"line":1,"column":30}},"loc":{"start":{"line":1,"column":66},"end":{"line":70,"column":1}},"line":1}},"branchMap":{},"s":{"0":1,"1":0,"2":1},"f":{"0":0},"b":{},"_coverageSchema":"1a1c01bbd47fc00a2c39e90264f33305004495a9","hash":"d342fba375199c32e712aa487df72406fabe4e92"}
,"D:\\Project-HKI\\emails\\templates\\verificationMail.js": {"path":"D:\\Project-HKI\\emails\\templates\\verificationMail.js","statementMap":{"0":{"start":{"line":1,"column":25},"end":{"line":64,"column":1}},"1":{"start":{"line":2,"column":2},"end":{"line":63,"column":6}},"2":{"start":{"line":66,"column":0},"end":{"line":66,"column":34}}},"fnMap":{"0":{"name":"(anonymous_0)","decl":{"start":{"line":1,"column":25},"end":{"line":1,"column":26}},"loc":{"start":{"line":1,"column":61},"end":{"line":64,"column":1}},"line":1}},"branchMap":{},"s":{"0":1,"1":1,"2":1},"f":{"0":1},"b":{},"_coverageSchema":"1a1c01bbd47fc00a2c39e90264f33305004495a9","hash":"e75544c98a562e8b469be2618d0c35ee77257b6c"}
,"D:\\Project-HKI\\utils\\apiError.js": {"path":"D:\\Project-HKI\\utils\\apiError.js","statementMap":{"0":{"start":{"line":3,"column":4},"end":{"line":3,"column":19}},"1":{"start":{"line":5,"column":4},"end":{"line":5,"column":33}},"2":{"start":{"line":6,"column":4},"end":{"line":6,"column":71}},"3":{"start":{"line":8,"column":4},"end":{"line":8,"column":52}},"4":{"start":{"line":12,"column":0},"end":{"line":12,"column":26}}},"fnMap":{"0":{"name":"(anonymous_0)","decl":{"start":{"line":2,"column":2},"end":{"line":2,"column":3}},"loc":{"start":{"line":2,"column":35},"end":{"line":9,"column":3}},"line":2}},"branchMap":{"0":{"loc":{"start":{"line":6,"column":18},"end":{"line":6,"column":70}},"type":"cond-expr","locations":[{"start":{"line":6,"column":52},"end":{"line":6,"column":60}},{"start":{"line":6,"column":63},"end":{"line":6,"column":70}}],"line":6}},"s":{"0":3,"1":3,"2":3,"3":3,"4":1},"f":{"0":3},"b":{"0":[1,2]},"_coverageSchema":"1a1c01bbd47fc00a2c39e90264f33305004495a9","hash":"4c0d0c3b223d103451d8f261b30b3ad063728c6c"}
,"D:\\Project-HKI\\utils\\profanityFilter.js": {"path":"D:\\Project-HKI\\utils\\profanityFilter.js","statementMap":{"0":{"start":{"line":1,"column":11},"end":{"line":1,"column":24}},"1":{"start":{"line":2,"column":13},"end":{"line":2,"column":28}},"2":{"start":{"line":3,"column":13},"end":{"line":3,"column":31}},"3":{"start":{"line":5,"column":25},"end":{"line":5,"column":63}},"4":{"start":{"line":7,"column":21},"end":{"line":15,"column":1}},"5":{"start":{"line":8,"column":2},"end":{"line":14,"column":3}},"6":{"start":{"line":9,"column":17},"end":{"line":9,"column":58}},"7":{"start":{"line":10,"column":4},"end":{"line":10,"column":55}},"8":{"start":{"line":10,"column":42},"end":{"line":10,"column":53}},"9":{"start":{"line":12,"column":4},"end":{"line":12,"column":67}},"10":{"start":{"line":13,"column":4},"end":{"line":13,"column":14}},"11":{"start":{"line":17,"column":17},"end":{"line":17,"column":31}},"12":{"start":{"line":19,"column":20},"end":{"line":23,"column":1}},"13":{"start":{"line":25,"column":13},"end":{"line":28,"column":1}},"14":{"start":{"line":26,"column":26},"end":{"line":26,"column":34}},"15":{"start":{"line":30,"column":34},"end":{"line":44,"column":1}},"16":{"start":{"line":31,"column":23},"end":{"line":38,"column":3}},"17":{"start":{"line":40,"column":2},"end":{"line":43,"column":14}},"18":{"start":{"line":42,"column":19},"end":{"line":42,"column":45}},"19":{"start":{"line":46,"column":18},"end":{"line":49,"column":1}},"20":{"start":{"line":47,"column":26},"end":{"line":47,"column":57}},"21":{"start":{"line":48,"column":2},"end":{"line":48,"column":65}},"22":{"start":{"line":51,"column":26},"end":{"line":70,"column":1}},"23":{"start":{"line":52,"column":16},"end":{"line":52,"column":47}},"24":{"start":{"line":53,"column":2},"end":{"line":68,"column":3}},"25":{"start":{"line":54,"column":20},"end":{"line":54,"column":35}},"26":{"start":{"line":57,"column":4},"end":{"line":57,"column":37}},"27":{"start":{"line":57,"column":28},"end":{"line":57,"column":37}},"28":{"start":{"line":59,"column":20},"end":{"line":59,"column":40}},"29":{"start":{"line":60,"column":18},"end":{"line":60,"column":52}},"30":{"start":{"line":60,"column":38},"end":{"line":60,"column":51}},"31":{"start":{"line":62,"column":4},"end":{"line":67,"column":5}},"32":{"start":{"line":63,"column":6},"end":{"line":65,"column":8}},"33":{"start":{"line":66,"column":6},"end":{"line":66,"column":18}},"34":{"start":{"line":69,"column":2},"end":{"line":69,"column":15}},"35":{"start":{"line":72,"column":19},"end":{"line":80,"column":1}},"36":{"start":{"line":73,"column":15},"end":{"line":73,"column":19}},"37":{"start":{"line":74,"column":2},"end":{"line":78,"column":5}},"38":{"start":{"line":75,"column":18},"end":{"line":75,"column":40}},"39":{"start":{"line":76,"column":18},"end":{"line":76,"column":41}},"40":{"start":{"line":77,"column":4},"end":{"line":77,"column":42}},"41":{"start":{"line":79,"column":2},"end":{"line":79,"column":16}},"42":{"start":{"line":82,"column":0},"end":{"line":82,"column":51}}},"fnMap":{"0":{"name":"(anonymous_0)","decl":{"start":{"line":7,"column":21},"end":{"line":7,"column":22}},"loc":{"start":{"line":7,"column":27},"end":{"line":15,"column":1}},"line":7},"1":{"name":"(anonymous_1)","decl":{"start":{"line":10,"column":32},"end":{"line":10,"column":33}},"loc":{"start":{"line":10,"column":42},"end":{"line":10,"column":53}},"line":10},"2":{"name":"(anonymous_2)","decl":{"start":{"line":26,"column":15},"end":{"line":26,"column":16}},"loc":{"start":{"line":26,"column":26},"end":{"line":26,"column":34}},"line":26},"3":{"name":"(anonymous_3)","decl":{"start":{"line":30,"column":34},"end":{"line":30,"column":35}},"loc":{"start":{"line":30,"column":44},"end":{"line":44,"column":1}},"line":30},"4":{"name":"(anonymous_4)","decl":{"start":{"line":42,"column":9},"end":{"line":42,"column":10}},"loc":{"start":{"line":42,"column":19},"end":{"line":42,"column":45}},"line":42},"5":{"name":"(anonymous_5)","decl":{"start":{"line":46,"column":18},"end":{"line":46,"column":19}},"loc":{"start":{"line":46,"column":28},"end":{"line":49,"column":1}},"line":46},"6":{"name":"(anonymous_6)","decl":{"start":{"line":51,"column":26},"end":{"line":51,"column":27}},"loc":{"start":{"line":51,"column":36},"end":{"line":70,"column":1}},"line":51},"7":{"name":"(anonymous_7)","decl":{"start":{"line":60,"column":31},"end":{"line":60,"column":32}},"loc":{"start":{"line":60,"column":38},"end":{"line":60,"column":51}},"line":60},"8":{"name":"(anonymous_8)","decl":{"start":{"line":72,"column":19},"end":{"line":72,"column":20}},"loc":{"start":{"line":72,"column":29},"end":{"line":80,"column":1}},"line":72},"9":{"name":"(anonymous_9)","decl":{"start":{"line":74,"column":19},"end":{"line":74,"column":20}},"loc":{"start":{"line":74,"column":29},"end":{"line":78,"column":3}},"line":74}},"branchMap":{"0":{"loc":{"start":{"line":42,"column":19},"end":{"line":42,"column":45}},"type":"binary-expr","locations":[{"start":{"line":42,"column":19},"end":{"line":42,"column":37}},{"start":{"line":42,"column":41},"end":{"line":42,"column":45}}],"line":42},"1":{"loc":{"start":{"line":57,"column":4},"end":{"line":57,"column":37}},"type":"if","locations":[{"start":{"line":57,"column":4},"end":{"line":57,"column":37}},{"start":{},"end":{}}],"line":57},"2":{"loc":{"start":{"line":62,"column":4},"end":{"line":67,"column":5}},"type":"if","locations":[{"start":{"line":62,"column":4},"end":{"line":67,"column":5}},{"start":{},"end":{}}],"line":62}},"s":{"0":1,"1":1,"2":1,"3":1,"4":1,"5":1,"6":1,"7":1,"8":132,"9":0,"10":0,"11":1,"12":1,"13":1,"14":132,"15":1,"16":22,"17":22,"18":199,"19":1,"20":22,"21":22,"22":1,"23":16,"24":16,"25":22,"26":22,"27":0,"28":22,"29":22,"30":1,"31":22,"32":1,"33":1,"34":15,"35":1,"36":15,"37":15,"38":1980,"39":1980,"40":1980,"41":15,"42":1},"f":{"0":1,"1":132,"2":132,"3":22,"4":199,"5":22,"6":16,"7":1,"8":15,"9":1980},"b":{"0":[199,181],"1":[0,22],"2":[1,21]},"_coverageSchema":"1a1c01bbd47fc00a2c39e90264f33305004495a9","hash":"92c7654f745e01d372f1d70c10bcbfd708f3bf5c"}
}
