TN:
SF:app\index.js
FN:20,(anonymous_0)
FNF:1
FNH:0
FNDA:0,(anonymous_0)
DA:1,1
DA:2,1
DA:3,1
DA:4,1
DA:6,1
DA:7,1
DA:8,1
DA:10,1
DA:12,1
DA:13,1
DA:14,1
DA:15,1
DA:17,1
DA:18,1
DA:20,1
DA:21,0
DA:24,1
DA:26,1
LF:18
LH:17
BRF:0
BRH:0
end_of_record
TN:
SF:app\controllers\activityLogController.js
FN:3,(anonymous_0)
FNF:1
FNH:0
FNDA:0,(anonymous_0)
DA:1,1
DA:3,1
DA:4,0
DA:5,0
DA:6,0
DA:8,0
DA:9,0
DA:13,0
DA:19,0
DA:21,0
DA:28,0
DA:37,0
DA:41,1
LF:13
LH:3
BRDA:5,0,0,0
BRDA:5,0,1,0
BRDA:6,1,0,0
BRDA:6,1,1,0
BRDA:8,2,0,0
BRDA:8,2,1,0
BRF:6
BRH:0
end_of_record
TN:
SF:app\controllers\authController.js
FN:16,(anonymous_0)
FN:83,(anonymous_1)
FN:139,(anonymous_2)
FN:202,(anonymous_3)
FN:243,(anonymous_4)
FN:277,(anonymous_5)
FN:325,(anonymous_6)
FNF:7
FNH:2
FNDA:3,(anonymous_0)
FNDA:5,(anonymous_1)
FNDA:0,(anonymous_2)
FNDA:0,(anonymous_3)
FNDA:0,(anonymous_4)
FNDA:0,(anonymous_5)
FNDA:0,(anonymous_6)
DA:1,1
DA:2,1
DA:3,1
DA:4,1
DA:5,1
DA:7,1
DA:8,1
DA:9,1
DA:10,1
DA:14,1
DA:16,1
DA:25,3
DA:27,3
DA:28,3
DA:29,16
DA:30,16
DA:31,1
DA:35,15
DA:39,2
DA:41,2
DA:42,1
DA:45,1
DA:47,1
DA:51,1
DA:64,1
DA:66,1
DA:72,1
DA:78,0
DA:83,1
DA:84,5
DA:86,5
DA:87,5
DA:89,5
DA:90,1
DA:93,4
DA:95,4
DA:96,3
DA:101,1
DA:102,0
DA:105,1
DA:106,0
DA:112,0
DA:116,0
DA:124,0
DA:126,0
DA:132,1
DA:135,0
DA:139,1
DA:140,0
DA:141,0
DA:143,0
DA:144,0
DA:147,0
DA:149,0
DA:151,0
DA:152,0
DA:154,0
DA:156,0
DA:157,0
DA:168,0
DA:185,0
DA:193,0
DA:198,0
DA:202,1
DA:203,0
DA:205,0
DA:206,0
DA:211,0
DA:212,0
DA:214,0
DA:218,0
DA:219,0
DA:222,0
DA:223,0
DA:228,0
DA:229,0
DA:231,0
DA:235,0
DA:236,0
DA:243,1
DA:244,0
DA:245,0
DA:246,0
DA:247,0
DA:249,0
DA:250,0
DA:251,0
DA:254,0
DA:258,0
DA:260,0
DA:262,0
DA:268,0
DA:272,0
DA:277,1
DA:278,0
DA:279,0
DA:281,0
DA:282,0
DA:285,0
DA:286,0
DA:289,0
DA:290,0
DA:295,0
DA:296,0
DA:297,0
DA:299,0
DA:301,0
DA:302,0
DA:305,0
DA:306,0
DA:308,0
DA:310,0
DA:318,0
DA:320,0
DA:325,1
DA:326,0
DA:327,0
DA:341,0
DA:345,1
LF:119
LH:45
BRDA:29,0,0,16
BRDA:29,0,1,0
BRDA:29,1,0,16
BRDA:29,1,1,16
BRDA:30,2,0,1
BRDA:30,2,1,15
BRDA:41,3,0,1
BRDA:41,3,1,1
BRDA:89,4,0,1
BRDA:89,4,1,4
BRDA:95,5,0,3
BRDA:95,5,1,1
BRDA:101,6,0,0
BRDA:101,6,1,1
BRDA:105,7,0,0
BRDA:105,7,1,1
BRDA:105,8,0,1
BRDA:105,8,1,1
BRDA:143,9,0,0
BRDA:143,9,1,0
BRDA:156,10,0,0
BRDA:156,10,1,0
BRDA:160,11,0,0
BRDA:160,11,1,0
BRDA:205,12,0,0
BRDA:205,12,1,0
BRDA:218,13,0,0
BRDA:218,13,1,0
BRDA:222,14,0,0
BRDA:222,14,1,0
BRDA:246,15,0,0
BRDA:246,15,1,0
BRDA:250,16,0,0
BRDA:250,16,1,0
BRDA:281,17,0,0
BRDA:281,17,1,0
BRDA:285,18,0,0
BRDA:285,18,1,0
BRDA:289,19,0,0
BRDA:289,19,1,0
BRDA:301,20,0,0
BRDA:301,20,1,0
BRF:42
BRH:15
end_of_record
TN:
SF:app\controllers\brandController.js
FN:19,(anonymous_0)
FN:41,(anonymous_1)
FN:89,(anonymous_2)
FN:114,(anonymous_3)
FN:137,(anonymous_4)
FN:169,(anonymous_5)
FN:186,(anonymous_6)
FN:252,(anonymous_7)
FN:282,(anonymous_8)
FN:308,(anonymous_9)
FN:322,(anonymous_10)
FN:338,(anonymous_11)
FN:350,(anonymous_12)
FN:414,(anonymous_13)
FNF:14
FNH:0
FNDA:0,(anonymous_0)
FNDA:0,(anonymous_1)
FNDA:0,(anonymous_2)
FNDA:0,(anonymous_3)
FNDA:0,(anonymous_4)
FNDA:0,(anonymous_5)
FNDA:0,(anonymous_6)
FNDA:0,(anonymous_7)
FNDA:0,(anonymous_8)
FNDA:0,(anonymous_9)
FNDA:0,(anonymous_10)
FNDA:0,(anonymous_11)
FNDA:0,(anonymous_12)
FNDA:0,(anonymous_13)
DA:10,1
DA:11,1
DA:12,1
DA:14,1
DA:15,1
DA:16,1
DA:17,1
DA:19,1
DA:20,0
DA:21,0
DA:22,0
DA:24,0
DA:32,0
DA:37,0
DA:41,1
DA:42,0
DA:56,0
DA:58,0
DA:59,0
DA:60,0
DA:61,0
DA:62,0
DA:64,0
DA:82,0
DA:83,0
DA:85,0
DA:89,0
DA:97,0
DA:98,0
DA:102,0
DA:106,0
DA:108,0
DA:113,0
DA:114,0
DA:122,0
DA:124,0
DA:130,0
DA:136,0
DA:137,0
DA:139,0
DA:149,0
DA:157,0
DA:165,0
DA:169,1
DA:170,0
DA:171,0
DA:173,0
DA:175,0
DA:177,0
DA:182,0
DA:186,1
DA:187,0
DA:199,0
DA:201,0
DA:203,0
DA:204,0
DA:205,0
DA:208,0
DA:216,0
DA:217,0
DA:218,0
DA:219,0
DA:225,0
DA:226,0
DA:231,0
DA:251,0
DA:252,0
DA:254,0
DA:264,0
DA:272,0
DA:278,0
DA:282,1
DA:283,0
DA:284,0
DA:285,0
DA:287,0
DA:289,0
DA:295,0
DA:304,0
DA:308,1
DA:309,0
DA:310,0
DA:313,0
DA:318,0
DA:322,1
DA:323,0
DA:324,0
DA:325,0
DA:326,0
DA:327,0
DA:329,0
DA:334,0
DA:338,1
DA:339,0
DA:340,0
DA:341,0
DA:346,0
DA:350,1
DA:351,0
DA:352,0
DA:353,0
DA:354,0
DA:357,0
DA:358,0
DA:359,0
DA:362,0
DA:364,0
DA:369,0
DA:374,0
DA:381,0
DA:382,0
DA:385,0
DA:393,0
DA:394,0
DA:397,0
DA:405,0
DA:410,0
DA:414,1
DA:415,0
DA:416,0
DA:418,0
DA:420,0
DA:428,0
DA:433,0
DA:437,1
LF:125
LH:18
BRDA:58,0,0,0
BRDA:58,0,1,0
BRDA:59,1,0,0
BRDA:59,1,1,0
BRDA:60,2,0,0
BRDA:60,2,1,0
BRDA:61,3,0,0
BRDA:61,3,1,0
BRDA:62,4,0,0
BRDA:62,4,1,0
BRDA:75,5,0,0
BRDA:75,5,1,0
BRDA:76,6,0,0
BRDA:76,6,1,0
BRDA:77,7,0,0
BRDA:77,7,1,0
BRDA:78,8,0,0
BRDA:78,8,1,0
BRDA:79,9,0,0
BRDA:79,9,1,0
BRDA:82,10,0,0
BRDA:82,10,1,0
BRDA:85,11,0,0
BRDA:85,11,1,0
BRDA:87,12,0,0
BRDA:87,12,1,0
BRDA:93,13,0,0
BRDA:93,13,1,0
BRDA:94,14,0,0
BRDA:94,14,1,0
BRDA:97,15,0,0
BRDA:97,15,1,0
BRDA:102,16,0,0
BRDA:102,16,1,0
BRDA:106,17,0,0
BRDA:106,17,1,0
BRDA:117,18,0,0
BRDA:117,18,1,0
BRDA:199,19,0,0
BRDA:199,19,1,0
BRDA:204,20,0,0
BRDA:204,20,1,0
BRDA:218,21,0,0
BRDA:218,21,1,0
BRDA:218,22,0,0
BRDA:218,22,1,0
BRDA:225,23,0,0
BRDA:225,23,1,0
BRDA:242,24,0,0
BRDA:242,24,1,0
BRDA:243,25,0,0
BRDA:243,25,1,0
BRDA:244,26,0,0
BRDA:244,26,1,0
BRDA:246,27,0,0
BRDA:246,27,1,0
BRDA:248,28,0,0
BRDA:248,28,1,0
BRDA:284,29,0,0
BRDA:284,29,1,0
BRDA:285,30,0,0
BRDA:285,30,1,0
BRDA:326,31,0,0
BRDA:326,31,1,0
BRDA:358,32,0,0
BRDA:358,32,1,0
BRDA:362,33,0,0
BRDA:362,33,1,0
BRDA:364,34,0,0
BRDA:364,34,1,0
BRDA:364,35,0,0
BRDA:364,35,1,0
BRDA:381,36,0,0
BRDA:381,36,1,0
BRDA:389,37,0,0
BRDA:389,37,1,0
BRDA:393,38,0,0
BRDA:393,38,1,0
BRF:78
BRH:0
end_of_record
TN:
SF:app\controllers\copyrightController.js
FN:19,(anonymous_0)
FN:41,(anonymous_1)
FN:65,(anonymous_2)
FN:87,(anonymous_3)
FN:113,(anonymous_4)
FN:125,(anonymous_5)
FN:146,(anonymous_6)
FN:170,(anonymous_7)
FN:186,(anonymous_8)
FN:202,(anonymous_9)
FN:226,(anonymous_10)
FN:282,(anonymous_11)
FN:305,(anonymous_12)
FN:335,(anonymous_13)
FN:354,(anonymous_14)
FN:391,(anonymous_15)
FN:421,(anonymous_16)
FN:453,(anonymous_17)
FNF:18
FNH:0
FNDA:0,(anonymous_0)
FNDA:0,(anonymous_1)
FNDA:0,(anonymous_2)
FNDA:0,(anonymous_3)
FNDA:0,(anonymous_4)
FNDA:0,(anonymous_5)
FNDA:0,(anonymous_6)
FNDA:0,(anonymous_7)
FNDA:0,(anonymous_8)
FNDA:0,(anonymous_9)
FNDA:0,(anonymous_10)
FNDA:0,(anonymous_11)
FNDA:0,(anonymous_12)
FNDA:0,(anonymous_13)
FNDA:0,(anonymous_14)
FNDA:0,(anonymous_15)
FNDA:0,(anonymous_16)
FNDA:0,(anonymous_17)
DA:10,1
DA:11,1
DA:12,1
DA:14,1
DA:15,1
DA:16,1
DA:17,1
DA:19,1
DA:20,0
DA:21,0
DA:22,0
DA:24,0
DA:32,0
DA:37,0
DA:41,1
DA:42,0
DA:43,0
DA:45,0
DA:46,0
DA:48,0
DA:56,0
DA:61,0
DA:65,1
DA:66,0
DA:67,0
DA:68,0
DA:70,0
DA:75,0
DA:83,0
DA:87,1
DA:88,0
DA:89,0
DA:91,0
DA:92,0
DA:95,0
DA:101,0
DA:109,0
DA:113,1
DA:114,0
DA:115,0
DA:116,0
DA:121,0
DA:125,1
DA:130,0
DA:131,0
DA:133,0
DA:137,0
DA:142,0
DA:146,1
DA:147,0
DA:148,0
DA:150,0
DA:151,0
DA:153,0
DA:161,0
DA:166,0
DA:170,1
DA:171,0
DA:172,0
DA:173,0
DA:174,0
DA:175,0
DA:177,0
DA:182,0
DA:186,1
DA:187,0
DA:188,0
DA:189,0
DA:190,0
DA:191,0
DA:193,0
DA:198,0
DA:202,1
DA:203,0
DA:204,0
DA:206,0
DA:207,0
DA:209,0
DA:217,0
DA:222,0
DA:226,1
DA:227,0
DA:238,0
DA:240,0
DA:243,0
DA:246,0
DA:250,0
DA:270,0
DA:274,0
DA:276,0
DA:281,0
DA:282,0
DA:290,0
DA:292,0
DA:298,0
DA:304,0
DA:305,0
DA:307,0
DA:318,0
DA:326,0
DA:331,0
DA:335,1
DA:336,0
DA:345,0
DA:347,0
DA:349,0
DA:350,0
DA:351,0
DA:354,0
DA:355,0
DA:356,0
DA:363,0
DA:365,0
DA:366,0
DA:368,0
DA:369,0
DA:370,0
DA:371,0
DA:373,0
DA:390,0
DA:391,0
DA:393,0
DA:404,0
DA:412,0
DA:417,0
DA:421,1
DA:422,0
DA:423,0
DA:425,0
DA:426,0
DA:427,0
DA:430,0
DA:434,0
DA:436,0
DA:444,0
DA:449,0
DA:453,1
DA:454,0
DA:455,0
DA:457,0
DA:458,0
DA:459,0
DA:464,0
DA:466,0
DA:474,0
DA:479,0
DA:483,1
LF:147
LH:22
BRDA:67,0,0,0
BRDA:67,0,1,0
BRDA:68,1,0,0
BRDA:68,1,1,0
BRDA:91,2,0,0
BRDA:91,2,1,0
BRDA:92,3,0,0
BRDA:92,3,1,0
BRDA:174,4,0,0
BRDA:174,4,1,0
BRDA:190,5,0,0
BRDA:190,5,1,0
BRDA:240,6,0,0
BRDA:240,6,1,0
BRDA:243,7,0,0
BRDA:243,7,1,0
BRDA:246,8,0,0
BRDA:246,8,1,0
BRDA:258,9,0,0
BRDA:258,9,1,0
BRDA:261,10,0,0
BRDA:261,10,1,0
BRDA:264,11,0,0
BRDA:264,11,1,0
BRDA:270,12,0,0
BRDA:270,12,1,0
BRDA:274,13,0,0
BRDA:274,13,1,0
BRDA:285,14,0,0
BRDA:285,14,1,0
BRDA:350,15,0,0
BRDA:350,15,1,0
BRDA:354,16,0,0
BRDA:355,17,0,0
BRDA:355,17,1,0
BRDA:363,18,0,0
BRDA:363,18,1,0
BRDA:365,19,0,0
BRDA:365,19,1,0
BRDA:366,20,0,0
BRDA:366,20,1,0
BRDA:368,21,0,0
BRDA:368,21,1,0
BRDA:369,22,0,0
BRDA:369,22,1,0
BRDA:371,23,0,0
BRDA:371,23,1,0
BRDA:382,24,0,0
BRDA:382,24,1,0
BRDA:384,25,0,0
BRDA:384,25,1,0
BRDA:387,26,0,0
BRDA:387,26,1,0
BRDA:426,27,0,0
BRDA:426,27,1,0
BRDA:458,28,0,0
BRDA:458,28,1,0
BRF:57
BRH:0
end_of_record
TN:
SF:app\controllers\documentController.js
FN:9,(anonymous_0)
FN:33,(anonymous_1)
FN:64,(anonymous_2)
FN:107,(anonymous_3)
FN:173,(anonymous_4)
FN:202,(anonymous_5)
FN:220,(anonymous_6)
FN:238,(anonymous_7)
FN:266,(anonymous_8)
FN:290,(anonymous_9)
FN:334,(anonymous_10)
FN:350,(anonymous_11)
FN:390,(anonymous_12)
FNF:13
FNH:0
FNDA:0,(anonymous_0)
FNDA:0,(anonymous_1)
FNDA:0,(anonymous_2)
FNDA:0,(anonymous_3)
FNDA:0,(anonymous_4)
FNDA:0,(anonymous_5)
FNDA:0,(anonymous_6)
FNDA:0,(anonymous_7)
FNDA:0,(anonymous_8)
FNDA:0,(anonymous_9)
FNDA:0,(anonymous_10)
FNDA:0,(anonymous_11)
FNDA:0,(anonymous_12)
DA:1,1
DA:2,1
DA:3,1
DA:4,1
DA:6,1
DA:7,1
DA:9,1
DA:10,0
DA:11,0
DA:12,0
DA:16,0
DA:24,0
DA:29,0
DA:33,1
DA:34,0
DA:35,0
DA:37,0
DA:41,0
DA:42,0
DA:45,0
DA:47,0
DA:55,0
DA:60,0
DA:64,1
DA:65,0
DA:66,0
DA:67,0
DA:69,0
DA:75,0
DA:76,0
DA:78,0
DA:79,0
DA:82,0
DA:89,0
DA:97,0
DA:103,0
DA:107,1
DA:108,0
DA:109,0
DA:110,0
DA:112,0
DA:113,0
DA:115,0
DA:119,0
DA:120,0
DA:123,0
DA:124,0
DA:130,0
DA:131,0
DA:135,0
DA:136,0
DA:142,0
DA:143,0
DA:147,0
DA:148,0
DA:150,0
DA:151,0
DA:153,0
DA:155,0
DA:163,0
DA:169,0
DA:173,1
DA:174,0
DA:175,0
DA:176,0
DA:178,0
DA:180,0
DA:189,0
DA:198,0
DA:202,1
DA:203,0
DA:204,0
DA:211,0
DA:216,0
DA:220,1
DA:221,0
DA:222,0
DA:223,0
DA:225,0
DA:231,0
DA:232,0
DA:237,0
DA:239,0
DA:242,0
DA:249,0
DA:256,0
DA:258,0
DA:265,0
DA:267,0
DA:270,0
DA:277,0
DA:286,0
DA:290,1
DA:291,0
DA:292,0
DA:293,0
DA:295,0
DA:296,0
DA:304,0
DA:309,0
DA:311,0
DA:321,0
DA:330,0
DA:334,1
DA:335,0
DA:336,0
DA:337,0
DA:338,0
DA:339,0
DA:341,0
DA:346,0
DA:350,1
DA:351,0
DA:352,0
DA:353,0
DA:355,0
DA:356,0
DA:359,0
DA:360,0
DA:366,0
DA:367,0
DA:371,0
DA:373,0
DA:381,0
DA:386,0
DA:390,1
DA:391,0
DA:392,0
DA:394,0
DA:396,0
DA:397,0
DA:400,0
DA:401,0
DA:407,0
DA:408,0
DA:412,0
DA:414,0
DA:422,0
DA:427,0
DA:431,1
LF:140
LH:18
BRDA:41,0,0,0
BRDA:41,0,1,0
BRDA:75,1,0,0
BRDA:75,1,1,0
BRDA:76,2,0,0
BRDA:76,2,1,0
BRDA:78,3,0,0
BRDA:78,3,1,0
BRDA:85,4,0,0
BRDA:85,4,1,0
BRDA:86,5,0,0
BRDA:86,5,1,0
BRDA:112,6,0,0
BRDA:112,6,1,0
BRDA:113,7,0,0
BRDA:113,7,1,0
BRDA:119,8,0,0
BRDA:119,8,1,0
BRDA:123,9,0,0
BRDA:123,9,1,0
BRDA:123,10,0,0
BRDA:123,10,1,0
BRDA:130,11,0,0
BRDA:130,11,1,0
BRDA:135,12,0,0
BRDA:135,12,1,0
BRDA:135,13,0,0
BRDA:135,13,1,0
BRDA:142,14,0,0
BRDA:142,14,1,0
BRDA:147,15,0,0
BRDA:147,15,1,0
BRDA:147,16,0,0
BRDA:147,16,1,0
BRDA:150,17,0,0
BRDA:150,17,1,0
BRDA:151,18,0,0
BRDA:151,18,1,0
BRDA:175,19,0,0
BRDA:175,19,1,0
BRDA:176,20,0,0
BRDA:176,20,1,0
BRDA:222,21,0,0
BRDA:222,21,1,0
BRDA:223,22,0,0
BRDA:223,22,1,0
BRDA:231,23,0,0
BRDA:231,23,1,0
BRDA:292,24,0,0
BRDA:292,24,1,0
BRDA:293,25,0,0
BRDA:293,25,1,0
BRDA:295,26,0,0
BRDA:295,26,1,0
BRDA:338,27,0,0
BRDA:338,27,1,0
BRDA:355,28,0,0
BRDA:355,28,1,0
BRDA:359,29,0,0
BRDA:359,29,1,0
BRDA:366,30,0,0
BRDA:366,30,1,0
BRDA:396,31,0,0
BRDA:396,31,1,0
BRDA:400,32,0,0
BRDA:400,32,1,0
BRDA:407,33,0,0
BRDA:407,33,1,0
BRF:68
BRH:0
end_of_record
TN:
SF:app\controllers\errorController.js
FN:1,(anonymous_0)
FNF:1
FNH:1
FNDA:1,(anonymous_0)
DA:1,1
DA:2,1
DA:3,1
DA:4,1
DA:5,1
DA:7,1
LF:6
LH:6
BRDA:3,0,0,1
BRDA:3,0,1,0
BRF:2
BRH:1
end_of_record
TN:
SF:app\controllers\faqController.js
FN:7,(anonymous_0)
FN:29,(anonymous_1)
FN:60,(anonymous_2)
FN:99,(anonymous_3)
FN:130,(anonymous_4)
FN:149,(anonymous_5)
FN:180,(anonymous_6)
FN:184,(anonymous_7)
FN:201,(anonymous_8)
FN:249,(anonymous_9)
FN:265,(anonymous_10)
FN:293,(anonymous_11)
FN:319,(anonymous_12)
FNF:13
FNH:0
FNDA:0,(anonymous_0)
FNDA:0,(anonymous_1)
FNDA:0,(anonymous_2)
FNDA:0,(anonymous_3)
FNDA:0,(anonymous_4)
FNDA:0,(anonymous_5)
FNDA:0,(anonymous_6)
FNDA:0,(anonymous_7)
FNDA:0,(anonymous_8)
FNDA:0,(anonymous_9)
FNDA:0,(anonymous_10)
FNDA:0,(anonymous_11)
FNDA:0,(anonymous_12)
DA:1,1
DA:3,1
DA:4,1
DA:5,1
DA:7,1
DA:8,0
DA:9,0
DA:10,0
DA:12,0
DA:20,0
DA:25,0
DA:29,1
DA:30,0
DA:31,0
DA:33,0
DA:37,0
DA:38,0
DA:41,0
DA:43,0
DA:51,0
DA:56,0
DA:60,1
DA:61,0
DA:62,0
DA:63,0
DA:65,0
DA:71,0
DA:72,0
DA:75,0
DA:81,0
DA:89,0
DA:95,0
DA:99,1
DA:100,0
DA:101,0
DA:102,0
DA:104,0
DA:106,0
DA:117,0
DA:126,0
DA:130,1
DA:131,0
DA:132,0
DA:140,0
DA:145,0
DA:149,1
DA:150,0
DA:151,0
DA:152,0
DA:154,0
DA:156,0
DA:168,0
DA:179,0
DA:180,0
DA:181,0
DA:184,0
DA:189,0
DA:198,0
DA:201,1
DA:202,0
DA:203,0
DA:204,0
DA:206,0
DA:207,0
DA:216,0
DA:222,0
DA:224,0
DA:236,0
DA:245,0
DA:249,1
DA:250,0
DA:251,0
DA:252,0
DA:253,0
DA:254,0
DA:256,0
DA:261,0
DA:265,1
DA:266,0
DA:267,0
DA:268,0
DA:269,0
DA:270,0
DA:271,0
DA:273,0
DA:275,0
DA:283,0
DA:289,0
DA:293,1
DA:294,0
DA:295,0
DA:296,0
DA:297,0
DA:298,0
DA:300,0
DA:302,0
DA:310,0
DA:315,0
DA:319,1
DA:320,0
DA:321,0
DA:323,0
DA:325,0
DA:326,0
DA:329,0
DA:331,0
DA:339,0
DA:344,0
DA:348,1
LF:109
LH:16
BRDA:37,0,0,0
BRDA:37,0,1,0
BRDA:71,1,0,0
BRDA:71,1,1,0
BRDA:101,2,0,0
BRDA:101,2,1,0
BRDA:102,3,0,0
BRDA:102,3,1,0
BRDA:151,4,0,0
BRDA:151,4,1,0
BRDA:152,5,0,0
BRDA:152,5,1,0
BRDA:186,6,0,0
BRDA:186,6,1,0
BRDA:203,7,0,0
BRDA:203,7,1,0
BRDA:204,8,0,0
BRDA:204,8,1,0
BRDA:206,9,0,0
BRDA:206,9,1,0
BRDA:253,10,0,0
BRDA:253,10,1,0
BRDA:270,11,0,0
BRDA:270,11,1,0
BRDA:297,12,0,0
BRDA:297,12,1,0
BRDA:325,13,0,0
BRDA:325,13,1,0
BRF:28
BRH:0
end_of_record
TN:
SF:app\controllers\helpCenterController.js
FN:10,(anonymous_0)
FN:34,(anonymous_1)
FN:52,(anonymous_2)
FN:99,(anonymous_3)
FN:123,(anonymous_4)
FN:142,(anonymous_5)
FNF:6
FNH:0
FNDA:0,(anonymous_0)
FNDA:0,(anonymous_1)
FNDA:0,(anonymous_2)
FNDA:0,(anonymous_3)
FNDA:0,(anonymous_4)
FNDA:0,(anonymous_5)
DA:1,1
DA:3,1
DA:4,1
DA:5,1
DA:6,1
DA:7,1
DA:8,1
DA:10,1
DA:11,0
DA:12,0
DA:14,0
DA:16,0
DA:25,0
DA:33,0
DA:34,0
DA:36,0
DA:42,0
DA:48,0
DA:52,1
DA:53,0
DA:54,0
DA:55,0
DA:57,0
DA:58,0
DA:59,0
DA:61,0
DA:63,0
DA:65,0
DA:66,0
DA:69,0
DA:77,0
DA:83,0
DA:89,0
DA:95,0
DA:99,1
DA:100,0
DA:101,0
DA:102,0
DA:104,0
DA:105,0
DA:110,0
DA:119,0
DA:123,1
DA:124,0
DA:125,0
DA:127,0
DA:128,0
DA:129,0
DA:132,0
DA:138,0
DA:142,1
DA:143,0
DA:144,0
DA:145,0
DA:146,0
DA:147,0
DA:149,0
DA:151,0
DA:159,0
DA:161,0
DA:165,1
LF:61
LH:13
BRDA:14,0,0,0
BRDA:14,0,1,0
BRDA:21,1,0,0
BRDA:21,1,1,0
BRDA:58,2,0,0
BRDA:58,2,1,0
BRDA:65,3,0,0
BRDA:65,3,1,0
BRDA:101,4,0,0
BRDA:101,4,1,0
BRDA:102,5,0,0
BRDA:102,5,1,0
BRDA:128,6,0,0
BRDA:128,6,1,0
BRDA:146,7,0,0
BRDA:146,7,1,0
BRF:16
BRH:0
end_of_record
TN:
SF:app\controllers\industrialDesignController.js
FN:19,(anonymous_0)
FN:42,(anonymous_1)
FN:66,(anonymous_2)
FN:94,(anonymous_3)
FN:117,(anonymous_4)
FN:147,(anonymous_5)
FN:170,(anonymous_6)
FN:183,(anonymous_7)
FN:203,(anonymous_8)
FN:235,(anonymous_9)
FN:258,(anonymous_10)
FN:279,(anonymous_11)
FN:302,(anonymous_12)
FN:325,(anonymous_13)
FN:337,(anonymous_14)
FN:405,(anonymous_15)
FN:435,(anonymous_16)
FN:472,(anonymous_17)
FNF:18
FNH:0
FNDA:0,(anonymous_0)
FNDA:0,(anonymous_1)
FNDA:0,(anonymous_2)
FNDA:0,(anonymous_3)
FNDA:0,(anonymous_4)
FNDA:0,(anonymous_5)
FNDA:0,(anonymous_6)
FNDA:0,(anonymous_7)
FNDA:0,(anonymous_8)
FNDA:0,(anonymous_9)
FNDA:0,(anonymous_10)
FNDA:0,(anonymous_11)
FNDA:0,(anonymous_12)
FNDA:0,(anonymous_13)
FNDA:0,(anonymous_14)
FNDA:0,(anonymous_15)
FNDA:0,(anonymous_16)
FNDA:0,(anonymous_17)
DA:10,1
DA:11,1
DA:12,1
DA:14,1
DA:15,1
DA:16,1
DA:17,1
DA:19,1
DA:20,0
DA:21,0
DA:23,0
DA:25,0
DA:33,0
DA:38,0
DA:42,1
DA:43,0
DA:44,0
DA:46,0
DA:47,0
DA:49,0
DA:57,0
DA:62,0
DA:66,1
DA:67,0
DA:68,0
DA:70,0
DA:75,0
DA:82,0
DA:86,0
DA:88,0
DA:93,0
DA:94,0
DA:102,0
DA:104,0
DA:110,0
DA:116,0
DA:117,0
DA:119,0
DA:129,0
DA:137,0
DA:143,0
DA:147,1
DA:148,0
DA:149,0
DA:150,0
DA:152,0
DA:157,0
DA:166,0
DA:170,1
DA:171,0
DA:172,0
DA:173,0
DA:179,0
DA:183,1
DA:184,0
DA:185,0
DA:187,0
DA:188,0
DA:189,0
DA:193,0
DA:199,0
DA:203,1
DA:204,0
DA:205,0
DA:207,0
DA:208,0
DA:212,0
DA:213,0
DA:215,0
DA:222,0
DA:231,0
DA:235,1
DA:236,0
DA:237,0
DA:239,0
DA:240,0
DA:245,0
DA:248,0
DA:254,0
DA:258,1
DA:259,0
DA:260,0
DA:262,0
DA:263,0
DA:264,0
DA:269,0
DA:275,0
DA:279,1
DA:280,0
DA:281,0
DA:282,0
DA:283,0
DA:285,0
DA:293,0
DA:298,0
DA:302,1
DA:303,0
DA:304,0
DA:305,0
DA:306,0
DA:308,0
DA:316,0
DA:321,0
DA:325,1
DA:326,0
DA:327,0
DA:330,0
DA:332,0
DA:333,0
DA:334,0
DA:337,0
DA:338,0
DA:339,0
DA:344,0
DA:345,0
DA:349,0
DA:352,0
DA:353,0
DA:354,0
DA:357,0
DA:360,0
DA:361,0
DA:362,0
DA:363,0
DA:366,0
DA:370,0
DA:371,0
DA:372,0
DA:373,0
DA:374,0
DA:375,0
DA:376,0
DA:377,0
DA:378,0
DA:379,0
DA:380,0
DA:381,0
DA:382,0
DA:384,0
DA:386,0
DA:404,0
DA:405,0
DA:407,0
DA:417,0
DA:425,0
DA:431,0
DA:435,1
DA:436,0
DA:437,0
DA:439,0
DA:440,0
DA:441,0
DA:446,0
DA:450,0
DA:454,0
DA:462,0
DA:468,0
DA:472,1
DA:473,0
DA:474,0
DA:476,0
DA:477,0
DA:478,0
DA:483,0
DA:485,0
DA:493,0
DA:498,0
DA:502,1
LF:168
LH:22
BRDA:70,0,0,0
BRDA:70,0,1,0
BRDA:76,1,0,0
BRDA:76,1,1,0
BRDA:82,2,0,0
BRDA:82,2,1,0
BRDA:86,3,0,0
BRDA:86,3,1,0
BRDA:97,4,0,0
BRDA:97,4,1,0
BRDA:149,5,0,0
BRDA:149,5,1,0
BRDA:150,6,0,0
BRDA:150,6,1,0
BRDA:188,7,0,0
BRDA:188,7,1,0
BRDA:207,8,0,0
BRDA:207,8,1,0
BRDA:212,9,0,0
BRDA:212,9,1,0
BRDA:213,10,0,0
BRDA:213,10,1,0
BRDA:239,11,0,0
BRDA:239,11,1,0
BRDA:263,12,0,0
BRDA:263,12,1,0
BRDA:333,13,0,0
BRDA:333,13,1,0
BRDA:337,14,0,0
BRDA:338,15,0,0
BRDA:338,15,1,0
BRDA:344,16,0,0
BRDA:344,16,1,0
BRDA:349,17,0,0
BRDA:349,17,1,0
BRDA:352,18,0,0
BRDA:352,18,1,0
BRDA:353,19,0,0
BRDA:353,19,1,0
BRDA:354,20,0,0
BRDA:354,20,1,0
BRDA:357,21,0,0
BRDA:357,21,1,0
BRDA:360,22,0,0
BRDA:360,22,1,0
BRDA:361,23,0,0
BRDA:361,23,1,0
BRDA:362,24,0,0
BRDA:362,24,1,0
BRDA:363,25,0,0
BRDA:363,25,1,0
BRDA:366,26,0,0
BRDA:366,26,1,0
BRDA:370,27,0,0
BRDA:370,27,1,0
BRDA:372,28,0,0
BRDA:372,28,1,0
BRDA:373,29,0,0
BRDA:373,29,1,0
BRDA:374,30,0,0
BRDA:374,30,1,0
BRDA:375,31,0,0
BRDA:375,31,1,0
BRDA:376,32,0,0
BRDA:376,32,1,0
BRDA:377,33,0,0
BRDA:377,33,1,0
BRDA:378,34,0,0
BRDA:378,34,1,0
BRDA:379,35,0,0
BRDA:379,35,1,0
BRDA:381,36,0,0
BRDA:381,36,1,0
BRDA:384,37,0,0
BRDA:384,37,1,0
BRDA:392,38,0,0
BRDA:392,38,1,0
BRDA:393,39,0,0
BRDA:393,39,1,0
BRDA:394,40,0,0
BRDA:394,40,1,0
BRDA:395,41,0,0
BRDA:395,41,1,0
BRDA:396,42,0,0
BRDA:396,42,1,0
BRDA:397,43,0,0
BRDA:397,43,1,0
BRDA:398,44,0,0
BRDA:398,44,1,0
BRDA:399,45,0,0
BRDA:399,45,1,0
BRDA:400,46,0,0
BRDA:400,46,1,0
BRDA:401,47,0,0
BRDA:401,47,1,0
BRDA:440,48,0,0
BRDA:440,48,1,0
BRDA:477,49,0,0
BRDA:477,49,1,0
BRF:99
BRH:0
end_of_record
TN:
SF:app\controllers\notificationController.js
FN:5,(anonymous_0)
FN:17,(anonymous_1)
FN:35,(anonymous_2)
FN:51,(anonymous_3)
FNF:4
FNH:0
FNDA:0,(anonymous_0)
FNDA:0,(anonymous_1)
FNDA:0,(anonymous_2)
FNDA:0,(anonymous_3)
DA:1,1
DA:3,1
DA:5,1
DA:6,0
DA:7,0
DA:8,0
DA:13,0
DA:17,1
DA:18,0
DA:19,0
DA:23,0
DA:24,0
DA:26,0
DA:31,0
DA:35,1
DA:36,0
DA:37,0
DA:38,0
DA:39,0
DA:40,0
DA:42,0
DA:47,0
DA:51,1
DA:52,0
DA:53,0
DA:55,0
DA:56,0
DA:57,0
DA:60,0
DA:62,0
DA:67,0
DA:71,1
LF:32
LH:7
BRDA:23,0,0,0
BRDA:23,0,1,0
BRDA:23,1,0,0
BRDA:23,1,1,0
BRDA:39,2,0,0
BRDA:39,2,1,0
BRDA:56,3,0,0
BRDA:56,3,1,0
BRF:8
BRH:0
end_of_record
TN:
SF:app\controllers\patentController.js
FN:18,(anonymous_0)
FN:41,(anonymous_1)
FN:68,(anonymous_2)
FN:91,(anonymous_3)
FN:120,(anonymous_4)
FN:137,(anonymous_5)
FN:149,(anonymous_6)
FN:205,(anonymous_7)
FN:234,(anonymous_8)
FN:259,(anonymous_9)
FN:271,(anonymous_10)
FN:291,(anonymous_11)
FNF:12
FNH:0
FNDA:0,(anonymous_0)
FNDA:0,(anonymous_1)
FNDA:0,(anonymous_2)
FNDA:0,(anonymous_3)
FNDA:0,(anonymous_4)
FNDA:0,(anonymous_5)
FNDA:0,(anonymous_6)
FNDA:0,(anonymous_7)
FNDA:0,(anonymous_8)
FNDA:0,(anonymous_9)
FNDA:0,(anonymous_10)
FNDA:0,(anonymous_11)
DA:9,1
DA:10,1
DA:11,1
DA:13,1
DA:14,1
DA:15,1
DA:16,1
DA:18,1
DA:19,0
DA:20,0
DA:22,0
DA:24,0
DA:32,0
DA:37,0
DA:41,1
DA:42,0
DA:43,0
DA:45,0
DA:49,0
DA:56,0
DA:60,0
DA:62,0
DA:67,0
DA:68,0
DA:76,0
DA:78,0
DA:84,0
DA:90,0
DA:91,0
DA:93,0
DA:103,0
DA:111,0
DA:116,0
DA:120,1
DA:121,0
DA:122,0
DA:124,0
DA:126,0
DA:128,0
DA:133,0
DA:137,1
DA:138,0
DA:139,0
DA:141,0
DA:143,0
DA:145,0
DA:146,0
DA:149,0
DA:150,0
DA:151,0
DA:156,0
DA:157,0
DA:161,0
DA:162,0
DA:163,0
DA:164,0
DA:165,0
DA:167,0
DA:169,0
DA:171,0
DA:173,0
DA:174,0
DA:175,0
DA:176,0
DA:177,0
DA:178,0
DA:179,0
DA:180,0
DA:181,0
DA:182,0
DA:184,0
DA:204,0
DA:205,0
DA:207,0
DA:217,0
DA:225,0
DA:230,0
DA:234,1
DA:235,0
DA:236,0
DA:237,0
DA:239,0
DA:241,0
DA:246,0
DA:255,0
DA:259,1
DA:260,0
DA:261,0
DA:262,0
DA:267,0
DA:271,1
DA:272,0
DA:273,0
DA:275,0
DA:277,0
DA:278,0
DA:281,0
DA:287,0
DA:291,1
DA:292,0
DA:293,0
DA:295,0
DA:297,0
DA:305,0
DA:310,0
DA:314,1
LF:106
LH:16
BRDA:45,0,0,0
BRDA:45,0,1,0
BRDA:50,1,0,0
BRDA:50,1,1,0
BRDA:56,2,0,0
BRDA:56,2,1,0
BRDA:60,3,0,0
BRDA:60,3,1,0
BRDA:71,4,0,0
BRDA:71,4,1,0
BRDA:145,5,0,0
BRDA:145,5,1,0
BRDA:149,6,0,0
BRDA:150,7,0,0
BRDA:150,7,1,0
BRDA:156,8,0,0
BRDA:156,8,1,0
BRDA:161,9,0,0
BRDA:161,9,1,0
BRDA:162,10,0,0
BRDA:162,10,1,0
BRDA:163,11,0,0
BRDA:163,11,1,0
BRDA:164,12,0,0
BRDA:164,12,1,0
BRDA:165,13,0,0
BRDA:165,13,1,0
BRDA:167,14,0,0
BRDA:167,14,1,0
BRDA:169,15,0,0
BRDA:169,15,1,0
BRDA:171,16,0,0
BRDA:171,16,1,0
BRDA:173,17,0,0
BRDA:173,17,1,0
BRDA:174,18,0,0
BRDA:174,18,1,0
BRDA:175,19,0,0
BRDA:175,19,1,0
BRDA:176,20,0,0
BRDA:176,20,1,0
BRDA:177,21,0,0
BRDA:177,21,1,0
BRDA:178,22,0,0
BRDA:178,22,1,0
BRDA:180,23,0,0
BRDA:180,23,1,0
BRDA:182,24,0,0
BRDA:182,24,1,0
BRDA:189,25,0,0
BRDA:189,25,1,0
BRDA:190,26,0,0
BRDA:190,26,1,0
BRDA:191,27,0,0
BRDA:191,27,1,0
BRDA:192,28,0,0
BRDA:192,28,1,0
BRDA:193,29,0,0
BRDA:193,29,1,0
BRDA:195,30,0,0
BRDA:195,30,1,0
BRDA:198,31,0,0
BRDA:198,31,1,0
BRDA:201,32,0,0
BRDA:201,32,1,0
BRDA:236,33,0,0
BRDA:236,33,1,0
BRDA:237,34,0,0
BRDA:237,34,1,0
BRDA:277,35,0,0
BRDA:277,35,1,0
BRF:71
BRH:0
end_of_record
TN:
SF:app\controllers\paymentController.js
FN:9,(anonymous_0)
FN:33,(anonymous_1)
FN:52,(anonymous_2)
FN:78,(anonymous_3)
FN:119,(anonymous_4)
FNF:5
FNH:0
FNDA:0,(anonymous_0)
FNDA:0,(anonymous_1)
FNDA:0,(anonymous_2)
FNDA:0,(anonymous_3)
FNDA:0,(anonymous_4)
DA:1,1
DA:3,1
DA:4,1
DA:5,1
DA:6,1
DA:7,1
DA:9,1
DA:10,0
DA:11,0
DA:12,0
DA:14,0
DA:15,0
DA:20,0
DA:29,0
DA:33,1
DA:34,0
DA:35,0
DA:37,0
DA:39,0
DA:40,0
DA:43,0
DA:48,0
DA:52,1
DA:53,0
DA:54,0
DA:55,0
DA:57,0
DA:58,0
DA:65,0
DA:74,0
DA:78,1
DA:79,0
DA:80,0
DA:82,0
DA:84,0
DA:85,0
DA:88,0
DA:90,0
DA:92,0
DA:93,0
DA:96,0
DA:97,0
DA:100,0
DA:101,0
DA:107,0
DA:111,0
DA:112,0
DA:118,0
DA:119,0
DA:121,0
DA:131,0
DA:139,0
DA:145,0
DA:149,1
LF:54
LH:11
BRDA:11,0,0,0
BRDA:11,0,1,0
BRDA:12,1,0,0
BRDA:12,1,1,0
BRDA:39,2,0,0
BRDA:39,2,1,0
BRDA:54,3,0,0
BRDA:54,3,1,0
BRDA:55,4,0,0
BRDA:55,4,1,0
BRDA:84,5,0,0
BRDA:84,5,1,0
BRDA:92,6,0,0
BRDA:92,6,1,0
BRDA:96,7,0,0
BRDA:96,7,1,0
BRDA:100,8,0,0
BRDA:100,8,1,0
BRDA:111,9,0,0
BRDA:111,9,1,0
BRF:20
BRH:0
end_of_record
TN:
SF:app\controllers\periodController.js
FN:7,(anonymous_0)
FN:26,(anonymous_1)
FN:38,(anonymous_2)
FN:39,(anonymous_3)
FN:70,(anonymous_4)
FN:122,(anonymous_5)
FN:176,(anonymous_6)
FN:249,(anonymous_7)
FN:283,(anonymous_8)
FN:311,(anonymous_9)
FN:337,(anonymous_10)
FN:374,(anonymous_11)
FN:393,(anonymous_12)
FN:431,(anonymous_13)
FN:466,(anonymous_14)
FN:485,(anonymous_15)
FN:507,(anonymous_16)
FN:536,(anonymous_17)
FN:567,(anonymous_18)
FN:600,(anonymous_19)
FN:614,(anonymous_20)
FNF:21
FNH:0
FNDA:0,(anonymous_0)
FNDA:0,(anonymous_1)
FNDA:0,(anonymous_2)
FNDA:0,(anonymous_3)
FNDA:0,(anonymous_4)
FNDA:0,(anonymous_5)
FNDA:0,(anonymous_6)
FNDA:0,(anonymous_7)
FNDA:0,(anonymous_8)
FNDA:0,(anonymous_9)
FNDA:0,(anonymous_10)
FNDA:0,(anonymous_11)
FNDA:0,(anonymous_12)
FNDA:0,(anonymous_13)
FNDA:0,(anonymous_14)
FNDA:0,(anonymous_15)
FNDA:0,(anonymous_16)
FNDA:0,(anonymous_17)
FNDA:0,(anonymous_18)
FNDA:0,(anonymous_19)
FNDA:0,(anonymous_20)
DA:1,1
DA:2,1
DA:4,1
DA:5,1
DA:7,1
DA:8,0
DA:9,0
DA:11,0
DA:12,0
DA:13,0
DA:18,0
DA:20,0
DA:26,0
DA:31,0
DA:35,0
DA:37,0
DA:38,0
DA:39,0
DA:40,0
DA:49,0
DA:51,0
DA:59,0
DA:66,0
DA:70,1
DA:71,0
DA:72,0
DA:74,0
DA:80,0
DA:81,0
DA:84,0
DA:91,0
DA:92,0
DA:99,0
DA:100,0
DA:104,0
DA:112,0
DA:118,0
DA:122,1
DA:123,0
DA:124,0
DA:126,0
DA:127,0
DA:128,0
DA:131,0
DA:133,0
DA:140,0
DA:141,0
DA:146,0
DA:153,0
DA:157,0
DA:165,0
DA:172,0
DA:176,1
DA:177,0
DA:178,0
DA:180,0
DA:181,0
DA:182,0
DA:185,0
DA:187,0
DA:188,0
DA:195,0
DA:196,0
DA:205,0
DA:206,0
DA:214,0
DA:215,0
DA:224,0
DA:225,0
DA:226,0
DA:227,0
DA:229,0
DA:231,0
DA:239,0
DA:245,0
DA:249,1
DA:250,0
DA:251,0
DA:252,0
DA:254,0
DA:256,0
DA:257,0
DA:260,0
DA:265,0
DA:273,0
DA:279,0
DA:283,1
DA:284,0
DA:285,0
DA:286,0
DA:288,0
DA:290,0
DA:299,0
DA:308,0
DA:311,1
DA:312,0
DA:313,0
DA:315,0
DA:328,0
DA:333,0
DA:337,1
DA:338,0
DA:339,0
DA:340,0
DA:342,0
DA:343,0
DA:347,0
DA:353,0
DA:355,0
DA:361,0
DA:370,0
DA:374,1
DA:375,0
DA:376,0
DA:378,0
DA:380,0
DA:381,0
DA:384,0
DA:389,0
DA:393,1
DA:394,0
DA:395,0
DA:396,0
DA:397,0
DA:399,0
DA:400,0
DA:401,0
DA:404,0
DA:408,0
DA:410,0
DA:417,0
DA:427,0
DA:431,1
DA:432,0
DA:433,0
DA:434,0
DA:436,0
DA:437,0
DA:439,0
DA:445,0
DA:447,0
DA:453,0
DA:462,0
DA:466,1
DA:467,0
DA:468,0
DA:470,0
DA:472,0
DA:473,0
DA:476,0
DA:482,0
DA:485,1
DA:486,0
DA:487,0
DA:489,0
DA:493,0
DA:494,0
DA:497,0
DA:503,0
DA:507,1
DA:508,0
DA:509,0
DA:527,0
DA:532,0
DA:536,1
DA:537,0
DA:538,0
DA:539,0
DA:558,0
DA:563,0
DA:567,1
DA:568,0
DA:569,0
DA:571,0
DA:573,0
DA:574,0
DA:577,0
DA:581,0
DA:583,0
DA:591,0
DA:596,0
DA:600,1
DA:601,0
DA:602,0
DA:604,0
DA:606,0
DA:607,0
DA:612,0
DA:614,0
DA:616,0
DA:618,0
DA:620,0
DA:622,0
DA:630,0
DA:635,0
DA:639,1
LF:196
LH:22
BRDA:12,0,0,0
BRDA:12,0,1,0
BRDA:80,1,0,0
BRDA:80,1,1,0
BRDA:91,2,0,0
BRDA:91,2,1,0
BRDA:99,3,0,0
BRDA:99,3,1,0
BRDA:127,4,0,0
BRDA:127,4,1,0
BRDA:140,5,0,0
BRDA:140,5,1,0
BRDA:181,6,0,0
BRDA:181,6,1,0
BRDA:187,7,0,0
BRDA:187,7,1,0
BRDA:187,8,0,0
BRDA:187,8,1,0
BRDA:195,9,0,0
BRDA:195,9,1,0
BRDA:205,10,0,0
BRDA:205,10,1,0
BRDA:205,11,0,0
BRDA:205,11,1,0
BRDA:214,12,0,0
BRDA:214,12,1,0
BRDA:225,13,0,0
BRDA:225,13,1,0
BRDA:226,14,0,0
BRDA:226,14,1,0
BRDA:227,15,0,0
BRDA:227,15,1,0
BRDA:256,16,0,0
BRDA:256,16,1,0
BRDA:285,17,0,0
BRDA:285,17,1,0
BRDA:286,18,0,0
BRDA:286,18,1,0
BRDA:339,19,0,0
BRDA:339,19,1,0
BRDA:340,20,0,0
BRDA:340,20,1,0
BRDA:342,21,0,0
BRDA:342,21,1,0
BRDA:380,22,0,0
BRDA:380,22,1,0
BRDA:396,23,0,0
BRDA:396,23,1,0
BRDA:397,24,0,0
BRDA:397,24,1,0
BRDA:400,25,0,0
BRDA:400,25,1,0
BRDA:433,26,0,0
BRDA:433,26,1,0
BRDA:434,27,0,0
BRDA:434,27,1,0
BRDA:436,28,0,0
BRDA:436,28,1,0
BRDA:472,29,0,0
BRDA:472,29,1,0
BRDA:493,30,0,0
BRDA:493,30,1,0
BRDA:493,31,0,0
BRDA:493,31,1,0
BRDA:573,32,0,0
BRDA:573,32,1,0
BRDA:606,33,0,0
BRDA:606,33,1,0
BRF:68
BRH:0
end_of_record
TN:
SF:app\controllers\submissionController.js
FN:17,(anonymous_0)
FN:51,(anonymous_1)
FN:135,(anonymous_2)
FN:138,(anonymous_3)
FN:162,(anonymous_4)
FN:181,(anonymous_5)
FN:207,(anonymous_6)
FN:238,(anonymous_7)
FN:305,(anonymous_8)
FN:406,(anonymous_9)
FN:511,(anonymous_10)
FNF:11
FNH:0
FNDA:0,(anonymous_0)
FNDA:0,(anonymous_1)
FNDA:0,(anonymous_2)
FNDA:0,(anonymous_3)
FNDA:0,(anonymous_4)
FNDA:0,(anonymous_5)
FNDA:0,(anonymous_6)
FNDA:0,(anonymous_7)
FNDA:0,(anonymous_8)
FNDA:0,(anonymous_9)
FNDA:0,(anonymous_10)
DA:8,1
DA:10,1
DA:11,1
DA:12,1
DA:14,1
DA:15,1
DA:17,1
DA:18,0
DA:19,0
DA:20,0
DA:22,0
DA:23,0
DA:25,0
DA:31,0
DA:34,0
DA:39,0
DA:48,0
DA:51,1
DA:52,0
DA:53,0
DA:54,0
DA:55,0
DA:56,0
DA:66,0
DA:68,0
DA:69,0
DA:71,0
DA:72,0
DA:75,0
DA:76,0
DA:81,0
DA:82,0
DA:83,0
DA:84,0
DA:86,0
DA:92,0
DA:132,0
DA:134,0
DA:135,0
DA:136,0
DA:138,0
DA:149,0
DA:158,0
DA:162,1
DA:163,0
DA:164,0
DA:166,0
DA:168,0
DA:169,0
DA:172,0
DA:177,0
DA:181,1
DA:182,0
DA:183,0
DA:185,0
DA:190,0
DA:198,0
DA:203,0
DA:207,1
DA:208,0
DA:209,0
DA:211,0
DA:213,0
DA:214,0
DA:217,0
DA:221,0
DA:229,0
DA:234,0
DA:238,1
DA:239,0
DA:240,0
DA:241,0
DA:242,0
DA:243,0
DA:249,0
DA:253,0
DA:255,0
DA:256,0
DA:257,0
DA:259,0
DA:260,0
DA:261,0
DA:262,0
DA:263,0
DA:268,0
DA:269,0
DA:273,0
DA:279,0
DA:288,0
DA:296,0
DA:301,0
DA:305,1
DA:306,0
DA:307,0
DA:308,0
DA:309,0
DA:311,0
DA:313,0
DA:314,0
DA:320,0
DA:324,0
DA:325,0
DA:326,0
DA:329,0
DA:331,0
DA:332,0
DA:333,0
DA:335,0
DA:336,0
DA:337,0
DA:338,0
DA:339,0
DA:344,0
DA:345,0
DA:349,0
DA:355,0
DA:364,0
DA:365,0
DA:366,0
DA:368,0
DA:369,0
DA:370,0
DA:375,0
DA:376,0
DA:380,0
DA:385,0
DA:389,0
DA:397,0
DA:402,0
DA:406,1
DA:407,0
DA:408,0
DA:409,0
DA:410,0
DA:412,0
DA:414,0
DA:415,0
DA:421,0
DA:425,0
DA:426,0
DA:427,0
DA:430,0
DA:432,0
DA:433,0
DA:434,0
DA:436,0
DA:437,0
DA:438,0
DA:439,0
DA:440,0
DA:445,0
DA:446,0
DA:450,0
DA:456,0
DA:465,0
DA:467,0
DA:468,0
DA:472,0
DA:473,0
DA:474,0
DA:479,0
DA:480,0
DA:484,0
DA:490,0
DA:494,0
DA:502,0
DA:507,0
DA:511,1
DA:512,0
DA:513,0
DA:515,0
DA:517,0
DA:518,0
DA:521,0
DA:523,0
DA:531,0
DA:536,0
DA:540,1
LF:178
LH:16
BRDA:19,0,0,0
BRDA:19,0,1,0
BRDA:20,1,0,0
BRDA:20,1,1,0
BRDA:22,2,0,0
BRDA:22,2,1,0
BRDA:53,3,0,0
BRDA:53,3,1,0
BRDA:55,4,0,0
BRDA:55,4,1,0
BRDA:55,5,0,0
BRDA:55,5,1,0
BRDA:56,6,0,0
BRDA:56,6,1,0
BRDA:71,7,0,0
BRDA:71,7,1,0
BRDA:75,8,0,0
BRDA:75,8,1,0
BRDA:81,9,0,0
BRDA:81,9,1,0
BRDA:105,10,0,0
BRDA:105,10,1,0
BRDA:116,11,0,0
BRDA:116,11,1,0
BRDA:119,12,0,0
BRDA:119,12,1,0
BRDA:122,13,0,0
BRDA:122,13,1,0
BRDA:134,14,0,0
BRDA:134,14,1,0
BRDA:139,15,0,0
BRDA:139,15,1,0
BRDA:140,16,0,0
BRDA:140,16,1,0
BRDA:141,17,0,0
BRDA:141,17,1,0
BRDA:142,18,0,0
BRDA:142,18,1,0
BRDA:143,19,0,0
BRDA:143,19,1,0
BRDA:151,20,0,0
BRDA:151,20,1,0
BRDA:152,21,0,0
BRDA:152,21,1,0
BRDA:154,22,0,0
BRDA:154,22,1,0
BRDA:155,23,0,0
BRDA:155,23,1,0
BRDA:168,24,0,0
BRDA:168,24,1,0
BRDA:213,25,0,0
BRDA:213,25,1,0
BRDA:241,26,0,0
BRDA:241,26,1,0
BRDA:242,27,0,0
BRDA:242,27,1,0
BRDA:242,28,0,0
BRDA:242,28,1,0
BRDA:249,29,0,0
BRDA:249,29,1,0
BRDA:253,30,0,0
BRDA:253,30,1,0
BRDA:259,31,0,0
BRDA:259,31,1,0
BRDA:261,32,0,0
BRDA:261,32,1,0
BRDA:262,33,0,0
BRDA:262,33,1,0
BRDA:262,34,0,0
BRDA:262,34,1,0
BRDA:268,35,0,0
BRDA:268,35,1,0
BRDA:275,36,0,0
BRDA:275,36,1,0
BRDA:282,37,0,0
BRDA:282,37,1,0
BRDA:308,38,0,0
BRDA:308,38,1,0
BRDA:309,39,0,0
BRDA:309,39,1,0
BRDA:311,40,0,0
BRDA:311,40,1,0
BRDA:313,41,0,0
BRDA:313,41,1,0
BRDA:313,42,0,0
BRDA:313,42,1,0
BRDA:320,43,0,0
BRDA:320,43,1,0
BRDA:325,44,0,0
BRDA:325,44,1,0
BRDA:335,45,0,0
BRDA:335,45,1,0
BRDA:337,46,0,0
BRDA:337,46,1,0
BRDA:338,47,0,0
BRDA:338,47,1,0
BRDA:338,48,0,0
BRDA:338,48,1,0
BRDA:344,49,0,0
BRDA:344,49,1,0
BRDA:351,50,0,0
BRDA:351,50,1,0
BRDA:358,51,0,0
BRDA:358,51,1,0
BRDA:364,52,0,0
BRDA:364,52,1,0
BRDA:368,53,0,0
BRDA:368,53,1,0
BRDA:369,54,0,0
BRDA:369,54,1,0
BRDA:375,55,0,0
BRDA:375,55,1,0
BRDA:382,56,0,0
BRDA:382,56,1,0
BRDA:409,57,0,0
BRDA:409,57,1,0
BRDA:410,58,0,0
BRDA:410,58,1,0
BRDA:412,59,0,0
BRDA:412,59,1,0
BRDA:414,60,0,0
BRDA:414,60,1,0
BRDA:414,61,0,0
BRDA:414,61,1,0
BRDA:421,62,0,0
BRDA:421,62,1,0
BRDA:426,63,0,0
BRDA:426,63,1,0
BRDA:436,64,0,0
BRDA:436,64,1,0
BRDA:438,65,0,0
BRDA:438,65,1,0
BRDA:439,66,0,0
BRDA:439,66,1,0
BRDA:439,67,0,0
BRDA:439,67,1,0
BRDA:445,68,0,0
BRDA:445,68,1,0
BRDA:452,69,0,0
BRDA:452,69,1,0
BRDA:459,70,0,0
BRDA:459,70,1,0
BRDA:465,71,0,0
BRDA:465,71,1,0
BRDA:472,72,0,0
BRDA:472,72,1,0
BRDA:473,73,0,0
BRDA:473,73,1,0
BRDA:479,74,0,0
BRDA:479,74,1,0
BRDA:486,75,0,0
BRDA:486,75,1,0
BRDA:517,76,0,0
BRDA:517,76,1,0
BRF:154
BRH:0
end_of_record
TN:
SF:app\controllers\termsConditionController.js
FN:6,(anonymous_0)
FN:27,(anonymous_1)
FN:54,(anonymous_2)
FN:88,(anonymous_3)
FN:100,(anonymous_4)
FN:116,(anonymous_5)
FNF:6
FNH:0
FNDA:0,(anonymous_0)
FNDA:0,(anonymous_1)
FNDA:0,(anonymous_2)
FNDA:0,(anonymous_3)
FNDA:0,(anonymous_4)
FNDA:0,(anonymous_5)
DA:1,1
DA:3,1
DA:4,1
DA:6,1
DA:7,0
DA:8,0
DA:10,0
DA:18,0
DA:23,0
DA:27,1
DA:28,0
DA:29,0
DA:30,0
DA:31,0
DA:32,0
DA:34,0
DA:36,0
DA:44,0
DA:50,0
DA:54,1
DA:55,0
DA:56,0
DA:57,0
DA:59,0
DA:60,0
DA:61,0
DA:67,0
DA:69,0
DA:75,0
DA:84,0
DA:88,1
DA:89,0
DA:90,0
DA:91,0
DA:96,0
DA:100,1
DA:101,0
DA:102,0
DA:103,0
DA:104,0
DA:105,0
DA:107,0
DA:112,0
DA:116,1
DA:117,0
DA:118,0
DA:119,0
DA:120,0
DA:121,0
DA:123,0
DA:125,0
DA:133,0
DA:138,0
DA:142,1
LF:54
LH:10
BRDA:31,0,0,0
BRDA:31,0,1,0
BRDA:56,1,0,0
BRDA:56,1,1,0
BRDA:57,2,0,0
BRDA:57,2,1,0
BRDA:59,3,0,0
BRDA:59,3,1,0
BRDA:104,4,0,0
BRDA:104,4,1,0
BRDA:120,5,0,0
BRDA:120,5,1,0
BRF:12
BRH:0
end_of_record
TN:
SF:app\controllers\userController.js
FN:10,(anonymous_0)
FN:58,(anonymous_1)
FN:94,(anonymous_2)
FN:109,(anonymous_3)
FN:121,(anonymous_4)
FN:149,(anonymous_5)
FN:175,(anonymous_6)
FNF:7
FNH:0
FNDA:0,(anonymous_0)
FNDA:0,(anonymous_1)
FNDA:0,(anonymous_2)
FNDA:0,(anonymous_3)
FNDA:0,(anonymous_4)
FNDA:0,(anonymous_5)
FNDA:0,(anonymous_6)
DA:1,1
DA:2,1
DA:3,1
DA:4,1
DA:6,1
DA:7,1
DA:8,1
DA:10,1
DA:11,0
DA:20,0
DA:22,0
DA:24,0
DA:26,0
DA:28,0
DA:41,0
DA:49,0
DA:54,0
DA:58,1
DA:59,0
DA:60,0
DA:61,0
DA:63,0
DA:64,0
DA:65,0
DA:73,0
DA:75,0
DA:81,0
DA:90,0
DA:94,1
DA:95,0
DA:96,0
DA:97,0
DA:98,0
DA:100,0
DA:105,0
DA:109,1
DA:110,0
DA:111,0
DA:112,0
DA:117,0
DA:121,1
DA:122,0
DA:123,0
DA:124,0
DA:125,0
DA:128,0
DA:134,0
DA:135,0
DA:136,0
DA:142,0
DA:143,0
DA:144,0
DA:149,0
DA:150,0
DA:151,0
DA:156,0
DA:159,0
DA:161,0
DA:169,0
DA:171,0
DA:175,1
DA:176,0
DA:177,0
DA:178,0
DA:179,0
DA:181,0
DA:183,0
DA:191,0
DA:193,0
DA:197,1
LF:70
LH:14
BRDA:26,0,0,0
BRDA:26,0,1,0
BRDA:35,1,0,0
BRDA:35,1,1,0
BRDA:60,2,0,0
BRDA:60,2,1,0
BRDA:61,3,0,0
BRDA:61,3,1,0
BRDA:63,4,0,0
BRDA:63,4,1,0
BRDA:97,5,0,0
BRDA:97,5,1,0
BRDA:124,6,0,0
BRDA:124,6,1,0
BRDA:135,7,0,0
BRDA:135,7,1,0
BRDA:135,8,0,0
BRDA:135,8,1,0
BRDA:142,9,0,0
BRDA:142,9,1,0
BRDA:143,10,0,0
BRDA:143,10,1,0
BRDA:150,11,0,0
BRDA:150,11,1,0
BRDA:178,12,0,0
BRDA:178,12,1,0
BRF:26
BRH:0
end_of_record
TN:
SF:app\controllers\userSubmissionController.js
FN:39,(anonymous_0)
FN:61,(anonymous_1)
FN:134,(anonymous_2)
FN:226,(anonymous_3)
FN:281,(anonymous_4)
FN:331,(anonymous_5)
FN:450,(anonymous_6)
FN:561,(anonymous_7)
FN:676,(anonymous_8)
FN:696,(anonymous_9)
FN:735,(anonymous_10)
FN:748,(anonymous_11)
FN:870,(anonymous_12)
FN:879,(anonymous_13)
FN:992,(anonymous_14)
FN:997,(anonymous_15)
FN:1005,(anonymous_16)
FN:1025,(anonymous_17)
FN:1073,(anonymous_18)
FN:1085,(anonymous_19)
FN:1087,(anonymous_20)
FN:1114,(anonymous_21)
FN:1116,(anonymous_22)
FN:1181,(anonymous_23)
FN:1197,(anonymous_24)
FN:1223,(anonymous_25)
FNF:26
FNH:0
FNDA:0,(anonymous_0)
FNDA:0,(anonymous_1)
FNDA:0,(anonymous_2)
FNDA:0,(anonymous_3)
FNDA:0,(anonymous_4)
FNDA:0,(anonymous_5)
FNDA:0,(anonymous_6)
FNDA:0,(anonymous_7)
FNDA:0,(anonymous_8)
FNDA:0,(anonymous_9)
FNDA:0,(anonymous_10)
FNDA:0,(anonymous_11)
FNDA:0,(anonymous_12)
FNDA:0,(anonymous_13)
FNDA:0,(anonymous_14)
FNDA:0,(anonymous_15)
FNDA:0,(anonymous_16)
FNDA:0,(anonymous_17)
FNDA:0,(anonymous_18)
FNDA:0,(anonymous_19)
FNDA:0,(anonymous_20)
FNDA:0,(anonymous_21)
FNDA:0,(anonymous_22)
FNDA:0,(anonymous_23)
FNDA:0,(anonymous_24)
FNDA:0,(anonymous_25)
DA:28,1
DA:29,1
DA:30,1
DA:32,1
DA:33,1
DA:34,1
DA:35,1
DA:36,1
DA:37,1
DA:39,1
DA:40,0
DA:41,0
DA:42,0
DA:44,0
DA:48,0
DA:49,0
DA:52,0
DA:56,0
DA:57,0
DA:60,0
DA:61,0
DA:66,0
DA:69,0
DA:70,0
DA:71,0
DA:72,0
DA:74,0
DA:75,0
DA:77,0
DA:78,0
DA:79,0
DA:80,0
DA:82,0
DA:83,0
DA:90,0
DA:91,0
DA:96,0
DA:100,0
DA:107,0
DA:108,0
DA:116,0
DA:124,0
DA:130,0
DA:134,1
DA:135,0
DA:136,0
DA:137,0
DA:139,0
DA:140,0
DA:142,0
DA:146,0
DA:147,0
DA:153,0
DA:160,0
DA:167,0
DA:168,0
DA:179,0
DA:180,0
DA:181,0
DA:182,0
DA:189,0
DA:197,0
DA:201,0
DA:211,0
DA:217,0
DA:222,0
DA:226,1
DA:227,0
DA:228,0
DA:229,0
DA:231,0
DA:235,0
DA:236,0
DA:242,0
DA:244,0
DA:252,0
DA:256,0
DA:266,0
DA:272,0
DA:277,0
DA:281,1
DA:282,0
DA:283,0
DA:284,0
DA:286,0
DA:287,0
DA:288,0
DA:294,0
DA:295,0
DA:301,0
DA:305,0
DA:306,0
DA:312,0
DA:314,0
DA:322,0
DA:327,0
DA:331,1
DA:332,0
DA:333,0
DA:334,0
DA:336,0
DA:339,0
DA:437,0
DA:446,0
DA:450,1
DA:451,0
DA:452,0
DA:453,0
DA:549,0
DA:550,0
DA:552,0
DA:557,0
DA:561,1
DA:562,0
DA:563,0
DA:564,0
DA:565,0
DA:567,0
DA:569,0
DA:571,0
DA:676,0
DA:680,0
DA:681,0
DA:683,0
DA:692,0
DA:696,1
DA:697,0
DA:698,0
DA:700,0
DA:726,0
DA:731,0
DA:735,1
DA:736,0
DA:737,0
DA:739,0
DA:744,0
DA:748,1
DA:749,0
DA:750,0
DA:751,0
DA:753,0
DA:756,0
DA:856,0
DA:866,0
DA:870,1
DA:871,0
DA:872,0
DA:873,0
DA:875,0
DA:877,0
DA:878,0
DA:879,0
DA:883,0
DA:992,0
DA:993,0
DA:997,0
DA:1001,0
DA:1005,0
DA:1009,0
DA:1012,0
DA:1021,0
DA:1025,1
DA:1026,0
DA:1028,0
DA:1035,0
DA:1040,0
DA:1045,0
DA:1073,0
DA:1082,0
DA:1085,0
DA:1086,0
DA:1088,0
DA:1089,0
DA:1090,0
DA:1100,0
DA:1104,0
DA:1112,0
DA:1114,0
DA:1115,0
DA:1117,0
DA:1118,0
DA:1119,0
DA:1120,0
DA:1130,0
DA:1134,0
DA:1141,0
DA:1181,0
DA:1193,0
DA:1197,1
DA:1198,0
DA:1199,0
DA:1200,0
DA:1202,0
DA:1213,0
DA:1214,0
DA:1215,0
DA:1218,0
DA:1219,0
DA:1221,0
DA:1223,0
DA:1225,0
DA:1226,0
DA:1234,0
DA:1239,0
DA:1244,0
DA:1245,0
DA:1248,0
DA:1253,0
DA:1258,0
DA:1259,0
DA:1261,0
DA:1262,0
DA:1264,0
DA:1265,0
DA:1267,0
DA:1268,0
DA:1274,0
DA:1280,0
DA:1282,0
DA:1287,0
DA:1288,0
DA:1292,1
LF:222
LH:23
BRDA:48,0,0,0
BRDA:48,0,1,0
BRDA:56,1,0,0
BRDA:56,1,1,0
BRDA:60,2,0,0
BRDA:60,2,1,0
BRDA:60,3,0,0
BRDA:60,3,1,0
BRDA:74,4,0,0
BRDA:74,4,1,0
BRDA:77,5,0,0
BRDA:77,5,1,0
BRDA:78,6,0,0
BRDA:78,6,1,0
BRDA:79,7,0,0
BRDA:79,7,1,0
BRDA:80,8,0,0
BRDA:80,8,1,0
BRDA:82,9,0,0
BRDA:82,9,1,0
BRDA:90,10,0,0
BRDA:90,10,1,0
BRDA:90,11,0,0
BRDA:90,11,1,0
BRDA:107,12,0,0
BRDA:107,12,1,0
BRDA:139,13,0,0
BRDA:139,13,1,0
BRDA:140,14,0,0
BRDA:140,14,1,0
BRDA:146,15,0,0
BRDA:146,15,1,0
BRDA:167,16,0,0
BRDA:167,16,1,0
BRDA:181,17,0,0
BRDA:181,17,1,0
BRDA:235,18,0,0
BRDA:235,18,1,0
BRDA:287,19,0,0
BRDA:287,19,1,0
BRDA:294,20,0,0
BRDA:294,20,1,0
BRDA:305,21,0,0
BRDA:305,21,1,0
BRDA:333,22,0,0
BRDA:333,22,1,0
BRDA:334,23,0,0
BRDA:334,23,1,0
BRDA:549,24,0,0
BRDA:549,24,1,0
BRDA:564,25,0,0
BRDA:564,25,1,0
BRDA:565,26,0,0
BRDA:565,26,1,0
BRDA:678,27,0,0
BRDA:678,27,1,0
BRDA:680,28,0,0
BRDA:680,28,1,0
BRDA:750,29,0,0
BRDA:750,29,1,0
BRDA:751,30,0,0
BRDA:751,30,1,0
BRDA:872,31,0,0
BRDA:872,31,1,0
BRDA:873,32,0,0
BRDA:873,32,1,0
BRDA:878,33,0,0
BRDA:878,33,1,0
BRDA:914,34,0,0
BRDA:914,34,1,0
BRDA:996,35,0,0
BRDA:996,35,1,0
BRDA:997,36,0,0
BRDA:997,36,1,0
BRDA:1004,37,0,0
BRDA:1004,37,1,0
BRDA:1005,38,0,0
BRDA:1005,38,1,0
BRDA:1075,39,0,0
BRDA:1075,39,1,0
BRDA:1076,40,0,0
BRDA:1076,40,1,0
BRDA:1077,41,0,0
BRDA:1077,41,1,0
BRDA:1078,42,0,0
BRDA:1078,42,1,0
BRDA:1213,43,0,0
BRDA:1213,43,1,0
BRDA:1225,44,0,0
BRDA:1225,44,1,0
BRDA:1244,45,0,0
BRDA:1244,45,1,0
BRDA:1258,46,0,0
BRDA:1258,46,1,0
BRDA:1261,47,0,0
BRDA:1261,47,1,0
BRDA:1264,48,0,0
BRDA:1264,48,1,0
BRDA:1267,49,0,0
BRDA:1267,49,1,0
BRF:100
BRH:0
end_of_record
TN:
SF:app\helpers\activityLogs.js
FN:3,(anonymous_0)
FNF:1
FNH:0
FNDA:0,(anonymous_0)
DA:1,1
DA:3,1
DA:10,0
DA:11,0
DA:19,0
DA:23,1
LF:6
LH:3
BRF:0
BRH:0
end_of_record
TN:
SF:app\helpers\notifications.js
FN:3,(anonymous_0)
FNF:1
FNH:0
FNDA:0,(anonymous_0)
DA:1,1
DA:3,1
DA:4,0
DA:5,0
DA:6,0
DA:7,0
DA:10,0
DA:17,0
DA:21,1
LF:9
LH:3
BRDA:6,0,0,0
BRDA:6,0,1,0
BRF:2
BRH:0
end_of_record
TN:
SF:app\middlewares\authenticat.js
FN:5,(anonymous_0)
FNF:1
FNH:0
FNDA:0,(anonymous_0)
DA:1,1
DA:2,1
DA:3,1
DA:5,1
DA:6,0
DA:7,0
DA:9,0
DA:10,0
DA:13,0
DA:15,0
DA:16,0
DA:17,0
DA:19,0
DA:20,0
DA:22,0
DA:23,0
DA:24,0
DA:28,0
LF:18
LH:4
BRDA:9,0,0,0
BRDA:9,0,1,0
BRDA:23,1,0,0
BRDA:23,1,1,0
BRF:4
BRH:0
end_of_record
TN:
SF:app\middlewares\checkRole.js
FN:3,(anonymous_0)
FN:3,(anonymous_1)
FNF:2
FNH:1
FNDA:25,(anonymous_0)
FNDA:0,(anonymous_1)
DA:1,1
DA:3,25
DA:4,0
DA:5,0
DA:6,0
DA:11,0
DA:13,0
DA:17,1
LF:8
LH:3
BRDA:5,0,0,0
BRDA:5,0,1,0
BRF:2
BRH:0
end_of_record
TN:
SF:app\middlewares\multer.js
FN:18,(anonymous_0)
FN:40,(anonymous_1)
FN:46,(anonymous_2)
FN:85,(anonymous_3)
FN:86,(anonymous_4)
FN:88,(anonymous_5)
FNF:6
FNH:2
FNDA:0,(anonymous_0)
FNDA:0,(anonymous_1)
FNDA:0,(anonymous_2)
FNDA:4,(anonymous_3)
FNDA:0,(anonymous_4)
FNDA:3,(anonymous_5)
DA:1,1
DA:2,1
DA:3,1
DA:6,1
DA:7,1
DA:9,1
DA:10,0
DA:13,1
DA:14,0
DA:17,1
DA:19,0
DA:22,0
DA:23,0
DA:24,0
DA:30,0
DA:32,0
DA:41,0
DA:42,0
DA:46,1
DA:47,0
DA:48,0
DA:49,0
DA:50,0
DA:52,0
DA:53,0
DA:55,0
DA:56,0
DA:59,0
DA:60,0
DA:63,0
DA:64,0
DA:67,0
DA:68,0
DA:71,0
DA:78,1
DA:84,1
DA:85,4
DA:87,0
DA:88,3
LF:39
LH:13
BRDA:9,0,0,0
BRDA:9,0,1,1
BRDA:13,1,0,0
BRDA:13,1,1,1
BRDA:22,2,0,0
BRDA:22,2,1,0
BRDA:22,3,0,0
BRDA:22,3,1,0
BRDA:22,3,2,0
BRDA:24,4,0,0
BRDA:24,4,1,0
BRDA:25,5,0,0
BRDA:25,5,1,0
BRDA:25,5,2,0
BRDA:25,5,3,0
BRDA:55,6,0,0
BRDA:55,6,1,0
BRDA:55,7,0,0
BRDA:55,7,1,0
BRDA:59,8,0,0
BRDA:59,8,1,0
BRDA:59,9,0,0
BRDA:59,9,1,0
BRDA:63,10,0,0
BRDA:63,10,1,0
BRDA:63,11,0,0
BRDA:63,11,1,0
BRDA:67,12,0,0
BRDA:67,12,1,0
BRDA:67,13,0,0
BRDA:67,13,1,0
BRDA:86,14,0,0
BRF:32
BRH:2
end_of_record
TN:
SF:app\models\activitylogs.js
FN:3,(anonymous_0)
FN:10,(anonymous_1)
FNF:2
FNH:2
FNDA:2,(anonymous_0)
FNDA:2,(anonymous_1)
DA:2,2
DA:3,2
DA:11,2
DA:17,2
DA:30,2
LF:5
LH:5
BRF:0
BRH:0
end_of_record
TN:
SF:app\models\additionaldatas.js
FN:3,(anonymous_0)
FN:10,(anonymous_1)
FNF:2
FNH:2
FNDA:2,(anonymous_0)
FNDA:2,(anonymous_1)
DA:2,2
DA:3,2
DA:11,2
DA:17,2
DA:30,2
LF:5
LH:5
BRF:0
BRH:0
end_of_record
TN:
SF:app\models\brands.js
FN:3,(anonymous_0)
FN:10,(anonymous_1)
FNF:2
FNH:2
FNDA:2,(anonymous_0)
FNDA:2,(anonymous_1)
DA:2,2
DA:3,2
DA:11,2
DA:16,2
DA:22,2
DA:45,2
LF:6
LH:6
BRF:0
BRH:0
end_of_record
TN:
SF:app\models\brandtypes.js
FN:5,(anonymous_0)
FN:12,(anonymous_1)
FNF:2
FNH:2
FNDA:2,(anonymous_0)
FNDA:2,(anonymous_1)
DA:4,2
DA:5,2
DA:16,2
DA:22,2
LF:4
LH:4
BRF:0
BRH:0
end_of_record
TN:
SF:app\models\copyrights.js
FN:3,(anonymous_0)
FN:10,(anonymous_1)
FNF:2
FNH:2
FNDA:2,(anonymous_0)
FNDA:2,(anonymous_1)
DA:2,2
DA:3,2
DA:11,2
DA:15,2
DA:20,2
DA:26,2
DA:44,2
LF:7
LH:7
BRF:0
BRH:0
end_of_record
TN:
SF:app\models\documents.js
FN:3,(anonymous_0)
FN:10,(anonymous_1)
FNF:2
FNH:2
FNDA:2,(anonymous_0)
FNDA:2,(anonymous_1)
DA:2,2
DA:3,2
DA:14,2
DA:26,2
LF:4
LH:4
BRF:0
BRH:0
end_of_record
TN:
SF:app\models\faqs.js
FN:3,(anonymous_0)
FN:10,(anonymous_1)
FNF:2
FNH:2
FNDA:2,(anonymous_0)
FNDA:2,(anonymous_1)
DA:2,2
DA:3,2
DA:14,2
DA:26,2
LF:4
LH:4
BRF:0
BRH:0
end_of_record
TN:
SF:app\models\groups.js
FN:3,(anonymous_0)
FN:10,(anonymous_1)
FNF:2
FNH:2
FNDA:2,(anonymous_0)
FNDA:2,(anonymous_1)
DA:2,2
DA:3,2
DA:11,2
DA:15,2
DA:19,2
DA:25,2
DA:37,2
LF:7
LH:7
BRF:0
BRH:0
end_of_record
TN:
SF:app\models\helpcenters.js
FN:3,(anonymous_0)
FN:10,(anonymous_1)
FNF:2
FNH:2
FNDA:2,(anonymous_0)
FNDA:2,(anonymous_1)
DA:2,2
DA:3,2
DA:14,2
DA:29,2
LF:4
LH:4
BRF:0
BRH:0
end_of_record
TN:
SF:app\models\index.js
FN:25,(anonymous_0)
FN:33,(anonymous_1)
FN:41,(anonymous_2)
FNF:3
FNH:3
FNDA:60,(anonymous_0)
FNDA:58,(anonymous_1)
FNDA:58,(anonymous_2)
DA:3,2
DA:4,2
DA:5,2
DA:6,2
DA:7,2
DA:8,2
DA:9,2
DA:10,2
DA:13,2
DA:14,0
DA:16,2
DA:24,2
DA:26,60
DA:34,58
DA:38,58
DA:41,2
DA:42,58
DA:43,58
DA:47,2
DA:48,2
DA:50,2
LF:21
LH:20
BRDA:8,0,0,2
BRDA:8,0,1,0
BRDA:13,1,0,0
BRDA:13,1,1,2
BRDA:27,2,0,60
BRDA:27,2,1,60
BRDA:27,2,2,58
BRDA:27,2,3,58
BRDA:42,3,0,58
BRDA:42,3,1,0
BRF:10
BRH:7
end_of_record
TN:
SF:app\models\industrialdesigns.js
FN:3,(anonymous_0)
FN:10,(anonymous_1)
FNF:2
FNH:2
FNDA:2,(anonymous_0)
FNDA:2,(anonymous_1)
DA:2,2
DA:3,2
DA:11,2
DA:15,2
DA:20,2
DA:26,2
DA:50,2
LF:7
LH:7
BRF:0
BRH:0
end_of_record
TN:
SF:app\models\notifications.js
FN:5,(anonymous_0)
FN:12,(anonymous_1)
FNF:2
FNH:2
FNDA:2,(anonymous_0)
FNDA:2,(anonymous_1)
DA:4,2
DA:5,2
DA:16,2
DA:25,2
LF:4
LH:4
BRF:0
BRH:0
end_of_record
TN:
SF:app\models\patents.js
FN:3,(anonymous_0)
FN:10,(anonymous_1)
FNF:2
FNH:2
FNDA:2,(anonymous_0)
FNDA:2,(anonymous_1)
DA:2,2
DA:3,2
DA:11,2
DA:15,2
DA:21,2
DA:41,2
LF:6
LH:6
BRF:0
BRH:0
end_of_record
TN:
SF:app\models\patenttypes.js
FN:5,(anonymous_0)
FN:12,(anonymous_1)
FNF:2
FNH:2
FNDA:2,(anonymous_0)
FNDA:2,(anonymous_1)
DA:4,2
DA:5,2
DA:16,2
DA:22,2
LF:4
LH:4
BRF:0
BRH:0
end_of_record
TN:
SF:app\models\payments.js
FN:3,(anonymous_0)
FN:10,(anonymous_1)
FNF:2
FNH:2
FNDA:2,(anonymous_0)
FNDA:2,(anonymous_1)
DA:2,2
DA:3,2
DA:14,2
DA:27,2
LF:4
LH:4
BRF:0
BRH:0
end_of_record
TN:
SF:app\models\periods.js
FN:3,(anonymous_0)
FN:10,(anonymous_1)
FNF:2
FNH:2
FNDA:2,(anonymous_0)
FNDA:2,(anonymous_1)
DA:2,2
DA:3,2
DA:11,2
DA:15,2
DA:21,2
DA:30,2
LF:6
LH:6
BRF:0
BRH:0
end_of_record
TN:
SF:app\models\personaldatas.js
FN:3,(anonymous_0)
FN:10,(anonymous_1)
FNF:2
FNH:2
FNDA:2,(anonymous_0)
FNDA:2,(anonymous_1)
DA:2,2
DA:3,2
DA:11,2
DA:17,2
DA:47,2
LF:5
LH:5
BRF:0
BRH:0
end_of_record
TN:
SF:app\models\progresses.js
FN:3,(anonymous_0)
FN:10,(anonymous_1)
FNF:2
FNH:2
FNDA:2,(anonymous_0)
FNDA:2,(anonymous_1)
DA:2,2
DA:3,2
DA:11,2
DA:16,2
DA:22,2
DA:34,2
LF:6
LH:6
BRF:0
BRH:0
end_of_record
TN:
SF:app\models\quotas.js
FN:3,(anonymous_0)
FN:10,(anonymous_1)
FNF:2
FNH:2
FNDA:2,(anonymous_0)
FNDA:2,(anonymous_1)
DA:2,2
DA:3,2
DA:11,2
DA:17,2
DA:29,2
LF:5
LH:5
BRF:0
BRH:0
end_of_record
TN:
SF:app\models\revisionfiles.js
FN:3,(anonymous_0)
FN:10,(anonymous_1)
FNF:2
FNH:2
FNDA:2,(anonymous_0)
FNDA:2,(anonymous_1)
DA:2,2
DA:3,2
DA:11,2
DA:17,2
DA:28,2
LF:5
LH:5
BRF:0
BRH:0
end_of_record
TN:
SF:app\models\submissions.js
FN:3,(anonymous_0)
FN:10,(anonymous_1)
FNF:2
FNH:2
FNDA:2,(anonymous_0)
FNDA:2,(anonymous_1)
DA:2,2
DA:3,2
DA:11,2
DA:16,2
DA:21,2
DA:27,2
DA:32,2
DA:37,2
DA:42,2
DA:47,2
DA:52,2
DA:57,2
DA:63,2
DA:79,2
LF:14
LH:14
BRF:0
BRH:0
end_of_record
TN:
SF:app\models\submissionterms.js
FN:3,(anonymous_0)
FN:10,(anonymous_1)
FNF:2
FNH:2
FNDA:2,(anonymous_0)
FNDA:2,(anonymous_1)
DA:2,2
DA:3,2
DA:11,2
DA:15,2
DA:21,2
DA:31,2
LF:6
LH:6
BRF:0
BRH:0
end_of_record
TN:
SF:app\models\submissiontypes.js
FN:3,(anonymous_0)
FN:10,(anonymous_1)
FNF:2
FNH:2
FNDA:2,(anonymous_0)
FNDA:2,(anonymous_1)
DA:2,2
DA:3,2
DA:11,2
DA:17,2
DA:27,2
LF:5
LH:5
BRF:0
BRH:0
end_of_record
TN:
SF:app\models\subtypecreations.js
FN:3,(anonymous_0)
FN:10,(anonymous_1)
FNF:2
FNH:2
FNDA:2,(anonymous_0)
FNDA:2,(anonymous_1)
DA:2,2
DA:3,2
DA:11,2
DA:17,2
DA:27,2
LF:5
LH:5
BRF:0
BRH:0
end_of_record
TN:
SF:app\models\subtypedesigns.js
FN:3,(anonymous_0)
FN:10,(anonymous_1)
FNF:2
FNH:2
FNDA:2,(anonymous_0)
FNDA:2,(anonymous_1)
DA:2,2
DA:3,2
DA:11,2
DA:17,2
DA:27,2
LF:5
LH:5
BRF:0
BRH:0
end_of_record
TN:
SF:app\models\termsconditions.js
FN:3,(anonymous_0)
FN:10,(anonymous_1)
FNF:2
FNH:2
FNDA:2,(anonymous_0)
FNDA:2,(anonymous_1)
DA:2,2
DA:3,2
DA:11,2
DA:18,2
DA:27,2
LF:5
LH:5
BRF:0
BRH:0
end_of_record
TN:
SF:app\models\typecreations.js
FN:3,(anonymous_0)
FN:10,(anonymous_1)
FNF:2
FNH:2
FNDA:2,(anonymous_0)
FNDA:2,(anonymous_1)
DA:2,2
DA:3,2
DA:11,2
DA:15,2
DA:21,2
DA:30,2
LF:6
LH:6
BRF:0
BRH:0
end_of_record
TN:
SF:app\models\typedesigns.js
FN:3,(anonymous_0)
FN:10,(anonymous_1)
FNF:2
FNH:2
FNDA:2,(anonymous_0)
FNDA:2,(anonymous_1)
DA:2,2
DA:3,2
DA:11,2
DA:15,2
DA:21,2
DA:30,2
LF:6
LH:6
BRF:0
BRH:0
end_of_record
TN:
SF:app\models\users.js
FN:3,(anonymous_0)
FN:10,(anonymous_1)
FNF:2
FNH:2
FNDA:2,(anonymous_0)
FNDA:2,(anonymous_1)
DA:2,2
DA:3,2
DA:11,2
DA:15,2
DA:21,2
DA:41,2
LF:6
LH:6
BRF:0
BRH:0
end_of_record
TN:
SF:app\models\usersubmissions.js
FN:3,(anonymous_0)
FN:10,(anonymous_1)
FNF:2
FNH:2
FNDA:2,(anonymous_0)
FNDA:2,(anonymous_1)
DA:2,2
DA:3,2
DA:11,2
DA:15,2
DA:19,2
DA:23,2
DA:29,2
DA:41,2
LF:8
LH:8
BRF:0
BRH:0
end_of_record
TN:
SF:app\routes\activityLogRouter.js
FNF:0
FNH:0
DA:1,1
DA:3,1
DA:4,1
DA:5,1
DA:7,1
DA:9,1
LF:6
LH:6
BRF:0
BRH:0
end_of_record
TN:
SF:app\routes\authRouter.js
FNF:0
FNH:0
DA:1,1
DA:3,1
DA:4,1
DA:6,1
DA:7,1
DA:8,1
DA:9,1
DA:10,1
DA:11,1
DA:12,1
DA:14,1
LF:11
LH:11
BRF:0
BRH:0
end_of_record
TN:
SF:app\routes\brandRouter.js
FN:17,(anonymous_0)
FN:26,(anonymous_1)
FN:40,(anonymous_2)
FN:47,(anonymous_3)
FN:62,(anonymous_4)
FN:63,(anonymous_5)
FNF:6
FNH:0
FNDA:0,(anonymous_0)
FNDA:0,(anonymous_1)
FNDA:0,(anonymous_2)
FNDA:0,(anonymous_3)
FNDA:0,(anonymous_4)
FNDA:0,(anonymous_5)
DA:1,1
DA:3,1
DA:4,1
DA:5,1
DA:7,1
DA:8,1
DA:9,1
DA:10,1
DA:11,1
DA:12,1
DA:14,1
DA:18,0
DA:27,0
DA:28,0
DA:29,0
DA:31,0
DA:37,1
DA:41,0
DA:48,0
DA:49,0
DA:50,0
DA:52,0
DA:58,1
DA:59,1
DA:63,0
DA:64,0
DA:65,0
DA:66,0
DA:68,0
DA:74,1
LF:30
LH:15
BRDA:27,0,0,0
BRDA:27,0,1,0
BRDA:48,1,0,0
BRDA:48,1,1,0
BRDA:64,2,0,0
BRDA:64,2,1,0
BRF:6
BRH:0
end_of_record
TN:
SF:app\routes\copyrightRouter.js
FN:14,(anonymous_0)
FN:20,(anonymous_1)
FN:34,(anonymous_2)
FN:39,(anonymous_3)
FNF:4
FNH:0
FNDA:0,(anonymous_0)
FNDA:0,(anonymous_1)
FNDA:0,(anonymous_2)
FNDA:0,(anonymous_3)
DA:1,1
DA:3,1
DA:4,1
DA:5,1
DA:7,1
DA:9,1
DA:11,1
DA:15,0
DA:21,0
DA:22,0
DA:23,0
DA:25,0
DA:31,1
DA:35,0
DA:40,0
DA:41,0
DA:42,0
DA:44,0
DA:50,1
DA:52,1
DA:54,1
DA:55,1
DA:56,1
DA:58,1
DA:59,1
DA:63,1
DA:65,1
DA:67,1
DA:69,1
LF:29
LH:19
BRDA:21,0,0,0
BRDA:21,0,1,0
BRDA:40,1,0,0
BRDA:40,1,1,0
BRF:4
BRH:0
end_of_record
TN:
SF:app\routes\designIndustriRouter.js
FN:16,(anonymous_0)
FN:20,(anonymous_1)
FN:58,(anonymous_2)
FN:70,(anonymous_3)
FNF:4
FNH:0
FNDA:0,(anonymous_0)
FNDA:0,(anonymous_1)
FNDA:0,(anonymous_2)
FNDA:0,(anonymous_3)
DA:1,1
DA:3,1
DA:4,1
DA:5,1
DA:7,1
DA:8,1
DA:13,1
DA:17,0
DA:21,0
DA:22,0
DA:23,0
DA:25,0
DA:31,1
DA:32,1
DA:36,1
DA:37,1
DA:38,1
DA:42,1
DA:44,1
DA:49,1
DA:55,1
DA:59,0
DA:71,0
DA:72,0
DA:73,0
DA:75,0
DA:81,1
DA:86,1
DA:92,1
LF:29
LH:19
BRDA:21,0,0,0
BRDA:21,0,1,0
BRDA:71,1,0,0
BRDA:71,1,1,0
BRF:4
BRH:0
end_of_record
TN:
SF:app\routes\documentRouter.js
FNF:0
FNH:0
DA:1,1
DA:3,1
DA:4,1
DA:5,1
DA:6,1
DA:8,1
DA:15,1
DA:26,1
DA:33,1
DA:44,1
DA:46,1
DA:48,1
DA:50,1
DA:52,1
DA:54,1
DA:61,1
DA:68,1
LF:17
LH:17
BRF:0
BRH:0
end_of_record
TN:
SF:app\routes\faqRouter.js
FNF:0
FNH:0
DA:1,1
DA:3,1
DA:4,1
DA:5,1
DA:7,1
DA:14,1
DA:21,1
DA:23,1
DA:25,1
DA:27,1
DA:29,1
DA:31,1
DA:38,1
DA:45,1
DA:52,1
DA:59,1
LF:16
LH:16
BRF:0
BRH:0
end_of_record
TN:
SF:app\routes\helpCenterRouter.js
FNF:0
FNH:0
DA:1,1
DA:3,1
DA:4,1
DA:5,1
DA:7,1
DA:14,1
DA:15,1
DA:16,1
DA:17,1
DA:19,1
LF:10
LH:10
BRF:0
BRH:0
end_of_record
TN:
SF:app\routes\index.js
FNF:0
FNH:0
DA:1,1
DA:2,1
DA:4,1
DA:5,1
DA:6,1
DA:7,1
DA:8,1
DA:9,1
DA:10,1
DA:11,1
DA:12,1
DA:13,1
DA:14,1
DA:15,1
DA:16,1
DA:17,1
DA:18,1
DA:19,1
DA:21,1
DA:22,1
DA:23,1
DA:24,1
DA:25,1
DA:26,1
DA:27,1
DA:28,1
DA:29,1
DA:30,1
DA:31,1
DA:32,1
DA:33,1
DA:34,1
DA:35,1
DA:36,1
DA:38,1
LF:35
LH:35
BRF:0
BRH:0
end_of_record
TN:
SF:app\routes\notificationRouter.js
FNF:0
FNH:0
DA:1,1
DA:3,1
DA:4,1
DA:6,1
DA:8,1
DA:10,1
DA:12,1
DA:14,1
LF:8
LH:8
BRF:0
BRH:0
end_of_record
TN:
SF:app\routes\patentRouter.js
FN:10,(anonymous_0)
FN:14,(anonymous_1)
FN:30,(anonymous_2)
FN:40,(anonymous_3)
FNF:4
FNH:0
FNDA:0,(anonymous_0)
FNDA:0,(anonymous_1)
FNDA:0,(anonymous_2)
FNDA:0,(anonymous_3)
DA:1,1
DA:3,1
DA:4,1
DA:5,1
DA:7,1
DA:11,0
DA:15,0
DA:16,0
DA:17,0
DA:19,0
DA:25,1
DA:27,1
DA:31,0
DA:41,0
DA:42,0
DA:43,0
DA:45,0
DA:51,1
DA:53,1
DA:55,1
DA:57,1
DA:59,1
DA:61,1
LF:23
LH:13
BRDA:15,0,0,0
BRDA:15,0,1,0
BRDA:41,1,0,0
BRDA:41,1,1,0
BRF:4
BRH:0
end_of_record
TN:
SF:app\routes\paymentRouter.js
FNF:0
FNH:0
DA:1,1
DA:3,1
DA:4,1
DA:5,1
DA:7,1
DA:9,1
DA:11,1
DA:13,1
DA:20,1
LF:9
LH:9
BRF:0
BRH:0
end_of_record
TN:
SF:app\routes\periodRouter.js
FNF:0
FNH:0
DA:1,1
DA:3,1
DA:4,1
DA:5,1
DA:7,1
DA:14,1
DA:21,1
DA:23,1
DA:25,1
DA:27,1
DA:29,1
DA:31,1
DA:32,1
DA:34,1
DA:36,1
DA:38,1
DA:40,1
DA:47,1
DA:54,1
DA:61,1
DA:68,1
DA:75,1
LF:22
LH:22
BRF:0
BRH:0
end_of_record
TN:
SF:app\routes\submissionRouter.js
FN:14,(anonymous_0)
FN:15,(anonymous_1)
FN:28,(anonymous_2)
FN:32,(anonymous_3)
FN:45,(anonymous_4)
FN:49,(anonymous_5)
FNF:6
FNH:0
FNDA:0,(anonymous_0)
FNDA:0,(anonymous_1)
FNDA:0,(anonymous_2)
FNDA:0,(anonymous_3)
FNDA:0,(anonymous_4)
FNDA:0,(anonymous_5)
DA:1,1
DA:3,1
DA:4,1
DA:5,1
DA:6,1
DA:8,1
DA:9,1
DA:10,1
DA:11,1
DA:15,0
DA:16,0
DA:17,0
DA:18,0
DA:20,0
DA:25,1
DA:29,0
DA:33,0
DA:34,0
DA:35,0
DA:37,0
DA:42,1
DA:46,0
DA:50,0
DA:51,0
DA:52,0
DA:54,0
DA:59,1
DA:60,1
DA:61,1
DA:63,1
LF:30
LH:15
BRDA:16,0,0,0
BRDA:16,0,1,0
BRDA:33,1,0,0
BRDA:33,1,1,0
BRDA:50,2,0,0
BRDA:50,2,1,0
BRF:6
BRH:0
end_of_record
TN:
SF:app\routes\termsConditionRouter.js
FNF:0
FNH:0
DA:1,1
DA:3,1
DA:4,1
DA:5,1
DA:7,1
DA:14,1
DA:21,1
DA:23,1
DA:25,1
DA:27,1
DA:34,1
LF:11
LH:11
BRF:0
BRH:0
end_of_record
TN:
SF:app\routes\userRouter.js
FNF:0
FNH:0
DA:1,1
DA:3,1
DA:4,1
DA:5,1
DA:6,1
DA:7,1
DA:9,1
DA:17,1
DA:24,1
DA:26,1
DA:28,1
DA:30,1
DA:37,1
LF:13
LH:13
BRF:0
BRH:0
end_of_record
TN:
SF:app\routes\userSubmissionRouter.js
FNF:0
FNH:0
DA:1,1
DA:3,1
DA:4,1
DA:5,1
DA:7,1
DA:13,1
DA:20,1
DA:26,1
DA:32,1
DA:34,1
DA:36,1
DA:38,1
DA:40,1
DA:42,1
DA:48,1
DA:50,1
DA:52,1
DA:54,1
LF:18
LH:18
BRF:0
BRH:0
end_of_record
TN:
SF:emails\services\sendMail.js
FN:3,(anonymous_0)
FNF:1
FNH:1
FNDA:1,(anonymous_0)
DA:1,1
DA:3,1
DA:4,1
DA:14,1
DA:21,1
DA:24,1
LF:6
LH:6
BRF:0
BRH:0
end_of_record
TN:
SF:emails\templates\PaymentConfirmationMail.js
FN:1,(anonymous_0)
FNF:1
FNH:0
FNDA:0,(anonymous_0)
DA:1,1
DA:2,0
DA:54,1
LF:3
LH:2
BRF:0
BRH:0
end_of_record
TN:
SF:emails\templates\brandSubmissionMail.js
FN:1,(anonymous_0)
FNF:1
FNH:0
FNDA:0,(anonymous_0)
DA:1,1
DA:2,0
DA:4,0
DA:5,0
DA:9,0
DA:59,1
LF:6
LH:2
BRDA:1,0,0,0
BRDA:4,1,0,0
BRDA:4,1,1,0
BRDA:5,2,0,0
BRDA:5,2,1,0
BRF:5
BRH:0
end_of_record
TN:
SF:emails\templates\copyrightSubmissionMail.js
FN:1,(anonymous_0)
FNF:1
FNH:0
FNDA:0,(anonymous_0)
DA:1,1
DA:7,0
DA:9,0
DA:12,0
DA:16,0
DA:67,1
LF:6
LH:2
BRDA:5,0,0,0
BRDA:9,1,0,0
BRDA:9,1,1,0
BRDA:12,2,0,0
BRDA:12,2,1,0
BRF:5
BRH:0
end_of_record
TN:
SF:emails\templates\helpCenterMailAdmin.js
FN:1,(anonymous_0)
FNF:1
FNH:0
FNDA:0,(anonymous_0)
DA:1,1
DA:2,0
DA:67,1
LF:3
LH:2
BRF:0
BRH:0
end_of_record
TN:
SF:emails\templates\helpCenterMailUser.js
FN:1,(anonymous_0)
FNF:1
FNH:0
FNDA:0,(anonymous_0)
DA:1,1
DA:2,0
DA:64,1
LF:3
LH:2
BRF:0
BRH:0
end_of_record
TN:
SF:emails\templates\industrialDesignSubmissionMail.js
FN:1,(anonymous_0)
FNF:1
FNH:0
FNDA:0,(anonymous_0)
DA:1,1
DA:6,0
DA:8,0
DA:12,0
DA:16,0
DA:66,1
LF:6
LH:2
BRDA:4,0,0,0
BRDA:8,1,0,0
BRDA:8,1,1,0
BRDA:12,2,0,0
BRDA:12,2,1,0
BRF:5
BRH:0
end_of_record
TN:
SF:emails\templates\patentSubmissionMail.js
FN:1,(anonymous_0)
FNF:1
FNH:0
FNDA:0,(anonymous_0)
DA:1,1
DA:2,0
DA:4,0
DA:6,0
DA:10,0
DA:60,1
LF:6
LH:2
BRDA:1,0,0,0
BRDA:4,1,0,0
BRDA:4,1,1,0
BRDA:6,2,0,0
BRDA:6,2,1,0
BRF:5
BRH:0
end_of_record
TN:
SF:emails\templates\progressSubmissionMail.js
FN:1,(anonymous_0)
FNF:1
FNH:0
FNDA:0,(anonymous_0)
DA:1,1
DA:2,0
DA:72,1
LF:3
LH:2
BRF:0
BRH:0
end_of_record
TN:
SF:emails\templates\resetPasswordMail.js
FN:1,(anonymous_0)
FNF:1
FNH:0
FNDA:0,(anonymous_0)
DA:1,1
DA:2,0
DA:67,1
LF:3
LH:2
BRF:0
BRH:0
end_of_record
TN:
SF:emails\templates\statusSubmissionMail.js
FN:1,(anonymous_0)
FNF:1
FNH:0
FNDA:0,(anonymous_0)
DA:1,1
DA:2,0
DA:72,1
LF:3
LH:2
BRF:0
BRH:0
end_of_record
TN:
SF:emails\templates\verificationMail.js
FN:1,(anonymous_0)
FNF:1
FNH:1
FNDA:1,(anonymous_0)
DA:1,1
DA:2,1
DA:66,1
LF:3
LH:3
BRF:0
BRH:0
end_of_record
TN:
SF:utils\apiError.js
FN:2,(anonymous_0)
FNF:1
FNH:1
FNDA:1,(anonymous_0)
DA:3,1
DA:5,1
DA:6,1
DA:8,1
DA:12,1
LF:5
LH:5
BRDA:6,0,0,1
BRDA:6,0,1,0
BRF:2
BRH:1
end_of_record
TN:
SF:utils\profanityFilter.js
FN:7,(anonymous_0)
FN:10,(anonymous_1)
FN:26,(anonymous_2)
FN:30,(anonymous_3)
FN:42,(anonymous_4)
FN:46,(anonymous_5)
FN:51,(anonymous_6)
FN:60,(anonymous_7)
FN:72,(anonymous_8)
FN:74,(anonymous_9)
FNF:10
FNH:10
FNDA:1,(anonymous_0)
FNDA:132,(anonymous_1)
FNDA:132,(anonymous_2)
FNDA:22,(anonymous_3)
FNDA:196,(anonymous_4)
FNDA:22,(anonymous_5)
FNDA:16,(anonymous_6)
FNDA:1,(anonymous_7)
FNDA:15,(anonymous_8)
FNDA:1980,(anonymous_9)
DA:1,1
DA:2,1
DA:3,1
DA:5,1
DA:7,1
DA:8,1
DA:9,1
DA:10,132
DA:12,0
DA:13,0
DA:17,1
DA:19,1
DA:25,1
DA:26,132
DA:30,1
DA:31,22
DA:40,22
DA:42,196
DA:46,1
DA:47,22
DA:48,22
DA:51,1
DA:52,16
DA:53,16
DA:54,22
DA:57,22
DA:59,22
DA:60,22
DA:62,22
DA:63,1
DA:66,1
DA:69,15
DA:72,1
DA:73,15
DA:74,15
DA:75,1980
DA:76,1980
DA:77,1980
DA:79,15
DA:82,1
LF:40
LH:38
BRDA:42,0,0,196
BRDA:42,0,1,180
BRDA:57,1,0,0
BRDA:57,1,1,22
BRDA:62,2,0,1
BRDA:62,2,1,21
BRF:6
BRH:5
end_of_record
